Log file open, 03/30/17 09:50:58
LogInit:Display: Running engine for game: VR4
LogPlatformFile: Not using cached read wrapper
LogInit:Display: RandInit(1679668584) SRandInit(1679668584).
LogTaskGraph: Started task graph with 5 named threads and 8 total threads with 1 sets of task threads.
LogStats: Stats thread started at 0.146593
LogInit: Using libcurl 7.47.1
LogInit:  - built for x86_64-pc-win32
LogInit:  - supports SSL with OpenSSL/1.0.2g
LogInit:  - supports HTTP deflate (compression) using libz 1.2.8
LogInit:  - other features:
LogInit:      CURL_VERSION_SSL
LogInit:      CURL_VERSION_LIBZ
LogInit:      CURL_VERSION_IPV6
LogInit:      CURL_VERSION_ASYNCHDNS
LogInit:      CURL_VERSION_LARGEFILE
LogInit:      CURL_VERSION_IDN
LogInit:  CurlRequestOptions (configurable via config and command line):
LogInit:  - bVerifyPeer = false  - Libcurl will NOT verify peer certificate
LogInit:  - bUseHttpProxy = false  - Libcurl will NOT use HTTP proxy
LogInit:  - bDontReuseConnections = false  - Libcurl will reuse connections
LogInit:  - CertBundlePath = nullptr  - Libcurl will use whatever was configured at build time.
OCULUS: Info: [CAPI] LibOVR module is located at C:\Program Files\Oculus\Support\oculus-runtime\LibOVRRT64_1.dll
OCULUS: Debug: Connected to the server running version (prod = 1).1.13.0(build = 361842) feature version = 0. Client runs version (prod = 1).1.13.0(build = 361842) feature version = 0
OCULUS: Debug: [HMDState] Using default profile default
OCULUS: Info: IAD changed to 66.6mm
OCULUS: Debug: Creating factory
LogInit: Build: ++UE4+Release-4.15-CL-3299760
LogInit: Engine Version: 4.15.0-3299760+++UE4+Release-4.15
LogInit: Compatible Engine Version: 4.15.0-3299760+++UE4+Release-4.15
LogInit: Net CL: 3299760
LogDevObjectVersion: Number of dev versions registered: 14
LogDevObjectVersion:   Dev-Blueprints (B0D832E4-1F89-4F0D-ACCF-7EB736FD4AA2): 8
LogDevObjectVersion:   Dev-Build (E1C64328-A22C-4D53-A36C-8E866417BD8C): 0
LogDevObjectVersion:   Dev-Core (375EC13C-06E4-48FB-B500-84F0262A717E): 2
LogDevObjectVersion:   Dev-Editor (E4B068ED-F494-42E9-A231-DA0B2E46BB41): 14
LogDevObjectVersion:   Dev-Framework (CFFC743F-43B0-4480-9391-14DF171D2073): 22
LogDevObjectVersion:   Dev-Mobile (B02B49B5-BB20-44E9-A304-32B752E40360): 0
LogDevObjectVersion:   Dev-Networking (A4E4105C-59A1-49B5-A7C5-40C4547EDFEE): 0
LogDevObjectVersion:   Dev-Online (39C831C9-5AE6-47DC-9A44-9C173E1C8E7C): 0
LogDevObjectVersion:   Dev-Physics (78F01B33-EBEA-4F98-B9B4-84EACCB95AA2): 0
LogDevObjectVersion:   Dev-Platform (6631380F-2D4D-43E0-8009-CF276956A95A): 0
LogDevObjectVersion:   Dev-Rendering (12F88B9F-8875-4AFC-A67C-D90C383ABD29): 12
LogDevObjectVersion:   Dev-Sequencer (7B5AE74C-D270-4C10-A958-57980B212A5A): 3
LogDevObjectVersion:   Dev-VR (D7296918-1DD6-4BDD-9DE2-64A83CC13884): 0
LogDevObjectVersion:   Dev-LoadTimes (C2A15278-BFE7-4AFE-6C17-90FF531DF755): 1
LogInit: Compiled (64-bit): Feb 14 2017 02:04:14
LogInit: Compiled with Visual C++: 19.00.23026.00
LogInit: Build Configuration: Development
LogInit: Branch Name: ++UE4+Release-4.15
LogInit: Command line:  
LogInit: Base directory: D:/Game Development/Unreal Engine/UE_4.15/Engine/Binaries/Win64/
LogInit: Installed Engine Build: 1
LogInit: Presizing for max 8388607 objects, including 0 objects not considered by GC, pre-allocating 0 bytes for permanent pool.
LogInit: Object subsystem initialized
[2017.03.30-07.50.59:925][  0]LogConsoleManager:Display: Setting the console variable 'r.RHICmdBypass' with 'SetByProjectSetting' was ignored as it is lower priority than the previous 'SetBySystemSettingsIni'. Value remains '1'
[2017.03.30-07.51.00:000][  0]LogInit: Selected Device Profile: [Windows]
[2017.03.30-07.51.00:000][  0]LogInit: Applying CVar settings loaded from the selected device profile: [Windows]
[2017.03.30-07.51.00:190][  0]LogInit: Computer: JESSE-MSI
[2017.03.30-07.51.00:190][  0]LogInit: User: Thovex
[2017.03.30-07.51.00:190][  0]LogInit: CPU Page size=65536, Cores=4
[2017.03.30-07.51.00:190][  0]LogInit: High frequency timer resolution =2.742191 MHz
[2017.03.30-07.51.00:209][  0]LogMemory: Memory total: Physical=16.0GB (16GB approx)
[2017.03.30-07.51.00:209][  0]LogMemory: Platform Memory Stats for Windows
[2017.03.30-07.51.00:209][  0]LogMemory: Process Physical Memory: 268.80 MB used, 268.80 MB peak
[2017.03.30-07.51.00:209][  0]LogMemory: Process Virtual Memory: 265.84 MB used, 265.84 MB peak
[2017.03.30-07.51.00:209][  0]LogMemory: Physical Memory: 4865.17 MB used,  11476.24 MB free, 16341.41 MB total
[2017.03.30-07.51.00:209][  0]LogMemory: Virtual Memory: 681.75 MB used,  11476.24 MB free, 134217728.00 MB total
[2017.03.30-07.51.01:711][  0]LogTextLocalizationManager: No specific translations for ('en-US') exist, so ('en') translations will be used.
[2017.03.30-07.51.05:430][  0]LogD3D11RHI: D3D11 adapters:
[2017.03.30-07.51.06:052][  0]LogD3D11RHI:    0. 'NVIDIA GeForce GTX 1070' (Feature Level 11_0)
[2017.03.30-07.51.06:052][  0]LogD3D11RHI:       8113/0/8170 MB DedicatedVideo/DedicatedSystem/SharedSystem, Outputs:1, VendorId:0x10de
[2017.03.30-07.51.06:053][  0]LogD3D11RHI:    1. 'Microsoft Basic Render Driver' (Feature Level 11_0)
[2017.03.30-07.51.06:053][  0]LogD3D11RHI:       0/0/8170 MB DedicatedVideo/DedicatedSystem/SharedSystem, Outputs:0, VendorId:0x1414
[2017.03.30-07.51.06:053][  0]LogD3D11RHI: Chosen D3D11 Adapter: 0
[2017.03.30-07.51.06:068][  0]LogD3D11RHI: Creating new Direct3DDevice
[2017.03.30-07.51.06:068][  0]LogD3D11RHI:     GPU DeviceId: 0x1be1 (for the marketing name, search the web for "GPU Device Id")
[2017.03.30-07.51.06:068][  0]LogWindows: EnumDisplayDevices:
[2017.03.30-07.51.06:069][  0]LogWindows:    0. 'NVIDIA GeForce GTX 1070' (P:1 D:1)
[2017.03.30-07.51.06:069][  0]LogWindows:    1. 'NVIDIA GeForce GTX 1070' (P:0 D:0)
[2017.03.30-07.51.06:069][  0]LogWindows:    2. 'NVIDIA GeForce GTX 1070' (P:0 D:0)
[2017.03.30-07.51.06:069][  0]LogWindows:    3. 'NVIDIA GeForce GTX 1070' (P:0 D:0)
[2017.03.30-07.51.06:070][  0]LogWindows: DebugString: FoundDriverCount:4 
[2017.03.30-07.51.06:070][  0]LogD3D11RHI:     Adapter Name: NVIDIA GeForce GTX 1070
[2017.03.30-07.51.06:070][  0]LogD3D11RHI:   Driver Version: 378.92 (internal:21.21.13.7892, unified:378.92)
[2017.03.30-07.51.06:070][  0]LogD3D11RHI:      Driver Date: 3-16-2017
[2017.03.30-07.51.06:070][  0]LogRHI: Texture pool is 1361 MB (70% of 1945 MB)
[2017.03.30-07.51.06:598][  0]LogD3D11RHI: Async texture creation enabled
[2017.03.30-07.51.07:051][  0]LogD3D11RHI: GPU Timing Frequency: 1000.000000 (Debug: 2 1)
[2017.03.30-07.51.07:183][  0]LogShaderCompilers: Guid format shader working directory is -8 characters bigger than the processId version (../../../../../../Downloads/VR4NewScene/VR4NewScene/VR4/Intermediate/Shaders/WorkingDirectory/9992/).
[2017.03.30-07.51.07:183][  0]LogShaderCompilers: Cleaned the shader compiler working directory 'C:/Users/Thovex/AppData/Local/Temp/UnrealShaderWorkingDir/5E5788B9477328FCA5B366BD0F66C7D3/'.
[2017.03.30-07.51.07:190][  0]LogShaderCompilers:Display: Using Local Shader Compiler.
[2017.03.30-07.51.11:814][  0]LogTemp:Display: Loaded TP AllDesktopTargetPlatform
[2017.03.30-07.51.11:929][  0]LogTemp:Display: Loaded TP MacClientTargetPlatform
[2017.03.30-07.51.11:976][  0]LogTemp:Display: Loaded TP MacNoEditorTargetPlatform
[2017.03.30-07.51.12:019][  0]LogTemp:Display: Loaded TP MacServerTargetPlatform
[2017.03.30-07.51.12:118][  0]LogTemp:Display: Loaded TP MacTargetPlatform
[2017.03.30-07.51.12:184][  0]LogTemp:Display: Loaded TP WindowsClientTargetPlatform
[2017.03.30-07.51.12:228][  0]LogTemp:Display: Loaded TP WindowsNoEditorTargetPlatform
[2017.03.30-07.51.12:270][  0]LogTemp:Display: Loaded TP WindowsServerTargetPlatform
[2017.03.30-07.51.12:322][  0]LogTemp:Display: Loaded TP WindowsTargetPlatform
[2017.03.30-07.51.12:393][  0]LogTemp:Display: Loaded TP AndroidTargetPlatform
[2017.03.30-07.51.12:467][  0]LogTemp:Display: Loaded TP Android_ASTCTargetPlatform
[2017.03.30-07.51.12:513][  0]LogTemp:Display: Loaded TP Android_ATCTargetPlatform
[2017.03.30-07.51.12:555][  0]LogTemp:Display: Loaded TP Android_DXTTargetPlatform
[2017.03.30-07.51.12:598][  0]LogTemp:Display: Loaded TP Android_ETC1TargetPlatform
[2017.03.30-07.51.12:641][  0]LogTemp:Display: Loaded TP Android_ETC2TargetPlatform
[2017.03.30-07.51.12:769][  0]LogTemp:Display: Loaded TP Android_MultiTargetPlatform
[2017.03.30-07.51.12:769][  0]LogTemp:Display: Loaded TP Android_PVRTCTargetPlatform
[2017.03.30-07.51.12:797][  0]LogTemp:Display: Loaded TP HTML5TargetPlatform
[2017.03.30-07.51.13:085][  0]LogTemp:Display: Loaded TP IOSTargetPlatform
[2017.03.30-07.51.13:137][  0]LogTemp:Display: Loaded TP TVOSTargetPlatform
[2017.03.30-07.51.13:181][  0]LogTemp:Display: Loaded TP LinuxClientTargetPlatform
[2017.03.30-07.51.13:223][  0]LogTemp:Display: Loaded TP LinuxNoEditorTargetPlatform
[2017.03.30-07.51.13:265][  0]LogTemp:Display: Loaded TP LinuxServerTargetPlatform
[2017.03.30-07.51.13:335][  0]LogTemp:Display: Loaded TP LinuxTargetPlatform
[2017.03.30-07.51.13:335][  0]LogTargetPlatformManager:Display: Building Assets For Windows
[2017.03.30-07.51.14:947][  0]LogDerivedDataCache:Display: Max Cache Size: 512 MB
[2017.03.30-07.51.15:241][  0]LogDerivedDataCache: Loaded boot cache 0.29s 51MB C:/Users/Thovex/AppData/Local/UnrealEngine/4.15/DerivedDataCache/Boot.ddc.
[2017.03.30-07.51.15:241][  0]LogDerivedDataCache:Display: Loaded Boot cache: C:/Users/Thovex/AppData/Local/UnrealEngine/4.15/DerivedDataCache/Boot.ddc
[2017.03.30-07.51.15:241][  0]LogDerivedDataCache: FDerivedDataBackendGraph:  Pak pak cache file ../../../../../../Downloads/VR4NewScene/VR4NewScene/VR4/DerivedDataCache/DDC.ddp not found, will not use a pak cache.
[2017.03.30-07.51.15:241][  0]LogDerivedDataCache: Unable to find inner node Pak for hierarchical cache Hierarchy.
[2017.03.30-07.51.15:241][  0]LogDerivedDataCache: FDerivedDataBackendGraph:  CompressedPak pak cache file ../../../../../../Downloads/VR4NewScene/VR4NewScene/VR4/DerivedDataCache/Compressed.ddp not found, will not use a pak cache.
[2017.03.30-07.51.15:241][  0]LogDerivedDataCache: Unable to find inner node CompressedPak for hierarchical cache Hierarchy.
[2017.03.30-07.51.15:383][  0]LogDerivedDataCache:Display: Pak cache opened for reading ../../../Engine/DerivedDataCache/Compressed.ddp.
[2017.03.30-07.51.15:403][  0]LogDerivedDataCache: Using Local data cache path C:/Users/Thovex/AppData/Local/UnrealEngine/Common/DerivedDataCache: Writable
[2017.03.30-07.51.15:665][  0]LogSlate: Using Freetype 2.6.0
[2017.03.30-07.51.15:755][  0]LogSlate: SlateFontCache - WITH_FREETYPE: 1, WITH_HARFBUZZ: 1
[2017.03.30-07.51.15:755][  0]LogSlate: SlateFontCache - WITH_FREETYPE: 1, WITH_HARFBUZZ: 1
[2017.03.30-07.51.25:655][  0]LogInit: Selected Device Profile: [Windows]
[2017.03.30-07.51.25:758][  0]LogContentStreaming: Texture pool size is 0.00 MB
[2017.03.30-07.51.26:705][  0]LogMeshUtilities: Using QuadricMeshReduction for automatic static mesh reduction
[2017.03.30-07.51.26:937][  0]LogSimplygon: Simplygon DLL not present - disabling.
[2017.03.30-07.51.27:029][  0]LogMeshUtilities: Using SimplygonSwarm for distributed automatic mesh merging
[2017.03.30-07.51.27:029][  0]LogMeshUtilities: No automatic skeletal mesh reduction module available
[2017.03.30-07.51.27:029][  0]LogMeshUtilities: No automatic mesh merging module available
[2017.03.30-07.51.33:550][  0]LogNetVersion: GetLocalNetworkVersion: CL: 3299760, ProjectName: vr4, ProjectVersion: , EngineNetworkVersion: 2, GameNetworkVersion: 0, NetworkChecksum: 772521802
[2017.03.30-07.51.33:695][  0]LogAssetRegistry: FAssetRegistry took 0.0246 seconds to start up
[2017.03.30-07.51.34:091][  0]LogPackageLocalizationCache: Processed 3 localized package path(s) for 2 prioritized culture(s) in 0.280856 seconds
[2017.03.30-07.51.34:116][  0]LogUObjectArray: 32475 objects as part of root set at end of initial load.
[2017.03.30-07.51.34:116][  0]LogUObjectAllocator: 7073368 out of 0 bytes used by permanent object pool.
[2017.03.30-07.51.34:116][  0]LogUObjectArray: CloseDisregardForGC: 0/0 objects in disregard for GC pool
[2017.03.30-07.51.34:225][  0]LogInit: WinSock: version 1.1 (2.2), MaxSocks=32767, MaxUdp=65467
[2017.03.30-07.51.43:447][  0]OCULUS: Info: [HMDState] Requested to SetForegroundWindow(f0284ll)
[2017.03.30-07.51.44:046][  0]LogTcpMessaging: Initializing TcpMessaging bridge
[2017.03.30-07.51.44:098][  0]LogUdpMessaging: Initializing bridge on interface 0.0.0.0:0 to multicast group 230.0.0.1:6666.
[2017.03.30-07.51.45:824][  0]LogMaterial: Uniform references updated for custom material expression Custom.
[2017.03.30-07.51.46:989][  0]SourceControl: Info Source control is disabled
[2017.03.30-07.51.46:992][  0]SourceControl: Info Source control is disabled
[2017.03.30-07.51.47:067][  0]SourceControl: Info Source control is disabled
[2017.03.30-07.51.47:117][  0]SourceControl: Info Source control is disabled
[2017.03.30-07.51.49:685][  0]LogEngine: Initializing Engine...
[2017.03.30-07.51.49:705][  0]LogHMD: Oculus plugin initialized. Version: 4.15.0-3299760+++UE4+Release-4.15, LibOVR: 1.13.0, SDK: 1.10.0, built Feb 14 2017, 02:10:09
[2017.03.30-07.51.50:827][  0]LogAIModule: Creating AISystem for world Untitled
[2017.03.30-07.51.51:080][  0]LogInit: XAudio2 using 'Speakers (Realtek High Definition Audio)' : 8 channels at 48 kHz using 32 bits per sample (channel mask 0x63f)
[2017.03.30-07.51.51:203][  0]LogInit: FAudioDevice initialized.
[2017.03.30-07.51.51:225][  0]LogDerivedDataCache: Saved boot cache 0.02s 51MB C:/Users/Thovex/AppData/Local/UnrealEngine/4.15/DerivedDataCache/Boot.ddc.
[2017.03.30-07.51.51:231][  0]LogInit: Texture streaming: Enabled
[2017.03.30-07.51.51:380][  0]LogEngineSessionManager: EngineSessionManager initialized
[2017.03.30-07.51.51:580][  0]LogInit: Transaction tracking system initialized
[2017.03.30-07.51.52:414][  0]BlueprintLog: New page: Editor Load
[2017.03.30-07.51.54:205][  0]LocalizationService: Info Localization service is disabled
[2017.03.30-07.51.55:285][  0]LogConsoleResponse:Display: 
[2017.03.30-07.51.56:646][  0]LogFileCache: Scanning file cache for directory 'D:/Downloads/VR4NewScene/VR4NewScene/VR4/Content/' took 0.02s
[2017.03.30-07.51.56:646][  0]LogCook:Display: Max memory allowance for cook 16384mb min free memory 0mb
[2017.03.30-07.51.56:660][  0]LogCook:Display: Mobile HDR setting 1
[2017.03.30-07.51.58:384][  0]SourceControl: Info Source control is disabled
[2017.03.30-07.51.58:449][  0]Cmd: MAP LOAD FILE="../../../../../../Downloads/VR4NewScene/VR4NewScene/VR4/Content/VirtualRealityBP/Maps/StartupMap.umap" TEMPLATE=0 SHOWPROGRESS=1 FEATURELEVEL=3
[2017.03.30-07.51.58:500][  0]LightingResults: New page: Lighting Build
[2017.03.30-07.51.58:621][  0]MapCheck: New page: Map Check
[2017.03.30-07.51.58:622][  0]LightingResults: New page: Lighting Build
[2017.03.30-07.51.59:456][  0]LogAIModule: Creating AISystem for world StartupMap
[2017.03.30-07.51.59:796][  0]LogEditorServer: Finished looking for orphan Actors (0.000 secs)
[2017.03.30-07.51.59:820][  0]Cmd: MAP CHECKDEP NOCLEARLOG
[2017.03.30-07.51.59:868][  0]MapCheck: Info Map check complete: 0 Error(s), 0 Warning(s), took 48.078ms to complete.
[2017.03.30-07.51.59:868][  0]LogFileHelpers: Loading map 'StartupMap' took 1.452
[2017.03.30-07.52.01:242][  0]LogCollectionManager: Loaded 0 collections in 0.001372 seconds
[2017.03.30-07.52.01:420][  0]LogFileCache: Scanning file cache for directory 'D:/Downloads/VR4NewScene/VR4NewScene/VR4/Saved/Collections/' took 0.01s
[2017.03.30-07.52.01:420][  0]LogFileCache: Scanning file cache for directory 'D:/Downloads/VR4NewScene/VR4NewScene/VR4/Content/Developers/Thovex/Collections/' took 0.01s
[2017.03.30-07.52.01:420][  0]LogFileCache: Scanning file cache for directory 'D:/Downloads/VR4NewScene/VR4NewScene/VR4/Content/Collections/' took 0.01s
[2017.03.30-07.52.01:421][  0]LogCollectionManager: Rebuilt the GUID cache for 0 collections in 0.000003 seconds
[2017.03.30-07.52.01:455][  0]LogContentBrowser: Native class hierarchy populated in 0.0184 seconds. Added 2244 classes and 450 folders.
[2017.03.30-07.52.01:493][  0]LogStats: UGameplayTagsManager::ConstructGameplayTagTree: Construct from data asset -  0.000 s
[2017.03.30-07.52.01:493][  0]LogStats: UGameplayTagsManager::ConstructGameplayTagTree: GameplayTagTreeChangedEvent.Broadcast -  0.000 s
[2017.03.30-07.52.01:572][  0]LogContentBrowser: Native class hierarchy updated for 'WidgetCarousel' in 0.0008 seconds. Added 0 classes and 0 folders.
[2017.03.30-07.52.02:450][  0]LogContentBrowser: Native class hierarchy updated for 'AddContentDialog' in 0.0006 seconds. Added 0 classes and 0 folders.
[2017.03.30-07.52.02:547][  0]LogContentBrowser: Native class hierarchy updated for 'SceneOutliner' in 0.0006 seconds. Added 1 classes and 2 folders.
[2017.03.30-07.52.03:356][  0]LogCrashTracker: Crashtracker disabled due to settings.
[2017.03.30-07.52.04:028][  0]LogUObjectGlobals:Warning: Failed to find object 'Class None.'
[2017.03.30-07.52.04:150][  0]LogContentBrowser: Native class hierarchy updated for 'HierarchicalLODOutliner' in 0.0007 seconds. Added 1 classes and 2 folders.
[2017.03.30-07.52.04:150][  0]LogLoad: (Engine Initialization) Total time: 72.42 seconds
[2017.03.30-07.52.04:150][  0]LogLoad: (Engine Initialization) Total Blueprint compile time: 0.37 seconds
[2017.03.30-07.52.04:150][  0]LogExternalProfiler: Found external profiler: VSPerf
[2017.03.30-07.52.04:150][  0]LogExternalProfiler: Using external profiler: VSPerf
[2017.03.30-07.52.04:499][  0]LogOcInput: OculusInput pre-init called
[2017.03.30-07.52.04:512][  0]LogOcInput: OculusInput is initialized. Init status 0. Runtime version: 1.13.0
[2017.03.30-07.52.04:688][  0]LogContentStreaming: Texture pool size now 1000 MB
[2017.03.30-07.52.04:769][  0]LogSlate: Took 0.016726 seconds to synchronously load lazily loaded font '../../../Engine/Content/Slate/Fonts/Roboto-Regular.ttf' (155K)
[2017.03.30-07.52.04:799][  0]LogSlate: Took 0.011969 seconds to synchronously load lazily loaded font '../../../Engine/Content/Slate/Fonts/Roboto-Bold.ttf' (160K)
[2017.03.30-07.52.04:832][  0]LogSlate: Took 0.016753 seconds to synchronously load lazily loaded font '../../../Engine/Content/Editor/Slate/Fonts/FontAwesome.ttf' (139K)
[2017.03.30-07.52.05:244][  0]LogSlate: Took 0.017981 seconds to synchronously load lazily loaded font '../../../Engine/Content/Slate/Fonts/Roboto-Light.ttf' (159K)
[2017.03.30-07.52.05:330][  0]LogRenderer: Reallocating scene render targets to support 952x648 NumSamples 1 (Frame:2).
[2017.03.30-07.52.05:330][  0]OCULUS: Info: [HMDState] Requested to SetForegroundWindow(100284ll)
[2017.03.30-07.52.06:111][  3]LogAssetRegistry: Asset discovery search completed in 32.4387 seconds
[2017.03.30-07.52.06:123][  3]LogCollectionManager: Rebuilt the object cache for 0 collections in 0.000006 seconds (found 0 objects)
[2017.03.30-07.52.06:123][  3]LogCollectionManager: Fixed up redirectors for 0 collections in 0.011397 seconds (updated 0 objects)
[2017.03.30-07.52.12:490][ 23]OCULUS: Info: [HMDState] Requested to SetForegroundWindow(100284ll)
[2017.03.30-07.52.12:490][ 23]OCULUS: Info: [HMDState] Requested to SetForegroundWindow(100284ll)
[2017.03.30-07.52.12:776][ 24]OCULUS: Info: [HMDState] Requested to SetForegroundWindow(100284ll)
[2017.03.30-07.52.12:776][ 24]OCULUS: Info: [HMDState] Requested to SetForegroundWindow(100284ll)
[2017.03.30-07.52.26:442][ 65]OCULUS: Info: [HMDState] Requested to SetForegroundWindow(100284ll)
[2017.03.30-07.52.26:442][ 65]OCULUS: Info: [HMDState] Requested to SetForegroundWindow(100284ll)
[2017.03.30-07.52.26:778][ 66]OCULUS: Info: [HMDState] Requested to SetForegroundWindow(100284ll)
[2017.03.30-07.52.26:778][ 66]OCULUS: Info: [HMDState] Requested to SetForegroundWindow(100284ll)
[2017.03.30-07.52.26:778][ 66]OCULUS: Info: [HMDState] Requested to SetForegroundWindow(100284ll)
[2017.03.30-07.52.29:442][ 74]OCULUS: Info: [HMDState] Requested to SetForegroundWindow(100284ll)
[2017.03.30-07.54.49:109][493]OCULUS: Info: [HMDState] Requested to SetForegroundWindow(100284ll)
[2017.03.30-07.55.39:776][645]OCULUS: Info: [HMDState] Requested to SetForegroundWindow(902e2ll)
[2017.03.30-07.55.58:772][702]OCULUS: Info: [HMDState] Requested to SetForegroundWindow(100284ll)
[2017.03.30-07.56.01:199][846]OCULUS: Info: [HMDState] Requested to SetForegroundWindow(50412ll)
[2017.03.30-07.56.02:961][935]LogSlate: Took 0.000251 seconds to synchronously load lazily loaded font '../../../Engine/Content/Slate/Fonts/Roboto-Light.ttf' (159K)
[2017.03.30-07.56.03:801][935]LogSlate: Took 0.000193 seconds to synchronously load lazily loaded font '../../../Engine/Content/Slate/Fonts/Roboto-Regular.ttf' (155K)
[2017.03.30-07.56.05:341][935]LogAIModule: Creating AISystem for world MotionControllerMap
[2017.03.30-07.56.05:477][935]Cmd: MAP LOAD FILE="../../../../../../Downloads/VR4NewScene/VR4NewScene/VR4/Content/VirtualRealityBP/Maps/MotionControllerMap.umap" TEMPLATE=0 SHOWPROGRESS=1 FEATURELEVEL=3
[2017.03.30-07.56.05:477][935]LightingResults: New page: Lighting Build
[2017.03.30-07.56.05:479][935]LoadErrors: New page: Loading map: MotionControllerMap.umap
[2017.03.30-07.56.05:519][935]MapCheck: New page: Map Check
[2017.03.30-07.56.05:519][935]LightingResults: New page: Lighting Build
[2017.03.30-07.56.05:635][935]LogEditorServer: Finished looking for orphan Actors (0.000 secs)
[2017.03.30-07.56.05:691][935]Cmd: MAP CHECKDEP NOCLEARLOG
[2017.03.30-07.56.05:742][935]MapCheck: Info Map check complete: 0 Error(s), 0 Warning(s), took 50.68ms to complete.
[2017.03.30-07.56.05:742][935]LogFileHelpers: Loading map 'MotionControllerMap' took 0.265
[2017.03.30-07.56.08:893][112]LogBlueprintUserMessages: Early PlayInEditor Detection: Level '/Game/VirtualRealityBP/Maps/MotionControllerMap.MotionControllerMap:PersistentLevel' has LevelScriptBlueprint '/Game/VirtualRealityBP/Maps/MotionControllerMap.MotionControllerMap:PersistentLevel.MotionControllerMap' with GeneratedClass '/Game/VirtualRealityBP/Maps/MotionControllerMap.MotionControllerMap_C' with ClassGeneratedBy '/Game/VirtualRealityBP/Maps/MotionControllerMap.MotionControllerMap:PersistentLevel.MotionControllerMap'
[2017.03.30-07.56.08:893][112]LogPlayLevel: PlayLevel: No blueprints needed recompiling
[2017.03.30-07.56.08:942][112]OCULUS: Debug: [HMDState] Using default profile default
[2017.03.30-07.56.08:942][112]OCULUS: Info: IAD changed to 66.6mm
[2017.03.30-07.56.08:942][112]OCULUS: Info: [HMDState] Requested to SetForegroundWindow(502cell)
[2017.03.30-07.56.08:942][112]OCULUS: Info: [HMDState] Requested to SetForegroundWindow(502cell)
[2017.03.30-07.56.08:942][112]LogHMD: New ovr session is created
[2017.03.30-07.56.08:942][112]LogHMD: HMD Oculus Rift CV1, res = 2160 x 1200
[2017.03.30-07.56.08:963][112]PIE: New page: PIE session: MotionControllerMap (Mar 30, 2017, 11:56:08 AM)
[2017.03.30-07.56.08:975][112]LogPlayLevel: Creating play world package: /Game/VirtualRealityBP/Maps/UEDPIE_0_MotionControllerMap
[2017.03.30-07.56.09:002][112]LogPlayLevel: PIE: StaticDuplicateObject took: (0.026222s)
[2017.03.30-07.56.09:002][112]LogAIModule: Creating AISystem for world MotionControllerMap
[2017.03.30-07.56.09:002][112]LogPlayLevel: PIE: World Init took: (0.000647s)
[2017.03.30-07.56.09:003][112]LogPlayLevel: PIE: Created PIE world by copying editor world from /Game/VirtualRealityBP/Maps/MotionControllerMap.MotionControllerMap to /Game/VirtualRealityBP/Maps/UEDPIE_0_MotionControllerMap.MotionControllerMap (0.038888s)
[2017.03.30-07.56.09:074][112]LogInit: XAudio2 using 'Headphones (2- Rift Audio)' : 2 channels at 48 kHz using 16 bits per sample (channel mask 0x3)
[2017.03.30-07.56.09:088][112]LogInit: FAudioDevice initialized.
[2017.03.30-07.56.09:206][112]LogUObjectGlobals:Warning: Failed to find object 'Class None.'
[2017.03.30-07.56.09:206][112]LogLoad: Game class is 'GameModeBase'
[2017.03.30-07.56.09:249][112]LogWorld: Bringing World /Game/VirtualRealityBP/Maps/UEDPIE_0_MotionControllerMap.MotionControllerMap up for play (max tick rate 0) at 2017.03.30-09.56.09
[2017.03.30-07.56.09:332][112]LogWorld: Bringing up level for play took: 0.084234
[2017.03.30-07.56.09:409][112]LogContentBrowser: Native class hierarchy updated for 'MovieSceneCapture' in 0.0008 seconds. Added 11 classes and 0 folders.
[2017.03.30-07.56.09:477][112]PIE: Info Play in editor start time for /Game/VirtualRealityBP/Maps/UEDPIE_0_MotionControllerMap 0.009
[2017.03.30-07.56.09:480][112]LogBlueprintUserMessages: Late PlayInEditor Detection: Level '/Game/VirtualRealityBP/Maps/MotionControllerMap.MotionControllerMap:PersistentLevel' has LevelScriptBlueprint '/Game/VirtualRealityBP/Maps/MotionControllerMap.MotionControllerMap:PersistentLevel.MotionControllerMap' with GeneratedClass '/Game/VirtualRealityBP/Maps/MotionControllerMap.MotionControllerMap_C' with ClassGeneratedBy '/Game/VirtualRealityBP/Maps/MotionControllerMap.MotionControllerMap:PersistentLevel.MotionControllerMap'
[2017.03.30-07.56.09:559][112]LogBlueprintUserMessages: Early EndPlayMap Detection: Level '/Game/VirtualRealityBP/Maps/MotionControllerMap.MotionControllerMap:PersistentLevel' has LevelScriptBlueprint '/Game/VirtualRealityBP/Maps/MotionControllerMap.MotionControllerMap:PersistentLevel.MotionControllerMap' with GeneratedClass '/Game/VirtualRealityBP/Maps/MotionControllerMap.MotionControllerMap_C' with ClassGeneratedBy '/Game/VirtualRealityBP/Maps/MotionControllerMap.MotionControllerMap:PersistentLevel.MotionControllerMap'
[2017.03.30-07.56.09:559][112]LogHMD: Destroying ovr session
[2017.03.30-07.56.09:561][112]OCULUS: Info: [HMDState] Requested to SetForegroundWindow(502cell)
[2017.03.30-07.56.09:594][112]LogBlueprintUserMessages: Late EndPlayMap Detection: Level '/Game/VirtualRealityBP/Maps/MotionControllerMap.MotionControllerMap:PersistentLevel' has LevelScriptBlueprint '/Game/VirtualRealityBP/Maps/MotionControllerMap.MotionControllerMap:PersistentLevel.MotionControllerMap' with GeneratedClass '/Game/VirtualRealityBP/Maps/MotionControllerMap.MotionControllerMap_C' with ClassGeneratedBy '/Game/VirtualRealityBP/Maps/MotionControllerMap.MotionControllerMap:PersistentLevel.MotionControllerMap'
[2017.03.30-07.56.11:166][205]LogTemp: Repeting last play command: VR Preview
[2017.03.30-07.56.11:219][205]LogBlueprintUserMessages: Early PlayInEditor Detection: Level '/Game/VirtualRealityBP/Maps/MotionControllerMap.MotionControllerMap:PersistentLevel' has LevelScriptBlueprint '/Game/VirtualRealityBP/Maps/MotionControllerMap.MotionControllerMap:PersistentLevel.MotionControllerMap' with GeneratedClass '/Game/VirtualRealityBP/Maps/MotionControllerMap.MotionControllerMap_C' with ClassGeneratedBy '/Game/VirtualRealityBP/Maps/MotionControllerMap.MotionControllerMap:PersistentLevel.MotionControllerMap'
[2017.03.30-07.56.11:219][205]LogPlayLevel: PlayLevel: No blueprints needed recompiling
[2017.03.30-07.56.11:222][205]OCULUS: Debug: [HMDState] Using default profile default
[2017.03.30-07.56.11:222][205]OCULUS: Info: IAD changed to 66.6mm
[2017.03.30-07.56.11:222][205]OCULUS: Info: [HMDState] Requested to SetForegroundWindow(50412ll)
[2017.03.30-07.56.11:222][205]OCULUS: Info: [HMDState] Requested to SetForegroundWindow(50412ll)
[2017.03.30-07.56.11:222][205]LogHMD: New ovr session is created
[2017.03.30-07.56.11:222][205]LogHMD: HMD Oculus Rift CV1, res = 2160 x 1200
[2017.03.30-07.56.11:223][205]PIE: New page: PIE session: MotionControllerMap (Mar 30, 2017, 11:56:11 AM)
[2017.03.30-07.56.11:223][205]LogPlayLevel: Creating play world package: /Game/VirtualRealityBP/Maps/UEDPIE_0_MotionControllerMap
[2017.03.30-07.56.11:229][205]LogPlayLevel: PIE: StaticDuplicateObject took: (0.006538s)
[2017.03.30-07.56.11:230][205]LogAIModule: Creating AISystem for world MotionControllerMap
[2017.03.30-07.56.11:230][205]LogPlayLevel: PIE: World Init took: (0.000624s)
[2017.03.30-07.56.11:230][205]LogPlayLevel: PIE: Created PIE world by copying editor world from /Game/VirtualRealityBP/Maps/MotionControllerMap.MotionControllerMap to /Game/VirtualRealityBP/Maps/UEDPIE_0_MotionControllerMap.MotionControllerMap (0.007388s)
[2017.03.30-07.56.11:289][205]LogInit: XAudio2 using 'Headphones (2- Rift Audio)' : 2 channels at 48 kHz using 16 bits per sample (channel mask 0x3)
[2017.03.30-07.56.11:301][205]LogInit: FAudioDevice initialized.
[2017.03.30-07.56.11:347][205]LogHMD: Reallocation of eye buffer was requested
[2017.03.30-07.56.11:349][205]LogHMD: Allocated a new swap texture set (size 2720 x 1600, mipcount = 1), 0x00000231AA2C4880
[2017.03.30-07.56.11:394][205]LogUObjectGlobals:Warning: Failed to find object 'Class None.'
[2017.03.30-07.56.11:394][205]LogLoad: Game class is 'GameModeBase'
[2017.03.30-07.56.11:396][205]LogWorld: Bringing World /Game/VirtualRealityBP/Maps/UEDPIE_0_MotionControllerMap.MotionControllerMap up for play (max tick rate 0) at 2017.03.30-09.56.11
[2017.03.30-07.56.11:396][205]LogWorld: Bringing up level for play took: 0.001296
[2017.03.30-07.56.11:398][205]LogUnrealMath:Error: FMatrix::InverseFast(), trying to invert a NIL matrix, this results in NaNs! Use Inverse() instead.
[2017.03.30-07.56.11:398][205]LogOutputDevice:Warning: 

Script Stack:
BP_MotionController_C.SetupRoomScaleOutline
BP_MotionController_C.ExecuteUbergraph_BP_MotionController
BP_MotionController_C.ReceiveBeginPlay
MotionControllerPawn_C.ExecuteUbergraph_MotionControllerPawn
MotionControllerPawn_C.ReceiveBeginPlay

[2017.03.30-07.56.11:550][205]LogStats: FPlatformStackWalk::StackWalkAndDump -  0.141 s
[2017.03.30-07.56.11:550][205]LogOutputDevice:Error: === Handled ensure: ===
[2017.03.30-07.56.11:550][205]LogOutputDevice:Error: 
[2017.03.30-07.56.11:550][205]LogOutputDevice:Error: Ensure condition failed: false [File:D:\Build\++UE4+Release-4.15+Compile\Sync\Engine\Source\Runtime\Core\Private\Math\Matrix.cpp] [Line: 8]
[2017.03.30-07.56.11:550][205]LogOutputDevice:Error: FMatrix::InverseFast(), trying to invert a NIL matrix, this results in NaNs! Use Inverse() instead.
[2017.03.30-07.56.11:550][205]LogOutputDevice:Error: Stack: 
[2017.03.30-07.56.11:550][205]LogOutputDevice:Error: UE4Editor-Core.dll!0x00000000C17B95D6
[2017.03.30-07.56.11:550][205]LogOutputDevice:Error: UE4Editor-Core.dll!0x00000000C1569B72
[2017.03.30-07.56.11:550][205]LogOutputDevice:Error: UE4Editor-Core.dll!0x00000000C157B656
[2017.03.30-07.56.11:550][205]LogOutputDevice:Error: UE4Editor-Core.dll!0x00000000C15123F1
[2017.03.30-07.56.11:550][205]LogOutputDevice:Error: UE4Editor-Engine.dll!0x00000000C1DA4FBB
[2017.03.30-07.56.11:550][205]LogOutputDevice:Error: UE4Editor-Engine.dll!0x00000000C26B9606
[2017.03.30-07.56.11:550][205]LogOutputDevice:Error: UE4Editor-Engine.dll!0x00000000C26EFCF4
[2017.03.30-07.56.11:550][205]LogOutputDevice:Error: UE4Editor-CoreUObject.dll!0x00000000C6244C1A
[2017.03.30-07.56.11:550][205]LogOutputDevice:Error: UE4Editor-CoreUObject.dll!0x00000000C6377A1E
[2017.03.30-07.56.11:550][205]LogOutputDevice:Error: UE4Editor-CoreUObject.dll!0x00000000C6399A71
[2017.03.30-07.56.11:550][205]LogOutputDevice:Error: UE4Editor-CoreUObject.dll!0x00000000C639BC72
[2017.03.30-07.56.11:550][205]LogOutputDevice:Error: UE4Editor-CoreUObject.dll!0x00000000C637842E
[2017.03.30-07.56.11:550][205]LogOutputDevice:Error: UE4Editor-CoreUObject.dll!0x00000000C63C1BC3
[2017.03.30-07.56.11:551][205]LogOutputDevice:Error: UE4Editor-CoreUObject.dll!0x00000000C639BC72
[2017.03.30-07.56.11:551][205]LogOutputDevice:Error: UE4Editor-CoreUObject.dll!0x00000000C637842E
[2017.03.30-07.56.11:551][205]LogOutputDevice:Error: UE4Editor-CoreUObject.dll!0x00000000C63C1BC3
[2017.03.30-07.56.11:551][205]LogOutputDevice:Error: UE4Editor-CoreUObject.dll!0x00000000C639BC72
[2017.03.30-07.56.11:551][205]LogOutputDevice:Error: UE4Editor-CoreUObject.dll!0x00000000C6244C1A
[2017.03.30-07.56.11:551][205]LogOutputDevice:Error: UE4Editor-CoreUObject.dll!0x00000000C639AFEB
[2017.03.30-07.56.11:551][205]LogOutputDevice:Error: UE4Editor-Engine.dll!0x00000000C1E93922
[2017.03.30-07.56.11:551][205]LogOutputDevice:Error: UE4Editor-Engine.dll!0x00000000C3126EA7
[2017.03.30-07.56.11:551][205]LogOutputDevice:Error: UE4Editor-Engine.dll!0x00000000C1E52CDF
[2017.03.30-07.56.11:551][205]LogOutputDevice:Error: UE4Editor-Engine.dll!0x00000000C1E5FE2B
[2017.03.30-07.56.11:551][205]LogOutputDevice:Error: UE4Editor-Engine.dll!0x00000000C1E8F398
[2017.03.30-07.56.11:551][205]LogOutputDevice:Error: UE4Editor-Engine.dll!0x00000000C1E6F86B
[2017.03.30-07.56.11:551][205]LogOutputDevice:Error: UE4Editor-Engine.dll!0x00000000C2544169
[2017.03.30-07.56.11:551][205]LogOutputDevice:Error: UE4Editor-Engine.dll!0x00000000C1ECB056
[2017.03.30-07.56.11:551][205]LogOutputDevice:Error: UE4Editor-CoreUObject.dll!0x00000000C6244C1A
[2017.03.30-07.56.11:551][205]LogOutputDevice:Error: UE4Editor-CoreUObject.dll!0x00000000C6377A1E
[2017.03.30-07.56.11:551][205]LogOutputDevice:Error: UE4Editor-CoreUObject.dll!0x00000000C6399A71
[2017.03.30-07.56.11:551][205]LogOutputDevice:Error: UE4Editor-CoreUObject.dll!0x00000000C63BF51B
[2017.03.30-07.56.11:551][205]LogOutputDevice:Error: UE4Editor-CoreUObject.dll!0x00000000C639BC72
[2017.03.30-07.56.11:551][205]LogOutputDevice:Error: UE4Editor-CoreUObject.dll!0x00000000C637842E
[2017.03.30-07.56.11:551][205]LogOutputDevice:Error: UE4Editor-CoreUObject.dll!0x00000000C63C1BC3
[2017.03.30-07.56.11:551][205]LogOutputDevice:Error: UE4Editor-CoreUObject.dll!0x00000000C639BC72
[2017.03.30-07.56.11:551][205]LogOutputDevice:Error: UE4Editor-CoreUObject.dll!0x00000000C6244C1A
[2017.03.30-07.56.11:551][205]LogOutputDevice:Error: UE4Editor-CoreUObject.dll!0x00000000C639AFEB
[2017.03.30-07.56.11:551][205]LogOutputDevice:Error: UE4Editor-Engine.dll!0x00000000C1E93922
[2017.03.30-07.56.11:551][205]LogOutputDevice:Error: UE4Editor-Engine.dll!0x00000000C3126EA7
[2017.03.30-07.56.11:551][205]LogOutputDevice:Error: UE4Editor-Engine.dll!0x00000000C1E52CDF
[2017.03.30-07.56.11:551][205]LogOutputDevice:Error: UE4Editor-Engine.dll!0x00000000C1E5FE2B
[2017.03.30-07.56.11:551][205]LogOutputDevice:Error: UE4Editor-Engine.dll!0x00000000C2F94BE4
[2017.03.30-07.56.11:551][205]LogOutputDevice:Error: UE4Editor-Engine.dll!0x00000000C254D511
[2017.03.30-07.56.11:551][205]LogOutputDevice:Error: UE4Editor-Engine.dll!0x00000000C2F8248E
[2017.03.30-07.56.11:551][205]LogOutputDevice:Error: UE4Editor-Engine.dll!0x00000000C256C003
[2017.03.30-07.56.11:551][205]LogOutputDevice:Error: UE4Editor-UnrealEd.dll!0x00000000BFEC8527
[2017.03.30-07.56.11:551][205]LogOutputDevice:Error: UE4Editor-UnrealEd.dll!0x00000000BFEF4D2D
[2017.03.30-07.56.11:551][205]LogOutputDevice:Error: UE4Editor-UnrealEd.dll!0x00000000BFF111B4
[2017.03.30-07.56.11:551][205]LogOutputDevice:Error: UE4Editor-UnrealEd.dll!0x00000000BF9F626B
[2017.03.30-07.56.11:551][205]LogOutputDevice:Error: UE4Editor-UnrealEd.dll!0x00000000C0201AD6
[2017.03.30-07.56.11:551][205]LogOutputDevice:Error: UE4Editor.exe!0x00000000B637DEE3
[2017.03.30-07.56.11:551][205]LogOutputDevice:Error: UE4Editor.exe!0x00000000B636EB40
[2017.03.30-07.56.11:551][205]LogOutputDevice:Error: UE4Editor.exe!0x00000000B636EBBA
[2017.03.30-07.56.11:551][205]LogOutputDevice:Error: UE4Editor.exe!0x00000000B6380A29
[2017.03.30-07.56.11:551][205]LogOutputDevice:Error: UE4Editor.exe!0x00000000B63822B6
[2017.03.30-07.56.11:551][205]LogOutputDevice:Error: KERNEL32.DLL!0x0000000005438364
[2017.03.30-07.56.11:551][205]LogOutputDevice:Error: ntdll.dll!0x00000000077970D1
[2017.03.30-07.56.11:551][205]LogOutputDevice:Error: 
[2017.03.30-07.56.11:576][205]LogStats:                SubmitErrorReport -  0.000 s
