Log file open, 03/29/17 20:22:54
LogInit:Display: Running engine for game: VR4
LogPlatformFile: Not using cached read wrapper
LogInit:Display: RandInit(-2038502827) SRandInit(-2038502827).
LogTaskGraph: Started task graph with 5 named threads and 8 total threads with 1 sets of task threads.
LogStats: Stats thread started at 2.754863
LogInit: Using libcurl 7.47.1
LogInit:  - built for x86_64-pc-win32
LogInit:  - supports SSL with OpenSSL/1.0.2g
LogInit:  - supports HTTP deflate (compression) using libz 1.2.8
LogInit:  - other features:
LogInit:      CURL_VERSION_SSL
LogInit:      CURL_VERSION_LIBZ
LogInit:      CURL_VERSION_IPV6
LogInit:      CURL_VERSION_ASYNCHDNS
LogInit:      CURL_VERSION_LARGEFILE
LogInit:      CURL_VERSION_IDN
LogInit:  CurlRequestOptions (configurable via config and command line):
LogInit:  - bVerifyPeer = false  - Libcurl will NOT verify peer certificate
LogInit:  - bUseHttpProxy = false  - Libcurl will NOT use HTTP proxy
LogInit:  - bDontReuseConnections = false  - Libcurl will reuse connections
LogInit:  - CertBundlePath = nullptr  - Libcurl will use whatever was configured at build time.
OCULUS: Info: [CAPI] LibOVR module is located at C:\Program Files\Oculus\Support\oculus-runtime\LibOVRRT64_1.dll
OCULUS: Debug: Connected to the server running version (prod = 1).1.13.0(build = 361842) feature version = 0. Client runs version (prod = 1).1.13.0(build = 361842) feature version = 0
LogInit: Build: ++UE4+Release-4.15-CL-3299760
LogInit: Engine Version: 4.15.0-3299760+++UE4+Release-4.15
LogInit: Compatible Engine Version: 4.15.0-3299760+++UE4+Release-4.15
LogInit: Net CL: 3299760
LogDevObjectVersion: Number of dev versions registered: 14
LogDevObjectVersion:   Dev-Blueprints (B0D832E4-1F89-4F0D-ACCF-7EB736FD4AA2): 8
LogDevObjectVersion:   Dev-Build (E1C64328-A22C-4D53-A36C-8E866417BD8C): 0
LogDevObjectVersion:   Dev-Core (375EC13C-06E4-48FB-B500-84F0262A717E): 2
LogDevObjectVersion:   Dev-Editor (E4B068ED-F494-42E9-A231-DA0B2E46BB41): 14
LogDevObjectVersion:   Dev-Framework (CFFC743F-43B0-4480-9391-14DF171D2073): 22
LogDevObjectVersion:   Dev-Mobile (B02B49B5-BB20-44E9-A304-32B752E40360): 0
LogDevObjectVersion:   Dev-Networking (A4E4105C-59A1-49B5-A7C5-40C4547EDFEE): 0
LogDevObjectVersion:   Dev-Online (39C831C9-5AE6-47DC-9A44-9C173E1C8E7C): 0
LogDevObjectVersion:   Dev-Physics (78F01B33-EBEA-4F98-B9B4-84EACCB95AA2): 0
LogDevObjectVersion:   Dev-Platform (6631380F-2D4D-43E0-8009-CF276956A95A): 0
LogDevObjectVersion:   Dev-Rendering (12F88B9F-8875-4AFC-A67C-D90C383ABD29): 12
LogDevObjectVersion:   Dev-Sequencer (7B5AE74C-D270-4C10-A958-57980B212A5A): 3
LogDevObjectVersion:   Dev-VR (D7296918-1DD6-4BDD-9DE2-64A83CC13884): 0
LogDevObjectVersion:   Dev-LoadTimes (C2A15278-BFE7-4AFE-6C17-90FF531DF755): 1
LogInit: Compiled (64-bit): Feb 14 2017 02:04:14
LogInit: Compiled with Visual C++: 19.00.23026.00
LogInit: Build Configuration: Development
LogInit: Branch Name: ++UE4+Release-4.15
LogInit: Command line:  
LogInit: Base directory: D:/Game Development/Unreal Engine/UE_4.15/Engine/Binaries/Win64/
LogInit: Installed Engine Build: 1
LogInit: Presizing for max 8388607 objects, including 0 objects not considered by GC, pre-allocating 0 bytes for permanent pool.
LogInit: Object subsystem initialized
[2017.03.29-18.22.57:033][  0]LogConsoleManager:Display: Setting the console variable 'r.RHICmdBypass' with 'SetByProjectSetting' was ignored as it is lower priority than the previous 'SetBySystemSettingsIni'. Value remains '1'
[2017.03.29-18.22.57:091][  0]LogInit: Selected Device Profile: [Windows]
[2017.03.29-18.22.57:091][  0]LogInit: Applying CVar settings loaded from the selected device profile: [Windows]
[2017.03.29-18.22.57:173][  0]LogInit: Computer: JESSE-MSI
[2017.03.29-18.22.57:173][  0]LogInit: User: Thovex
[2017.03.29-18.22.57:173][  0]LogInit: CPU Page size=65536, Cores=4
[2017.03.29-18.22.57:173][  0]LogInit: High frequency timer resolution =2.742190 MHz
[2017.03.29-18.22.57:173][  0]LogMemory: Memory total: Physical=16.0GB (16GB approx)
[2017.03.29-18.22.57:173][  0]LogMemory: Platform Memory Stats for Windows
[2017.03.29-18.22.57:173][  0]LogMemory: Process Physical Memory: 268.59 MB used, 268.59 MB peak
[2017.03.29-18.22.57:173][  0]LogMemory: Process Virtual Memory: 266.15 MB used, 266.15 MB peak
[2017.03.29-18.22.57:173][  0]LogMemory: Physical Memory: 6141.82 MB used,  10199.59 MB free, 16341.41 MB total
[2017.03.29-18.22.57:173][  0]LogMemory: Virtual Memory: 681.75 MB used,  10199.59 MB free, 134217728.00 MB total
[2017.03.29-18.22.58:340][  0]LogTextLocalizationManager: No specific translations for ('en-US') exist, so ('en') translations will be used.
[2017.03.29-18.23.01:609][  0]LogD3D11RHI: D3D11 adapters:
[2017.03.29-18.23.01:648][  0]LogD3D11RHI:    0. 'NVIDIA GeForce GTX 1070' (Feature Level 11_0)
[2017.03.29-18.23.01:648][  0]LogD3D11RHI:       8113/0/8170 MB DedicatedVideo/DedicatedSystem/SharedSystem, Outputs:2, VendorId:0x10de
[2017.03.29-18.23.01:649][  0]LogD3D11RHI:    1. 'Microsoft Basic Render Driver' (Feature Level 11_0)
[2017.03.29-18.23.01:649][  0]LogD3D11RHI:       0/0/8170 MB DedicatedVideo/DedicatedSystem/SharedSystem, Outputs:0, VendorId:0x1414
[2017.03.29-18.23.01:649][  0]LogD3D11RHI: Chosen D3D11 Adapter: 0
[2017.03.29-18.23.01:654][  0]LogD3D11RHI: Creating new Direct3DDevice
[2017.03.29-18.23.01:654][  0]LogD3D11RHI:     GPU DeviceId: 0x1be1 (for the marketing name, search the web for "GPU Device Id")
[2017.03.29-18.23.01:654][  0]LogWindows: EnumDisplayDevices:
[2017.03.29-18.23.01:654][  0]LogWindows:    0. 'NVIDIA GeForce GTX 1070' (P:0 D:1)
[2017.03.29-18.23.01:654][  0]LogWindows:    1. 'NVIDIA GeForce GTX 1070' (P:1 D:1)
[2017.03.29-18.23.01:655][  0]LogWindows:    2. 'NVIDIA GeForce GTX 1070' (P:0 D:0)
[2017.03.29-18.23.01:655][  0]LogWindows:    3. 'NVIDIA GeForce GTX 1070' (P:0 D:0)
[2017.03.29-18.23.01:655][  0]LogWindows: DebugString: FoundDriverCount:4 
[2017.03.29-18.23.01:655][  0]LogD3D11RHI:     Adapter Name: NVIDIA GeForce GTX 1070
[2017.03.29-18.23.01:655][  0]LogD3D11RHI:   Driver Version: 378.92 (internal:21.21.13.7892, unified:378.92)
[2017.03.29-18.23.01:655][  0]LogD3D11RHI:      Driver Date: 3-16-2017
[2017.03.29-18.23.01:655][  0]LogRHI: Texture pool is 1361 MB (70% of 1945 MB)
[2017.03.29-18.23.01:673][  0]LogD3D11RHI: Async texture creation enabled
[2017.03.29-18.23.02:005][  0]LogD3D11RHI: GPU Timing Frequency: 1000.000000 (Debug: 2 1)
[2017.03.29-18.23.02:163][  0]LogShaderCompilers: Guid format shader working directory is -8 characters bigger than the processId version (../../../../../../Downloads/VR4NewScene/VR4NewScene/VR4/Intermediate/Shaders/WorkingDirectory/7484/).
[2017.03.29-18.23.02:163][  0]LogShaderCompilers: Cleaned the shader compiler working directory 'C:/Users/Thovex/AppData/Local/Temp/UnrealShaderWorkingDir/788B908043DFC3CE316B45908FB9D621/'.
[2017.03.29-18.23.02:173][  0]LogShaderCompilers:Display: Using Local Shader Compiler.
[2017.03.29-18.23.05:489][  0]LogTemp:Display: Loaded TP AllDesktopTargetPlatform
[2017.03.29-18.23.05:534][  0]LogTemp:Display: Loaded TP MacClientTargetPlatform
[2017.03.29-18.23.05:580][  0]LogTemp:Display: Loaded TP MacNoEditorTargetPlatform
[2017.03.29-18.23.05:627][  0]LogTemp:Display: Loaded TP MacServerTargetPlatform
[2017.03.29-18.23.05:688][  0]LogTemp:Display: Loaded TP MacTargetPlatform
[2017.03.29-18.23.05:736][  0]LogTemp:Display: Loaded TP WindowsClientTargetPlatform
[2017.03.29-18.23.05:789][  0]LogTemp:Display: Loaded TP WindowsNoEditorTargetPlatform
[2017.03.29-18.23.05:837][  0]LogTemp:Display: Loaded TP WindowsServerTargetPlatform
[2017.03.29-18.23.05:879][  0]LogTemp:Display: Loaded TP WindowsTargetPlatform
[2017.03.29-18.23.05:933][  0]LogTemp:Display: Loaded TP AndroidTargetPlatform
[2017.03.29-18.23.05:995][  0]LogTemp:Display: Loaded TP Android_ASTCTargetPlatform
[2017.03.29-18.23.06:045][  0]LogTemp:Display: Loaded TP Android_ATCTargetPlatform
[2017.03.29-18.23.06:100][  0]LogTemp:Display: Loaded TP Android_DXTTargetPlatform
[2017.03.29-18.23.06:150][  0]LogTemp:Display: Loaded TP Android_ETC1TargetPlatform
[2017.03.29-18.23.06:200][  0]LogTemp:Display: Loaded TP Android_ETC2TargetPlatform
[2017.03.29-18.23.06:302][  0]LogTemp:Display: Loaded TP Android_MultiTargetPlatform
[2017.03.29-18.23.06:302][  0]LogTemp:Display: Loaded TP Android_PVRTCTargetPlatform
[2017.03.29-18.23.06:333][  0]LogTemp:Display: Loaded TP HTML5TargetPlatform
[2017.03.29-18.23.06:472][  0]LogTemp:Display: Loaded TP IOSTargetPlatform
[2017.03.29-18.23.06:500][  0]LogTemp:Display: Loaded TP TVOSTargetPlatform
[2017.03.29-18.23.06:544][  0]LogTemp:Display: Loaded TP LinuxClientTargetPlatform
[2017.03.29-18.23.06:594][  0]LogTemp:Display: Loaded TP LinuxNoEditorTargetPlatform
[2017.03.29-18.23.06:645][  0]LogTemp:Display: Loaded TP LinuxServerTargetPlatform
[2017.03.29-18.23.06:715][  0]LogTemp:Display: Loaded TP LinuxTargetPlatform
[2017.03.29-18.23.06:715][  0]LogTargetPlatformManager:Display: Building Assets For Windows
[2017.03.29-18.23.07:775][  0]LogDerivedDataCache:Display: Max Cache Size: 512 MB
[2017.03.29-18.23.07:981][  0]LogDerivedDataCache: Loaded boot cache 0.21s 51MB C:/Users/Thovex/AppData/Local/UnrealEngine/4.15/DerivedDataCache/Boot.ddc.
[2017.03.29-18.23.07:981][  0]LogDerivedDataCache:Display: Loaded Boot cache: C:/Users/Thovex/AppData/Local/UnrealEngine/4.15/DerivedDataCache/Boot.ddc
[2017.03.29-18.23.07:981][  0]LogDerivedDataCache: FDerivedDataBackendGraph:  Pak pak cache file ../../../../../../Downloads/VR4NewScene/VR4NewScene/VR4/DerivedDataCache/DDC.ddp not found, will not use a pak cache.
[2017.03.29-18.23.07:981][  0]LogDerivedDataCache: Unable to find inner node Pak for hierarchical cache Hierarchy.
[2017.03.29-18.23.07:981][  0]LogDerivedDataCache: FDerivedDataBackendGraph:  CompressedPak pak cache file ../../../../../../Downloads/VR4NewScene/VR4NewScene/VR4/DerivedDataCache/Compressed.ddp not found, will not use a pak cache.
[2017.03.29-18.23.07:981][  0]LogDerivedDataCache: Unable to find inner node CompressedPak for hierarchical cache Hierarchy.
[2017.03.29-18.23.08:037][  0]LogDerivedDataCache:Display: Pak cache opened for reading ../../../Engine/DerivedDataCache/Compressed.ddp.
[2017.03.29-18.23.08:050][  0]LogDerivedDataCache: Using Local data cache path C:/Users/Thovex/AppData/Local/UnrealEngine/Common/DerivedDataCache: Writable
[2017.03.29-18.23.08:223][  0]LogSlate: Using Freetype 2.6.0
[2017.03.29-18.23.08:280][  0]LogSlate: SlateFontCache - WITH_FREETYPE: 1, WITH_HARFBUZZ: 1
[2017.03.29-18.23.08:280][  0]LogSlate: SlateFontCache - WITH_FREETYPE: 1, WITH_HARFBUZZ: 1
[2017.03.29-18.23.15:612][  0]LogInit: Selected Device Profile: [Windows]
[2017.03.29-18.23.15:681][  0]LogContentStreaming: Texture pool size is 0.00 MB
[2017.03.29-18.23.16:346][  0]LogMeshUtilities: Using QuadricMeshReduction for automatic static mesh reduction
[2017.03.29-18.23.16:481][  0]LogSimplygon: Simplygon DLL not present - disabling.
[2017.03.29-18.23.16:544][  0]LogMeshUtilities: Using SimplygonSwarm for distributed automatic mesh merging
[2017.03.29-18.23.16:544][  0]LogMeshUtilities: No automatic skeletal mesh reduction module available
[2017.03.29-18.23.16:544][  0]LogMeshUtilities: No automatic mesh merging module available
[2017.03.29-18.23.20:505][  0]LogNetVersion: GetLocalNetworkVersion: CL: 3299760, ProjectName: vr4, ProjectVersion: , EngineNetworkVersion: 2, GameNetworkVersion: 0, NetworkChecksum: 772521802
[2017.03.29-18.23.20:636][  0]LogAssetRegistry: FAssetRegistry took 0.0242 seconds to start up
[2017.03.29-18.23.20:771][  0]LogPackageLocalizationCache: Processed 3 localized package path(s) for 2 prioritized culture(s) in 0.073445 seconds
[2017.03.29-18.23.20:807][  0]LogUObjectArray: 32475 objects as part of root set at end of initial load.
[2017.03.29-18.23.20:807][  0]LogUObjectAllocator: 7073368 out of 0 bytes used by permanent object pool.
[2017.03.29-18.23.20:807][  0]LogUObjectArray: CloseDisregardForGC: 0/0 objects in disregard for GC pool
[2017.03.29-18.23.20:882][  0]LogInit: WinSock: version 1.1 (2.2), MaxSocks=32767, MaxUdp=65467
[2017.03.29-18.23.27:003][  0]LogTcpMessaging: Initializing TcpMessaging bridge
[2017.03.29-18.23.27:047][  0]LogUdpMessaging: Initializing bridge on interface 0.0.0.0:0 to multicast group 230.0.0.1:6666.
[2017.03.29-18.23.28:152][  0]LogMaterial: Uniform references updated for custom material expression Custom.
[2017.03.29-18.23.28:850][  0]SourceControl: Info Source control is disabled
[2017.03.29-18.23.28:855][  0]SourceControl: Info Source control is disabled
[2017.03.29-18.23.28:933][  0]SourceControl: Info Source control is disabled
[2017.03.29-18.23.28:983][  0]SourceControl: Info Source control is disabled
[2017.03.29-18.23.30:793][  0]LogEngine: Initializing Engine...
[2017.03.29-18.23.30:804][  0]LogHMD: Oculus plugin initialized. Version: 4.15.0-3299760+++UE4+Release-4.15, LibOVR: 1.13.0, SDK: 1.10.0, built Feb 14 2017, 02:10:09
[2017.03.29-18.23.31:485][  0]LogAIModule: Creating AISystem for world Untitled
[2017.03.29-18.23.31:669][  0]LogInit: XAudio2 using 'Headphones (SteelSeries Siberia v3 Prism)' : 2 channels at 44.1 kHz using 16 bits per sample (channel mask 0x3)
[2017.03.29-18.23.31:683][  0]LogInit: FAudioDevice initialized.
[2017.03.29-18.23.31:705][  0]LogDerivedDataCache: Saved boot cache 0.02s 51MB C:/Users/Thovex/AppData/Local/UnrealEngine/4.15/DerivedDataCache/Boot.ddc.
[2017.03.29-18.23.31:710][  0]LogInit: Texture streaming: Enabled
[2017.03.29-18.23.31:820][  0]LogEngineSessionManager: EngineSessionManager initialized
[2017.03.29-18.23.31:964][  0]LogInit: Transaction tracking system initialized
[2017.03.29-18.23.32:555][  0]BlueprintLog: New page: Editor Load
[2017.03.29-18.23.33:999][  0]LocalizationService: Info Localization service is disabled
[2017.03.29-18.23.34:869][  0]LogConsoleResponse:Display: 
[2017.03.29-18.23.36:134][  0]LogFileCache: Scanning file cache for directory 'D:/Downloads/VR4NewScene/VR4NewScene/VR4/Content/' took 0.02s
[2017.03.29-18.23.36:134][  0]LogCook:Display: Max memory allowance for cook 16384mb min free memory 0mb
[2017.03.29-18.23.36:134][  0]LogCook:Display: Mobile HDR setting 1
[2017.03.29-18.23.37:783][  0]SourceControl: Info Source control is disabled
[2017.03.29-18.23.37:826][  0]Cmd: MAP LOAD FILE="../../../../../../Downloads/VR4NewScene/VR4NewScene/VR4/Content/VirtualRealityBP/Maps/StartupMap.umap" TEMPLATE=0 SHOWPROGRESS=1 FEATURELEVEL=3
[2017.03.29-18.23.37:857][  0]LightingResults: New page: Lighting Build
[2017.03.29-18.23.38:000][  0]MapCheck: New page: Map Check
[2017.03.29-18.23.38:000][  0]LightingResults: New page: Lighting Build
[2017.03.29-18.23.38:775][  0]LogAIModule: Creating AISystem for world StartupMap
[2017.03.29-18.23.39:128][  0]LogEditorServer: Finished looking for orphan Actors (0.000 secs)
[2017.03.29-18.23.39:161][  0]Cmd: MAP CHECKDEP NOCLEARLOG
[2017.03.29-18.23.39:226][  0]MapCheck: Info Map check complete: 0 Error(s), 0 Warning(s), took 65.224ms to complete.
[2017.03.29-18.23.39:226][  0]LogFileHelpers: Loading map 'StartupMap' took 1.419
[2017.03.29-18.23.40:239][  0]LogCollectionManager: Loaded 0 collections in 0.000945 seconds
[2017.03.29-18.23.40:362][  0]LogFileCache: Scanning file cache for directory 'D:/Downloads/VR4NewScene/VR4NewScene/VR4/Saved/Collections/' took 0.01s
[2017.03.29-18.23.40:362][  0]LogFileCache: Scanning file cache for directory 'D:/Downloads/VR4NewScene/VR4NewScene/VR4/Content/Developers/Thovex/Collections/' took 0.01s
[2017.03.29-18.23.40:362][  0]LogFileCache: Scanning file cache for directory 'D:/Downloads/VR4NewScene/VR4NewScene/VR4/Content/Collections/' took 0.01s
[2017.03.29-18.23.40:362][  0]LogCollectionManager: Rebuilt the GUID cache for 0 collections in 0.000006 seconds
[2017.03.29-18.23.40:373][  0]LogContentBrowser: Native class hierarchy populated in 0.0087 seconds. Added 2244 classes and 450 folders.
[2017.03.29-18.23.40:409][  0]LogStats: UGameplayTagsManager::ConstructGameplayTagTree: Construct from data asset -  0.000 s
[2017.03.29-18.23.40:409][  0]LogStats: UGameplayTagsManager::ConstructGameplayTagTree: GameplayTagTreeChangedEvent.Broadcast -  0.000 s
[2017.03.29-18.23.40:467][  0]LogContentBrowser: Native class hierarchy updated for 'WidgetCarousel' in 0.0011 seconds. Added 0 classes and 0 folders.
[2017.03.29-18.23.41:109][  0]LogContentBrowser: Native class hierarchy updated for 'AddContentDialog' in 0.0007 seconds. Added 0 classes and 0 folders.
[2017.03.29-18.23.41:197][  0]LogContentBrowser: Native class hierarchy updated for 'SceneOutliner' in 0.0007 seconds. Added 1 classes and 2 folders.
[2017.03.29-18.23.41:940][  0]LogCrashTracker: Crashtracker disabled due to settings.
[2017.03.29-18.23.42:007][  0]LogUObjectGlobals:Warning: Failed to find object 'Class None.'
[2017.03.29-18.23.42:120][  0]LogContentBrowser: Native class hierarchy updated for 'HierarchicalLODOutliner' in 0.0006 seconds. Added 1 classes and 2 folders.
[2017.03.29-18.23.42:120][  0]LogLoad: (Engine Initialization) Total time: 55.19 seconds
[2017.03.29-18.23.42:120][  0]LogLoad: (Engine Initialization) Total Blueprint compile time: 0.31 seconds
[2017.03.29-18.23.42:120][  0]LogExternalProfiler: Found external profiler: VSPerf
[2017.03.29-18.23.42:120][  0]LogExternalProfiler: Using external profiler: VSPerf
[2017.03.29-18.23.42:470][  0]LogOcInput: OculusInput pre-init called
[2017.03.29-18.23.42:482][  0]LogOcInput: OculusInput is initialized. Init status 0. Runtime version: 1.13.0
[2017.03.29-18.23.42:606][  0]LogContentStreaming: Texture pool size now 1000 MB
[2017.03.29-18.23.42:693][  0]LogSlate: Took 0.017140 seconds to synchronously load lazily loaded font '../../../Engine/Content/Slate/Fonts/Roboto-Regular.ttf' (155K)
[2017.03.29-18.23.42:716][  0]LogSlate: Took 0.018161 seconds to synchronously load lazily loaded font '../../../Engine/Content/Slate/Fonts/Roboto-Bold.ttf' (160K)
[2017.03.29-18.23.42:747][  0]LogSlate: Took 0.016735 seconds to synchronously load lazily loaded font '../../../Engine/Content/Editor/Slate/Fonts/FontAwesome.ttf' (139K)
[2017.03.29-18.23.43:214][  0]LogRenderer: Reallocating scene render targets to support 952x648 NumSamples 1 (Frame:2).
[2017.03.29-18.23.43:214][  0]LogSlate: Took 0.088826 seconds to synchronously load lazily loaded font '../../../Engine/Content/Slate/Fonts/Roboto-Light.ttf' (159K)
[2017.03.29-18.23.43:556][  3]LogAssetRegistry: Asset discovery search completed in 22.9416 seconds
[2017.03.29-18.23.43:564][  3]LogCollectionManager: Rebuilt the object cache for 0 collections in 0.000006 seconds (found 0 objects)
[2017.03.29-18.23.43:564][  3]LogCollectionManager: Fixed up redirectors for 0 collections in 0.008413 seconds (updated 0 objects)
[2017.03.29-18.23.45:737][127]LogSlate: Took 0.000217 seconds to synchronously load lazily loaded font '../../../Engine/Content/Slate/Fonts/Roboto-Light.ttf' (159K)
[2017.03.29-18.23.45:759][127]Cmd: MAP LOAD FILE="../../../../../../Downloads/VR4NewScene/VR4NewScene/VR4/Content/VirtualRealityBP/Maps/StartupMap.umap" TEMPLATE=0 SHOWPROGRESS=1 FEATURELEVEL=3
[2017.03.29-18.23.45:759][127]LightingResults: New page: Lighting Build
[2017.03.29-18.23.45:761][127]LoadErrors: New page: Loading map: StartupMap.umap
[2017.03.29-18.23.45:806][127]MapCheck: New page: Map Check
[2017.03.29-18.23.45:806][127]LightingResults: New page: Lighting Build
[2017.03.29-18.23.45:859][127]LogAIModule: Creating AISystem for world StartupMap
[2017.03.29-18.23.45:955][127]LogEditorServer: Finished looking for orphan Actors (0.000 secs)
[2017.03.29-18.23.45:984][127]Cmd: MAP CHECKDEP NOCLEARLOG
[2017.03.29-18.23.46:025][127]MapCheck: Info Map check complete: 0 Error(s), 0 Warning(s), took 41.236ms to complete.
[2017.03.29-18.23.46:026][127]LogFileHelpers: Loading map 'StartupMap' took 0.269
[2017.03.29-18.23.49:139][251]LogSlate: Took 0.000179 seconds to synchronously load lazily loaded font '../../../Engine/Content/Slate/Fonts/Roboto-Regular.ttf' (155K)
[2017.03.29-18.23.50:260][251]LogAIModule: Creating AISystem for world MotionControllerMap
[2017.03.29-18.23.50:306][251]Cmd: MAP LOAD FILE="../../../../../../Downloads/VR4NewScene/VR4NewScene/VR4/Content/VirtualRealityBP/Maps/MotionControllerMap.umap" TEMPLATE=0 SHOWPROGRESS=1 FEATURELEVEL=3
[2017.03.29-18.23.50:306][251]LightingResults: New page: Lighting Build
[2017.03.29-18.23.50:308][251]LoadErrors: New page: Loading map: MotionControllerMap.umap
[2017.03.29-18.23.50:309][251]MapCheck: New page: Map Check
[2017.03.29-18.23.50:309][251]LightingResults: New page: Lighting Build
[2017.03.29-18.23.50:396][251]LogEditorServer: Finished looking for orphan Actors (0.000 secs)
[2017.03.29-18.23.50:426][251]Cmd: MAP CHECKDEP NOCLEARLOG
[2017.03.29-18.23.50:475][251]MapCheck: Info Map check complete: 0 Error(s), 0 Warning(s), took 48.728ms to complete.
[2017.03.29-18.23.50:475][251]LogFileHelpers: Loading map 'MotionControllerMap' took 0.169
[2017.03.29-18.23.53:505][427]LogEditorViewport: Clicking on Actor (LMB): BP_PickupCube_C (BigCube1)
[2017.03.29-18.23.54:124][438]LogSlate: Took 0.009198 seconds to synchronously load lazily loaded font '../../../Engine/Content/Editor/Slate/Fonts/Roboto-Italic.ttf' (157K)
[2017.03.29-18.23.55:352][504]LogMaterial: Missing cached shader map for material MainMaterial, compiling. 
[2017.03.29-18.23.55:368][504]LogTemp:Display: Added material ShaderMap 0x000001B43A9EAB00 with Material 0x000001B431B19F80 to ShaderMapsBeingCompiled
[2017.03.29-18.23.55:408][504]LogTemp:Display: Kicking off shader compilation for MainMaterial, GameThreadShaderMap 0x000001B43A9EAB00
[2017.03.29-18.23.55:726][504]LogMaterial: Missing cached shader map for material MainMaterial, compiling. 
[2017.03.29-18.23.55:726][504]LogTemp:Display: Added material ShaderMap 0x000001B446ECE400 with Material 0x000001B431B19F80 to ShaderMapsBeingCompiled
[2017.03.29-18.23.55:737][504]LogTemp:Display: Kicking off shader compilation for MainMaterial, GameThreadShaderMap 0x000001B446ECE400
[2017.03.29-18.23.55:737][504]LogMaterial: 0.00 seconds spent updating 1 materials, 1 interfaces, 0 instances, 0 with static permutations.
[2017.03.29-18.23.55:762][504]LogMaterial: Missing cached shader map for material FMatExpressionPreview MaterialExpressionTextureSample_0, compiling. 
[2017.03.29-18.23.55:763][504]LogTemp:Display: Added material ShaderMap 0x000001B446DADD00 with Material 0x000001B446DB2B00 to ShaderMapsBeingCompiled
[2017.03.29-18.23.55:765][504]LogTemp:Display: Kicking off shader compilation for FMatExpressionPreview MaterialExpressionTextureSample_0, GameThreadShaderMap 0x000001B446DADD00
[2017.03.29-18.23.55:767][504]LogMaterial: Missing cached shader map for material FMatExpressionPreview MaterialExpressionTextureSample_2, compiling. 
[2017.03.29-18.23.55:768][504]LogTemp:Display: Added material ShaderMap 0x000001B446DAC480 with Material 0x000001B446DB2500 to ShaderMapsBeingCompiled
[2017.03.29-18.23.55:770][504]LogTemp:Display: Kicking off shader compilation for FMatExpressionPreview MaterialExpressionTextureSample_2, GameThreadShaderMap 0x000001B446DAC480
[2017.03.29-18.23.55:772][504]LogMaterial: Missing cached shader map for material FMatExpressionPreview MaterialExpressionTextureSample_1, compiling. 
[2017.03.29-18.23.55:773][504]LogTemp:Display: Added material ShaderMap 0x000001B426D30B80 with Material 0x000001B446DB1300 to ShaderMapsBeingCompiled
[2017.03.29-18.23.55:776][504]LogTemp:Display: Kicking off shader compilation for FMatExpressionPreview MaterialExpressionTextureSample_1, GameThreadShaderMap 0x000001B426D30B80
[2017.03.29-18.23.55:777][504]LogMaterial: Missing cached shader map for material FMatExpressionPreview MaterialExpressionTextureSample_3, compiling. 
[2017.03.29-18.23.55:777][504]LogTemp:Display: Added material ShaderMap 0x000001B446D32E80 with Material 0x000001B446D3F100 to ShaderMapsBeingCompiled
[2017.03.29-18.23.55:780][504]LogTemp:Display: Kicking off shader compilation for FMatExpressionPreview MaterialExpressionTextureSample_3, GameThreadShaderMap 0x000001B446D32E80
[2017.03.29-18.23.55:851][504]LogSlate: Took 0.047454 seconds to synchronously load lazily loaded font '../../../Engine/Content/Editor/Slate/Fonts/Roboto-BoldCondensed.ttf' (158K)
[2017.03.29-18.23.58:481][612]LogTemp:Display: Finished compile of shader map 0x000001B446ECE400
[2017.03.29-18.23.58:481][612]LogTemp:Display: Shader map MainMaterial complete, GameThreadShaderMap 0x000001B446ECE400, marking material MainMaterial as finished
[2017.03.29-18.23.58:481][612]LogTemp:Display: Marking material as finished 0x000001B431B19F80
[2017.03.29-18.23.58:513][613]MaterialEditorStats: Info Base pass shader with static lighting: 167 instructions
[2017.03.29-18.23.58:513][613]MaterialEditorStats: Info Base pass shader with only dynamic lighting: 141 instructions
[2017.03.29-18.23.58:513][613]MaterialEditorStats: Info Vertex shader: 87 instructions
[2017.03.29-18.23.58:513][613]MaterialEditorStats: Info Texture samplers: 7/16
[2017.03.29-18.23.58:622][618]LogTemp:Display: Finished compile of shader map 0x000001B446DADD00
[2017.03.29-18.23.58:622][618]LogTemp:Display: Shader map FMatExpressionPreview MaterialExpressionTextureSample_0 complete, GameThreadShaderMap 0x000001B446DADD00, marking material FMatExpressionPreview MaterialExpressionTextureSample_0 as finished
[2017.03.29-18.23.58:622][618]LogTemp:Display: Marking material as finished 0x000001B446DB2B00
[2017.03.29-18.23.58:705][622]LogTemp:Display: Finished compile of shader map 0x000001B446DAC480
[2017.03.29-18.23.58:706][622]LogTemp:Display: Shader map FMatExpressionPreview MaterialExpressionTextureSample_2 complete, GameThreadShaderMap 0x000001B446DAC480, marking material FMatExpressionPreview MaterialExpressionTextureSample_2 as finished
[2017.03.29-18.23.58:706][622]LogTemp:Display: Marking material as finished 0x000001B446DB2500
[2017.03.29-18.23.58:838][628]LogTemp:Display: Finished compile of shader map 0x000001B426D30B80
[2017.03.29-18.23.58:838][628]LogTemp:Display: Shader map FMatExpressionPreview MaterialExpressionTextureSample_1 complete, GameThreadShaderMap 0x000001B426D30B80, marking material FMatExpressionPreview MaterialExpressionTextureSample_1 as finished
[2017.03.29-18.23.58:838][628]LogTemp:Display: Marking material as finished 0x000001B446DB1300
[2017.03.29-18.23.58:937][634]LogTemp:Display: Finished compile of shader map 0x000001B446D32E80
[2017.03.29-18.23.58:937][634]LogTemp:Display: Shader map FMatExpressionPreview MaterialExpressionTextureSample_3 complete, GameThreadShaderMap 0x000001B446D32E80, marking material FMatExpressionPreview MaterialExpressionTextureSample_3 as finished
[2017.03.29-18.23.58:937][634]LogTemp:Display: Marking material as finished 0x000001B446D3F100
[2017.03.29-18.25.15:317][139]LogEditorViewport: Clicking on Actor (LMB): StaticMeshActor (PrototypeRoomFinal_Muren)
[2017.03.29-18.25.31:898][628]LogContentBrowser: Native class hierarchy updated for 'BlueprintGraph' in 0.0009 seconds. Added 112 classes and 0 folders.
[2017.03.29-18.26.53:061][668]LogRenderer: Reallocating scene render targets to support 1268x712 NumSamples 1 (Frame:5146).
[2017.03.29-18.26.56:205][851]LogUObjectGlobals:Warning: Failed to find object 'Object None.'
[2017.03.29-18.26.56:205][851]LogUObjectGlobals:Warning: Failed to find object 'Object None.'
[2017.03.29-18.26.56:837][885]LogSlate: Took 0.000242 seconds to synchronously load lazily loaded font '../../../Engine/Content/Slate/Fonts/Roboto-Light.ttf' (159K)
[2017.03.29-18.27.00:153][ 67]LogUObjectGlobals:Warning: Failed to find object 'Object None.'
[2017.03.29-18.27.00:153][ 67]LogUObjectGlobals:Warning: Failed to find object 'Object None.'
[2017.03.29-18.27.04:846][339]LogUObjectGlobals:Warning: Failed to find object 'Object None.'
[2017.03.29-18.27.04:846][339]LogUObjectGlobals:Warning: Failed to find object 'Object None.'
[2017.03.29-18.28.54:005][947]LogEditorViewport: Clicking on Actor (context menu): StaticMeshActor (PrototypeRoomFinal_Vloer)
[2017.03.29-18.28.57:776][ 12]Cmd: QUIT_EDITOR
[2017.03.29-18.28.57:911][ 12]LogWindowsTextInputMethodSystem:Display: IME system now deactivated.
[2017.03.29-18.28.57:937][ 12]LogExit: Preparing to exit.
[2017.03.29-18.28.58:305][ 12]LogDirectoryWatcher: A directory notification for 'D:/Downloads/VR4NewScene/VR4NewScene/VR4/Content/' was aborted.
[2017.03.29-18.28.58:351][ 12]LogExit: Editor shut down
[2017.03.29-18.28.58:351][ 12]LogExit: Transaction tracking system shut down
[2017.03.29-18.28.58:359][ 12]LogTemp:Display: Removed shader map 0x000001B43A9EAB00 from material 0x000001B431B19F80
[2017.03.29-18.28.58:683][ 12]LogObj: Freed 0b from 0 cluster array pools.
[2017.03.29-18.28.58:683][ 12]LogExit: Object subsystem successfully closed.
[2017.03.29-18.28.58:725][ 12]LogD3D11RHI: Shutdown
[2017.03.29-18.28.58:725][ 12]LogD3D11RHI: CleanupD3DDevice
[2017.03.29-18.28.58:751][ 12]LogD3D11RHI: ~FD3D11DynamicRHI
[2017.03.29-18.28.58:953][ 12]LogModuleManager: Shutting down and abandoning module BlueprintGraph (502)
[2017.03.29-18.28.58:953][ 12]LogModuleManager: Shutting down and abandoning module BlueprintProfiler (500)
[2017.03.29-18.28.58:959][ 12]LogModuleManager: Shutting down and abandoning module MaterialEditor (498)
[2017.03.29-18.28.58:959][ 12]LogModuleManager: Shutting down and abandoning module HierarchicalLODOutliner (496)
[2017.03.29-18.28.58:959][ 12]LogModuleManager: Shutting down and abandoning module CrashTracker (494)
[2017.03.29-18.28.58:959][ 12]LogModuleManager: Shutting down and abandoning module SceneOutliner (492)
[2017.03.29-18.28.58:959][ 12]LogModuleManager: Shutting down and abandoning module AddContentDialog (490)
[2017.03.29-18.28.58:959][ 12]LogDirectoryWatcher: A directory notification for 'D:/Game Development/Unreal Engine/UE_4.15/FeaturePacks/' was aborted.
[2017.03.29-18.28.58:959][ 12]LogModuleManager: Shutting down and abandoning module WidgetCarousel (489)
[2017.03.29-18.28.58:959][ 12]LogModuleManager: Shutting down and abandoning module EditorWidgets (486)
[2017.03.29-18.28.58:959][ 12]LogModuleManager: Shutting down and abandoning module CollectionManager (484)
[2017.03.29-18.28.58:960][ 12]LogDirectoryWatcher: A directory notification for 'D:/Downloads/VR4NewScene/VR4NewScene/VR4/Content/Collections/' was aborted.
[2017.03.29-18.28.58:960][ 12]LogDirectoryWatcher: A directory notification for 'D:/Downloads/VR4NewScene/VR4NewScene/VR4/Content/Developers/Thovex/Collections/' was aborted.
[2017.03.29-18.28.58:960][ 12]LogDirectoryWatcher: A directory notification for 'D:/Downloads/VR4NewScene/VR4NewScene/VR4/Saved/Collections/' was aborted.
[2017.03.29-18.28.58:960][ 12]LogModuleManager: Shutting down and abandoning module StatsViewer (482)
[2017.03.29-18.28.58:960][ 12]LogModuleManager: Shutting down and abandoning module FoliageEdit (480)
[2017.03.29-18.28.58:960][ 12]LogModuleManager: Shutting down and abandoning module LandscapeEditor (478)
[2017.03.29-18.28.58:960][ 12]LogModuleManager: Shutting down and abandoning module SceneDepthPickerMode (476)
[2017.03.29-18.28.58:960][ 12]LogModuleManager: Shutting down and abandoning module ActorPickerMode (474)
[2017.03.29-18.28.58:960][ 12]LogModuleManager: Shutting down and abandoning module GeometryMode (472)
[2017.03.29-18.28.58:960][ 12]LogModuleManager: Shutting down and abandoning module TextureAlignMode (470)
[2017.03.29-18.28.58:960][ 12]LogModuleManager: Shutting down and abandoning module BspMode (468)
[2017.03.29-18.28.58:960][ 12]LogModuleManager: Shutting down and abandoning module HardwareSurvey (466)
[2017.03.29-18.28.58:960][ 12]LogModuleManager: Shutting down and abandoning module SequenceRecorderSections (464)
[2017.03.29-18.28.58:960][ 12]LogModuleManager: Shutting down and abandoning module AutomationWorker (462)
[2017.03.29-18.28.58:960][ 12]LogModuleManager: Shutting down and abandoning module MatineeToLevelSequence (460)
[2017.03.29-18.28.58:960][ 12]LogModuleManager: Shutting down and abandoning module LevelSequenceEditor (458)
[2017.03.29-18.28.58:969][ 12]LogModuleManager: Shutting down and abandoning module PlacementMode (457)
[2017.03.29-18.28.58:969][ 12]LogModuleManager: Shutting down and abandoning module WmfMediaFactory (454)
[2017.03.29-18.28.58:969][ 12]LogModuleManager: Shutting down and abandoning module WmfMediaEditor (452)
[2017.03.29-18.28.58:969][ 12]LogModuleManager: Shutting down and abandoning module MfMediaFactory (450)
[2017.03.29-18.28.58:969][ 12]LogModuleManager: Shutting down and abandoning module MfMediaEditor (448)
[2017.03.29-18.28.58:969][ 12]LogModuleManager: Shutting down and abandoning module AvfMediaFactory (446)
[2017.03.29-18.28.58:969][ 12]LogModuleManager: Shutting down and abandoning module AvfMediaEditor (444)
[2017.03.29-18.28.58:969][ 12]LogModuleManager: Shutting down and abandoning module AndroidMediaFactory (442)
[2017.03.29-18.28.58:969][ 12]LogModuleManager: Shutting down and abandoning module Media (441)
[2017.03.29-18.28.58:969][ 12]LogModuleManager: Shutting down and abandoning module AndroidMediaEditor (438)
[2017.03.29-18.28.58:969][ 12]LogModuleManager: Shutting down and abandoning module CharacterAI (436)
[2017.03.29-18.28.58:969][ 12]LogModuleManager: Shutting down and abandoning module AudioCapture (434)
[2017.03.29-18.28.58:969][ 12]LogModuleManager: Shutting down and abandoning module SequenceRecorder (433)
[2017.03.29-18.28.58:969][ 12]LogModuleManager: Shutting down and abandoning module SmartSnapping (430)
[2017.03.29-18.28.58:969][ 12]LogModuleManager: Shutting down and abandoning module SessionServices (428)
[2017.03.29-18.28.58:969][ 12]LogModuleManager: Shutting down and abandoning module ViewportSnapping (426)
[2017.03.29-18.28.58:969][ 12]LogModuleManager: Shutting down and abandoning module ViewportInteraction (424)
[2017.03.29-18.28.58:969][ 12]LogModuleManager: Shutting down and abandoning module LogVisualizer (422)
[2017.03.29-18.28.58:981][ 12]LogModuleManager: Shutting down and abandoning module IntroTutorials (420)
[2017.03.29-18.28.58:993][ 12]LogModuleManager: Shutting down and abandoning module GameProjectGeneration (419)
[2017.03.29-18.28.59:000][ 12]LogModuleManager: Shutting down and abandoning module EditorLiveStreaming (416)
[2017.03.29-18.28.59:000][ 12]LogModuleManager: Shutting down and abandoning module IOSPlatformEditor (414)
[2017.03.29-18.28.59:000][ 12]LogModuleManager: Shutting down and abandoning module HTML5PlatformEditor (412)
[2017.03.29-18.28.59:000][ 12]LogModuleManager: Shutting down and abandoning module AndroidPlatformEditor (410)
[2017.03.29-18.28.59:000][ 12]LogModuleManager: Shutting down and abandoning module AndroidDeviceDetection (409)
[2017.03.29-18.28.59:461][ 12]LogModuleManager: Shutting down and abandoning module IOSRuntimeSettings (406)
[2017.03.29-18.28.59:461][ 12]LogModuleManager: Shutting down and abandoning module AndroidRuntimeSettings (404)
[2017.03.29-18.28.59:461][ 12]LogModuleManager: Shutting down and abandoning module InputBindingEditor (402)
[2017.03.29-18.28.59:461][ 12]LogModuleManager: Shutting down and abandoning module NiagaraEditor (400)
[2017.03.29-18.28.59:467][ 12]LogModuleManager: Shutting down and abandoning module MergeActors (398)
[2017.03.29-18.28.59:477][ 12]LogModuleManager: Shutting down and abandoning module SizeMap (396)
[2017.03.29-18.28.59:477][ 12]LogModuleManager: Shutting down and abandoning module TreeMap (394)
[2017.03.29-18.28.59:477][ 12]LogModuleManager: Shutting down and abandoning module ReferenceViewer (392)
[2017.03.29-18.28.59:477][ 12]LogModuleManager: Shutting down and abandoning module LocalizationDashboard (390)
[2017.03.29-18.28.59:487][ 12]LogModuleManager: Shutting down and abandoning module LocalizationService (389)
[2017.03.29-18.28.59:490][ 12]LogModuleManager: Shutting down and abandoning module HardwareTargeting (386)
[2017.03.29-18.28.59:490][ 12]LogModuleManager: Shutting down and abandoning module DeviceProfileEditor (384)
[2017.03.29-18.28.59:499][ 12]LogModuleManager: Shutting down and abandoning module UndoHistory (382)
[2017.03.29-18.28.59:499][ 12]LogModuleManager: Shutting down and abandoning module UserFeedback (380)
[2017.03.29-18.28.59:499][ 12]LogModuleManager: Shutting down and abandoning module XmlParser (378)
[2017.03.29-18.28.59:499][ 12]LogModuleManager: Shutting down and abandoning module Blutility (376)
[2017.03.29-18.28.59:499][ 12]LogModuleManager: Shutting down and abandoning module ProjectSettingsViewer (374)
[2017.03.29-18.28.59:499][ 12]LogModuleManager: Shutting down and abandoning module ProjectTargetPlatformEditor (373)
[2017.03.29-18.28.59:499][ 12]LogModuleManager: Shutting down and abandoning module EditorSettingsViewer (370)
[2017.03.29-18.28.59:499][ 12]LogModuleManager: Shutting down and abandoning module SettingsEditor (368)
[2017.03.29-18.28.59:499][ 12]LogModuleManager: Shutting down and abandoning module ProjectLauncher (366)
[2017.03.29-18.28.59:512][ 12]LogModuleManager: Shutting down and abandoning module SessionFrontend (364)
[2017.03.29-18.28.59:520][ 12]LogModuleManager: Shutting down and abandoning module ProfilerClient (362)
[2017.03.29-18.28.59:529][ 12]LogModuleManager: Shutting down and abandoning module DeviceManager (360)
[2017.03.29-18.28.59:534][ 12]LogModuleManager: Shutting down and abandoning module TargetDeviceServices (359)
[2017.03.29-18.28.59:575][ 12]LogModuleManager: Shutting down and abandoning module AutomationController (356)
[2017.03.29-18.28.59:575][ 12]LogModuleManager: Shutting down and abandoning module AutomationWindow (354)
[2017.03.29-18.28.59:588][ 12]LogModuleManager: Shutting down and abandoning module Layers (352)
[2017.03.29-18.28.59:593][ 12]LogModuleManager: Shutting down and abandoning module ComponentVisualizers (350)
[2017.03.29-18.28.59:593][ 12]LogModuleManager: Shutting down and abandoning module DetailCustomizations (348)
[2017.03.29-18.28.59:593][ 12]LogModuleManager: Shutting down and abandoning module PackagesDialog (346)
[2017.03.29-18.28.59:593][ 12]LogModuleManager: Shutting down and abandoning module Persona (344)
[2017.03.29-18.28.59:599][ 12]LogModuleManager: Shutting down and abandoning module AnimGraph (343)
[2017.03.29-18.28.59:599][ 12]LogModuleManager: Shutting down and abandoning module Kismet (340)
[2017.03.29-18.28.59:604][ 12]LogModuleManager: Shutting down and abandoning module GraphEditor (338)
[2017.03.29-18.28.59:604][ 12]LogModuleManager: Shutting down and abandoning module ClassViewer (336)
[2017.03.29-18.28.59:604][ 12]LogModuleManager: Shutting down and abandoning module Toolbox (334)
[2017.03.29-18.28.59:604][ 12]LogModuleManager: Shutting down and abandoning module ModuleUI (332)
[2017.03.29-18.28.59:615][ 12]LogModuleManager: Shutting down and abandoning module MovieSceneTools (330)
[2017.03.29-18.28.59:619][ 12]LogModuleManager: Shutting down and abandoning module OutputLog (328)
[2017.03.29-18.28.59:619][ 12]LogModuleManager: Shutting down and abandoning module GammaUI (326)
[2017.03.29-18.28.59:626][ 12]LogModuleManager: Shutting down and abandoning module Documentation (324)
[2017.03.29-18.28.59:626][ 12]LogModuleManager: Shutting down and abandoning module Niagara (322)
[2017.03.29-18.28.59:626][ 12]LogModuleManager: Shutting down and abandoning module StreamingPauseRendering (320)
[2017.03.29-18.28.59:626][ 12]LogModuleManager: Shutting down and abandoning module AnalyticsET (318)
[2017.03.29-18.28.59:626][ 12]LogModuleManager: Shutting down and abandoning module PortalServices (316)
[2017.03.29-18.28.59:626][ 12]LogModuleManager: Shutting down and abandoning module PortalRpc (314)
[2017.03.29-18.28.59:626][ 12]LogModuleManager: Shutting down and abandoning module MessagingRpc (312)
[2017.03.29-18.28.59:626][ 12]LogModuleManager: Shutting down and abandoning module AIModule (310)
[2017.03.29-18.28.59:626][ 12]LogModuleManager: Shutting down and abandoning module GameplayDebugger (309)
[2017.03.29-18.28.59:626][ 12]LogModuleManager: Shutting down and abandoning module AITestSuite (307)
[2017.03.29-18.28.59:626][ 12]LogModuleManager: Shutting down and abandoning module ProfilerService (304)
[2017.03.29-18.28.59:745][ 12]LogModuleManager: Shutting down and abandoning module TaskGraph (302)
[2017.03.29-18.28.59:745][ 12]LogModuleManager: Shutting down and abandoning module SteamVRController (300)
[2017.03.29-18.28.59:745][ 12]LogModuleManager: Shutting down and abandoning module SteamVR (298)
[2017.03.29-18.28.59:745][ 12]LogModuleManager: Shutting down and abandoning module ProceduralMeshComponentEditor (296)
[2017.03.29-18.28.59:745][ 12]LogModuleManager: Shutting down and abandoning module ProceduralMeshComponent (294)
[2017.03.29-18.28.59:746][ 12]LogModuleManager: Shutting down and abandoning module OculusLibrary (292)
[2017.03.29-18.28.59:746][ 12]LogModuleManager: Shutting down and abandoning module OculusInput (290)
[2017.03.29-18.28.59:746][ 12]LogModuleManager: Shutting down and abandoning module MobilePatchingUtils (288)
[2017.03.29-18.28.59:746][ 12]LogModuleManager: Shutting down and abandoning module CustomMeshComponent (286)
[2017.03.29-18.28.59:746][ 12]LogModuleManager: Shutting down and abandoning module CableComponent (284)
[2017.03.29-18.28.59:746][ 12]LogModuleManager: Shutting down and abandoning module ArchVisCharacter (282)
[2017.03.29-18.28.59:746][ 12]LogModuleManager: Shutting down and abandoning module MediaPlayerEditor (278)
[2017.03.29-18.28.59:757][ 12]LogModuleManager: Shutting down and abandoning module HTML5Networking (276)
[2017.03.29-18.28.59:757][ 12]LogModuleManager: Shutting down and abandoning module AlembicImporter (274)
[2017.03.29-18.28.59:764][ 12]LogModuleManager: Shutting down and abandoning module AlembicLibrary (273)
[2017.03.29-18.28.59:764][ 12]LogModuleManager: Shutting down and abandoning module GeometryCache (272)
[2017.03.29-18.28.59:764][ 12]LogModuleManager: Shutting down and abandoning module GeometryCacheEd (271)
[2017.03.29-18.28.59:764][ 12]LogModuleManager: Shutting down and abandoning module SuperSearchEditor (266)
[2017.03.29-18.28.59:764][ 12]LogModuleManager: Shutting down and abandoning module SuperSearch (265)
[2017.03.29-18.28.59:764][ 12]LogModuleManager: Shutting down and abandoning module SpeedTreeImporter (262)
[2017.03.29-18.28.59:764][ 12]LogModuleManager: Shutting down and abandoning module PluginBrowser (260)
[2017.03.29-18.28.59:775][ 12]LogModuleManager: Shutting down and abandoning module MobileLauncherProfileWizard (258)
[2017.03.29-18.28.59:775][ 12]LogModuleManager: Shutting down and abandoning module EpicSurvey (256)
[2017.03.29-18.28.59:775][ 12]LogModuleManager: Shutting down and abandoning module VisualStudioSourceCodeAccess (254)
[2017.03.29-18.28.59:776][ 12]LogModuleManager: Shutting down and abandoning module DesktopPlatform (253)
[2017.03.29-18.28.59:776][ 12]LogModuleManager: Shutting down and abandoning module UObjectPlugin (250)
[2017.03.29-18.28.59:776][ 12]LogModuleManager: Shutting down and abandoning module SubversionSourceControl (248)
[2017.03.29-18.28.59:776][ 12]LogModuleManager: Shutting down and abandoning module PerforceSourceControl (246)
[2017.03.29-18.28.59:781][ 12]LogModuleManager: Shutting down and abandoning module GitSourceControl (244)
[2017.03.29-18.28.59:781][ 12]LogModuleManager: Shutting down and abandoning module SourceControl (243)
[2017.03.29-18.28.59:781][ 12]LogModuleManager: Shutting down and abandoning module LightPropagationVolumeEditor (240)
[2017.03.29-18.28.59:781][ 12]LogModuleManager: Shutting down and abandoning module PaperTiledImporter (238)
[2017.03.29-18.28.59:781][ 12]LogModuleManager: Shutting down and abandoning module PaperSpriteSheetImporter (236)
[2017.03.29-18.28.59:781][ 12]LogModuleManager: Shutting down and abandoning module Paper2DEditor (234)
[2017.03.29-18.28.59:784][ 12]LogModuleManager: Shutting down and abandoning module MeshPaint (233)
[2017.03.29-18.28.59:784][ 12]LogModuleManager: Shutting down and abandoning module LevelEditor (231)
[2017.03.29-18.28.59:785][ 12]LogModuleManager: Shutting down and abandoning module PixelInspectorModule (230)
[2017.03.29-18.28.59:785][ 12]LogModuleManager: Shutting down and abandoning module MainFrame (228)
[2017.03.29-18.28.59:785][ 12]LogModuleManager: Shutting down and abandoning module HotReload (227)
[2017.03.29-18.28.59:785][ 12]LogModuleManager: Shutting down and abandoning module ContentBrowser (223)
[2017.03.29-18.28.59:786][ 12]LogModuleManager: Shutting down and abandoning module PhysXVehiclesEditor (220)
[2017.03.29-18.28.59:786][ 12]LogModuleManager: Shutting down and abandoning module PhysXVehicles (218)
[2017.03.29-18.28.59:786][ 12]LogModuleManager: Shutting down and abandoning module LocationServicesBPLibrary (216)
[2017.03.29-18.28.59:786][ 12]LogModuleManager: Shutting down and abandoning module UdpMessaging (214)
[2017.03.29-18.28.59:886][ 12]LogModuleManager: Shutting down and abandoning module TcpMessaging (212)
[2017.03.29-18.28.59:987][ 12]LogModuleManager: Shutting down and abandoning module GameplayTagsEditor (210)
[2017.03.29-18.28.59:987][ 12]LogModuleManager: Shutting down and abandoning module FacialAnimationEditor (208)
[2017.03.29-18.28.59:991][ 12]LogModuleManager: Shutting down and abandoning module FacialAnimation (206)
[2017.03.29-18.28.59:991][ 12]LogModuleManager: Shutting down and abandoning module LightPropagationVolumeRuntime (204)
[2017.03.29-18.28.59:991][ 12]LogModuleManager: Shutting down and abandoning module Paper2D (202)
[2017.03.29-18.28.59:991][ 12]LogModuleManager: Shutting down and abandoning module WindowsMoviePlayer (200)
[2017.03.29-18.28.59:991][ 12]LogModuleManager: Shutting down and abandoning module WmfMedia (198)
[2017.03.29-18.28.59:991][ 12]LogModuleManager: Shutting down and abandoning module MfMedia (196)
[2017.03.29-18.28.59:991][ 12]LogModuleManager: Shutting down and abandoning module MediaAssets (194)
[2017.03.29-18.28.59:991][ 12]LogModuleManager: Shutting down and abandoning module GameLiveStreaming (192)
[2017.03.29-18.28.59:991][ 12]LogModuleManager: Shutting down and abandoning module VREditor (190)
[2017.03.29-18.28.59:991][ 12]LogModuleManager: Shutting down and abandoning module GameplayTasksEditor (188)
[2017.03.29-18.28.59:991][ 12]LogModuleManager: Shutting down and abandoning module BehaviorTreeEditor (186)
[2017.03.29-18.29.00:010][ 12]LogModuleManager: Shutting down and abandoning module FunctionalTesting (184)
[2017.03.29-18.29.00:010][ 12]LogModuleManager: Shutting down and abandoning module CollisionAnalyzer (182)
[2017.03.29-18.29.00:014][ 12]LogModuleManager: Shutting down and abandoning module UMG (180)
[2017.03.29-18.29.00:019][ 12]LogModuleManager: Shutting down and abandoning module UMGEditor (179)
[2017.03.29-18.29.00:040][ 12]LogModuleManager: Shutting down and abandoning module Sequencer (178)
[2017.03.29-18.29.00:049][ 12]LogModuleManager: Shutting down and abandoning module AssetTools (176)
[2017.03.29-18.29.00:061][ 12]LogModuleManager: Shutting down and abandoning module MessageLog (175)
[2017.03.29-18.29.00:061][ 12]LogModuleManager: Shutting down and abandoning module WorkspaceMenuStructure (174)
[2017.03.29-18.29.00:061][ 12]LogModuleManager: Shutting down and abandoning module SlateReflector (168)
[2017.03.29-18.29.00:073][ 12]LogModuleManager: Shutting down and abandoning module Slate (166)
[2017.03.29-18.29.00:073][ 12]LogModuleManager: Shutting down and abandoning module EditorStyle (164)
[2017.03.29-18.29.00:075][ 12]LogModuleManager: Shutting down and abandoning module SourceCodeAccess (162)
[2017.03.29-18.29.00:075][ 12]LogModuleManager: Shutting down and abandoning module HeadMountedDisplay (160)
[2017.03.29-18.29.00:075][ 12]LogModuleManager: Shutting down and abandoning module XAudio2 (158)
[2017.03.29-18.29.00:075][ 12]LogModuleManager: Shutting down and abandoning module Networking (156)
[2017.03.29-18.29.00:075][ 12]LogModuleManager: Shutting down and abandoning module Core (152)
[2017.03.29-18.29.00:075][ 12]LogModuleManager: Shutting down and abandoning module AssetRegistry (150)
[2017.03.29-18.29.00:243][ 12]LogDirectoryWatcher: A directory notification for '../../../Engine/Content/' was aborted.
[2017.03.29-18.29.00:243][ 12]LogDirectoryWatcher: A directory notification for '../../../../../../Downloads/VR4NewScene/VR4NewScene/VR4/Content/' was aborted.
[2017.03.29-18.29.00:243][ 12]LogDirectoryWatcher: A directory notification for '../../../Engine/Plugins/2D/Paper2D/Content/' was aborted.
[2017.03.29-18.29.00:243][ 12]LogModuleManager: Shutting down and abandoning module DirectoryWatcher (149)
[2017.03.29-18.29.00:244][ 12]LogModuleManager: Shutting down and abandoning module KismetCompiler (146)
[2017.03.29-18.29.00:244][ 12]LogModuleManager: Shutting down and abandoning module PhysXFormats (144)
[2017.03.29-18.29.00:244][ 12]LogModuleManager: Shutting down and abandoning module MeshUtilities (142)
[2017.03.29-18.29.00:244][ 12]LogModuleManager: Shutting down and abandoning module SimplygonSwarm (141)
[2017.03.29-18.29.00:244][ 12]LogModuleManager: Shutting down and abandoning module SimplygonMeshReduction (139)
[2017.03.29-18.29.00:244][ 12]LogModuleManager: Shutting down and abandoning module QuadricMeshReduction (137)
[2017.03.29-18.29.00:244][ 12]LogModuleManager: Shutting down and abandoning module PropertyEditor (135)
[2017.03.29-18.29.00:244][ 12]LogModuleManager: Shutting down and abandoning module DerivedDataCache (132)
[2017.03.29-18.29.00:253][ 12]LogDerivedDataCache: Shutdown
[2017.03.29-18.29.00:253][ 12]LogModuleManager: Shutting down and abandoning module TargetPlatform (130)
[2017.03.29-18.29.00:253][ 12]LogModuleManager: Shutting down and abandoning module VulkanShaderFormat (129)
[2017.03.29-18.29.00:253][ 12]LogModuleManager: Shutting down and abandoning module ShaderFormatOpenGL (127)
[2017.03.29-18.29.00:258][ 12]LogModuleManager: Shutting down and abandoning module ShaderFormatD3D (125)
[2017.03.29-18.29.00:258][ 12]LogModuleManager: Shutting down and abandoning module MetalShaderFormat (123)
[2017.03.29-18.29.00:264][ 12]LogModuleManager: Shutting down and abandoning module TextureFormatUncompressed (121)
[2017.03.29-18.29.00:264][ 12]LogModuleManager: Shutting down and abandoning module TextureFormatPVR (119)
[2017.03.29-18.29.00:264][ 12]LogModuleManager: Shutting down and abandoning module TextureFormatDXT (117)
[2017.03.29-18.29.00:264][ 12]LogModuleManager: Shutting down and abandoning module TextureFormatIntelISPCTexComp (115)
[2017.03.29-18.29.00:264][ 12]LogModuleManager: Shutting down and abandoning module TextureFormatASTC (113)
[2017.03.29-18.29.00:264][ 12]LogModuleManager: Shutting down and abandoning module ImageWrapper (112)
[2017.03.29-18.29.00:264][ 12]LogModuleManager: Shutting down and abandoning module TextureFormatAndroid (109)
[2017.03.29-18.29.00:264][ 12]LogModuleManager: Shutting down and abandoning module AudioFormatOpus (107)
[2017.03.29-18.29.00:264][ 12]LogModuleManager: Shutting down and abandoning module AudioFormatOgg (105)
[2017.03.29-18.29.00:264][ 12]LogModuleManager: Shutting down and abandoning module AudioFormatADPCM (103)
[2017.03.29-18.29.00:264][ 12]LogModuleManager: Shutting down and abandoning module LinuxTargetPlatform (101)
[2017.03.29-18.29.00:264][ 12]LogModuleManager: Shutting down and abandoning module LinuxServerTargetPlatform (99)
[2017.03.29-18.29.00:264][ 12]LogModuleManager: Shutting down and abandoning module LinuxNoEditorTargetPlatform (97)
[2017.03.29-18.29.00:264][ 12]LogModuleManager: Shutting down and abandoning module LinuxClientTargetPlatform (95)
[2017.03.29-18.29.00:264][ 12]LogModuleManager: Shutting down and abandoning module TVOSTargetPlatform (93)
[2017.03.29-18.29.00:264][ 12]LogModuleManager: Shutting down and abandoning module Messaging (91)
[2017.03.29-18.29.00:264][ 12]LogModuleManager: Shutting down and abandoning module IOSTargetPlatform (89)
[2017.03.29-18.29.00:264][ 12]LogModuleManager: Shutting down and abandoning module HTML5TargetPlatform (87)
[2017.03.29-18.29.00:264][ 12]LogModuleManager: Shutting down and abandoning module Android_PVRTCTargetPlatform (85)
[2017.03.29-18.29.00:264][ 12]LogModuleManager: Shutting down and abandoning module Android_MultiTargetPlatform (83)
[2017.03.29-18.29.00:264][ 12]LogModuleManager: Shutting down and abandoning module Android_ETC2TargetPlatform (81)
[2017.03.29-18.29.00:264][ 12]LogModuleManager: Shutting down and abandoning module Android_ETC1TargetPlatform (79)
[2017.03.29-18.29.00:264][ 12]LogModuleManager: Shutting down and abandoning module Android_DXTTargetPlatform (77)
[2017.03.29-18.29.00:264][ 12]LogModuleManager: Shutting down and abandoning module Android_ATCTargetPlatform (75)
[2017.03.29-18.29.00:264][ 12]LogModuleManager: Shutting down and abandoning module Android_ASTCTargetPlatform (73)
[2017.03.29-18.29.00:265][ 12]LogModuleManager: Shutting down and abandoning module AndroidTargetPlatform (71)
[2017.03.29-18.29.00:265][ 12]LogModuleManager: Shutting down and abandoning module WindowsTargetPlatform (69)
[2017.03.29-18.29.00:265][ 12]LogModuleManager: Shutting down and abandoning module WindowsServerTargetPlatform (67)
[2017.03.29-18.29.00:265][ 12]LogModuleManager: Shutting down and abandoning module WindowsNoEditorTargetPlatform (65)
[2017.03.29-18.29.00:265][ 12]LogModuleManager: Shutting down and abandoning module WindowsClientTargetPlatform (63)
[2017.03.29-18.29.00:265][ 12]LogModuleManager: Shutting down and abandoning module MacTargetPlatform (61)
[2017.03.29-18.29.00:265][ 12]LogModuleManager: Shutting down and abandoning module MacServerTargetPlatform (59)
[2017.03.29-18.29.00:265][ 12]LogModuleManager: Shutting down and abandoning module MacNoEditorTargetPlatform (57)
[2017.03.29-18.29.00:265][ 12]LogModuleManager: Shutting down and abandoning module MacClientTargetPlatform (55)
[2017.03.29-18.29.00:265][ 12]LogModuleManager: Shutting down and abandoning module AllDesktopTargetPlatform (53)
[2017.03.29-18.29.00:265][ 12]LogModuleManager: Shutting down and abandoning module InputCore (50)
[2017.03.29-18.29.00:265][ 12]LogModuleManager: Shutting down and abandoning module Settings (48)
[2017.03.29-18.29.00:265][ 12]LogModuleManager: Shutting down and abandoning module OculusRift (46)
[2017.03.29-18.29.00:266][ 12]LogHMD: Oculus shutdown.
[2017.03.29-18.29.00:266][ 12]LogModuleManager: Shutting down and abandoning module ExampleDeviceProfileSelector (44)
[2017.03.29-18.29.00:266][ 12]LogModuleManager: Shutting down and abandoning module OnlineBlueprintSupport (42)
[2017.03.29-18.29.00:266][ 12]LogModuleManager: Shutting down and abandoning module OnlineSubsystem (38)
[2017.03.29-18.29.00:266][ 12]LogOnline:Display: Unloading online subsystem: NULL
[2017.03.29-18.29.00:276][ 12]LogModuleManager: Shutting down and abandoning module XMPP (37)
[2017.03.29-18.29.00:285][ 12]LogModuleManager: Shutting down and abandoning module HTTP (35)
[2017.03.29-18.29.00:285][ 12]LogHttp:Display: Http module shutting down, but needs to wait on 1 outstanding Http requests:
[2017.03.29-18.29.00:285][ 12]LogHttp:Display: 	verb=[POST] url=[https://datarouter.ol.epicgames.com/datarouter/api/v1/public/data?SessionID=%7B1D7CE856-4F3E-8E94-0A07-EFAC5437DB3B%7D&AppID=UEEditor.Rocket.Release&AppVersion=4.15.0-3299760%2B%2B%2BUE4%2BRelease-4.15&UserID=a28fc3c54d64ce5f3c23679c631640e8%7Cc00c41ef934d44e688bcf7564ca0d977%7Cd0b621ce-6b9b-4190-88b5-9f8a6c5ae14a&AppEnvironment=datacollector-binary&UploadType=eteventstream] status=Processing
[2017.03.29-18.29.00:312][ 12]LogModuleManager: Shutting down and abandoning module SSL (34)
[2017.03.29-18.29.00:313][ 12]LogModuleManager: Shutting down and abandoning module AudioEditor (30)
[2017.03.29-18.29.00:318][ 12]LogModuleManager: Shutting down and abandoning module TextureCompressor (28)
[2017.03.29-18.29.00:318][ 12]LogModuleManager: Shutting down and abandoning module ShaderCore (26)
[2017.03.29-18.29.00:318][ 12]LogModuleManager: Shutting down and abandoning module Landscape (24)
[2017.03.29-18.29.00:318][ 12]LogModuleManager: Shutting down and abandoning module SlateRHIRenderer (22)
[2017.03.29-18.29.00:326][ 12]LogModuleManager: Shutting down and abandoning module OpenGLDrv (20)
[2017.03.29-18.29.00:334][ 12]LogModuleManager: Shutting down and abandoning module D3D11RHI (18)
[2017.03.29-18.29.00:334][ 12]LogModuleManager: Shutting down and abandoning module AnimGraphRuntime (16)
[2017.03.29-18.29.00:334][ 12]LogModuleManager: Shutting down and abandoning module Renderer (14)
[2017.03.29-18.29.00:334][ 12]LogModuleManager: Shutting down and abandoning module Engine (12)
[2017.03.29-18.29.00:334][ 12]LogModuleManager: Shutting down and abandoning module CoreUObject (10)
[2017.03.29-18.29.00:334][ 12]LogModuleManager: Shutting down and abandoning module NetworkFile (8)
[2017.03.29-18.29.00:334][ 12]LogModuleManager: Shutting down and abandoning module StreamingFile (6)
[2017.03.29-18.29.00:334][ 12]LogModuleManager: Shutting down and abandoning module SandboxFile (4)
[2017.03.29-18.29.00:334][ 12]LogModuleManager: Shutting down and abandoning module PakFile (2)
[2017.03.29-18.29.00:342][ 12]LogExit: Exiting.
[2017.03.29-18.29.00:343][ 12]Log file closed, 03/29/17 20:29:00
