Log file open, 03/30/17 18:52:16
LogInit:Display: Running engine for game: VR4
LogPlatformFile: Not using cached read wrapper
LogInit:Display: RandInit(1491451433) SRandInit(1491451433).
LogTaskGraph: Started task graph with 5 named threads and 8 total threads with 1 sets of task threads.
LogStats: Stats thread started at 0.140700
LogInit: Using libcurl 7.47.1
LogInit:  - built for x86_64-pc-win32
LogInit:  - supports SSL with OpenSSL/1.0.2g
LogInit:  - supports HTTP deflate (compression) using libz 1.2.8
LogInit:  - other features:
LogInit:      CURL_VERSION_SSL
LogInit:      CURL_VERSION_LIBZ
LogInit:      CURL_VERSION_IPV6
LogInit:      CURL_VERSION_ASYNCHDNS
LogInit:      CURL_VERSION_LARGEFILE
LogInit:      CURL_VERSION_IDN
LogInit:  CurlRequestOptions (configurable via config and command line):
LogInit:  - bVerifyPeer = false  - Libcurl will NOT verify peer certificate
LogInit:  - bUseHttpProxy = false  - Libcurl will NOT use HTTP proxy
LogInit:  - bDontReuseConnections = false  - Libcurl will reuse connections
LogInit:  - CertBundlePath = nullptr  - Libcurl will use whatever was configured at build time.
OCULUS: Info: [CAPI] LibOVR module is located at C:\Program Files\Oculus\Support\oculus-runtime\LibOVRRT64_1.dll
OCULUS: Debug: Connected to the server running version (prod = 1).1.13.0(build = 361842) feature version = 0. Client runs version (prod = 1).1.13.0(build = 361842) feature version = 0
LogInit: Build: ++UE4+Release-4.15-CL-3299760
LogInit: Engine Version: 4.15.0-3299760+++UE4+Release-4.15
LogInit: Compatible Engine Version: 4.15.0-3299760+++UE4+Release-4.15
LogInit: Net CL: 3299760
LogDevObjectVersion: Number of dev versions registered: 14
LogDevObjectVersion:   Dev-Blueprints (B0D832E4-1F89-4F0D-ACCF-7EB736FD4AA2): 8
LogDevObjectVersion:   Dev-Build (E1C64328-A22C-4D53-A36C-8E866417BD8C): 0
LogDevObjectVersion:   Dev-Core (375EC13C-06E4-48FB-B500-84F0262A717E): 2
LogDevObjectVersion:   Dev-Editor (E4B068ED-F494-42E9-A231-DA0B2E46BB41): 14
LogDevObjectVersion:   Dev-Framework (CFFC743F-43B0-4480-9391-14DF171D2073): 22
LogDevObjectVersion:   Dev-Mobile (B02B49B5-BB20-44E9-A304-32B752E40360): 0
LogDevObjectVersion:   Dev-Networking (A4E4105C-59A1-49B5-A7C5-40C4547EDFEE): 0
LogDevObjectVersion:   Dev-Online (39C831C9-5AE6-47DC-9A44-9C173E1C8E7C): 0
LogDevObjectVersion:   Dev-Physics (78F01B33-EBEA-4F98-B9B4-84EACCB95AA2): 0
LogDevObjectVersion:   Dev-Platform (6631380F-2D4D-43E0-8009-CF276956A95A): 0
LogDevObjectVersion:   Dev-Rendering (12F88B9F-8875-4AFC-A67C-D90C383ABD29): 12
LogDevObjectVersion:   Dev-Sequencer (7B5AE74C-D270-4C10-A958-57980B212A5A): 3
LogDevObjectVersion:   Dev-VR (D7296918-1DD6-4BDD-9DE2-64A83CC13884): 0
LogDevObjectVersion:   Dev-LoadTimes (C2A15278-BFE7-4AFE-6C17-90FF531DF755): 1
LogInit: Compiled (64-bit): Feb 14 2017 02:04:14
LogInit: Compiled with Visual C++: 19.00.23026.00
LogInit: Build Configuration: Development
LogInit: Branch Name: ++UE4+Release-4.15
LogInit: Command line:  
LogInit: Base directory: D:/Game Development/Unreal Engine/UE_4.15/Engine/Binaries/Win64/
LogInit: Installed Engine Build: 1
LogInit: Presizing for max 8388607 objects, including 0 objects not considered by GC, pre-allocating 0 bytes for permanent pool.
LogInit: Object subsystem initialized
[2017.03.30-16.52.19:308][  0]LogConsoleManager:Display: Setting the console variable 'r.RHICmdBypass' with 'SetByProjectSetting' was ignored as it is lower priority than the previous 'SetBySystemSettingsIni'. Value remains '1'
[2017.03.30-16.52.19:381][  0]LogInit: Selected Device Profile: [Windows]
[2017.03.30-16.52.19:381][  0]LogInit: Applying CVar settings loaded from the selected device profile: [Windows]
[2017.03.30-16.52.19:506][  0]LogInit: Computer: JESSE-MSI
[2017.03.30-16.52.19:506][  0]LogInit: User: Thovex
[2017.03.30-16.52.19:506][  0]LogInit: CPU Page size=65536, Cores=4
[2017.03.30-16.52.19:506][  0]LogInit: High frequency timer resolution =2.742188 MHz
[2017.03.30-16.52.19:517][  0]LogMemory: Memory total: Physical=16.0GB (16GB approx)
[2017.03.30-16.52.19:517][  0]LogMemory: Platform Memory Stats for Windows
[2017.03.30-16.52.19:517][  0]LogMemory: Process Physical Memory: 268.58 MB used, 268.58 MB peak
[2017.03.30-16.52.19:517][  0]LogMemory: Process Virtual Memory: 265.94 MB used, 265.94 MB peak
[2017.03.30-16.52.19:517][  0]LogMemory: Physical Memory: 6011.19 MB used,  10330.22 MB free, 16341.41 MB total
[2017.03.30-16.52.19:517][  0]LogMemory: Virtual Memory: 681.75 MB used,  10330.22 MB free, 134217728.00 MB total
[2017.03.30-16.52.21:253][  0]LogTextLocalizationManager: No specific translations for ('en-US') exist, so ('en') translations will be used.
[2017.03.30-16.52.24:902][  0]LogD3D11RHI: D3D11 adapters:
[2017.03.30-16.52.25:601][  0]LogD3D11RHI:    0. 'NVIDIA GeForce GTX 1070' (Feature Level 11_0)
[2017.03.30-16.52.25:601][  0]LogD3D11RHI:       8113/0/8170 MB DedicatedVideo/DedicatedSystem/SharedSystem, Outputs:2, VendorId:0x10de
[2017.03.30-16.52.25:603][  0]LogD3D11RHI:    1. 'Microsoft Basic Render Driver' (Feature Level 11_0)
[2017.03.30-16.52.25:603][  0]LogD3D11RHI:       0/0/8170 MB DedicatedVideo/DedicatedSystem/SharedSystem, Outputs:0, VendorId:0x1414
[2017.03.30-16.52.25:603][  0]LogD3D11RHI: Chosen D3D11 Adapter: 0
[2017.03.30-16.52.25:633][  0]LogD3D11RHI: Creating new Direct3DDevice
[2017.03.30-16.52.25:633][  0]LogD3D11RHI:     GPU DeviceId: 0x1be1 (for the marketing name, search the web for "GPU Device Id")
[2017.03.30-16.52.25:633][  0]LogWindows: EnumDisplayDevices:
[2017.03.30-16.52.25:633][  0]LogWindows:    0. 'NVIDIA GeForce GTX 1070' (P:0 D:1)
[2017.03.30-16.52.25:633][  0]LogWindows:    1. 'NVIDIA GeForce GTX 1070' (P:1 D:1)
[2017.03.30-16.52.25:633][  0]LogWindows:    2. 'NVIDIA GeForce GTX 1070' (P:0 D:0)
[2017.03.30-16.52.25:633][  0]LogWindows:    3. 'NVIDIA GeForce GTX 1070' (P:0 D:0)
[2017.03.30-16.52.25:633][  0]LogWindows: DebugString: FoundDriverCount:4 
[2017.03.30-16.52.25:633][  0]LogD3D11RHI:     Adapter Name: NVIDIA GeForce GTX 1070
[2017.03.30-16.52.25:633][  0]LogD3D11RHI:   Driver Version: 378.92 (internal:21.21.13.7892, unified:378.92)
[2017.03.30-16.52.25:633][  0]LogD3D11RHI:      Driver Date: 3-16-2017
[2017.03.30-16.52.25:634][  0]LogRHI: Texture pool is 1361 MB (70% of 1945 MB)
[2017.03.30-16.52.26:252][  0]LogD3D11RHI: Async texture creation enabled
[2017.03.30-16.52.26:593][  0]LogD3D11RHI: GPU Timing Frequency: 1000.000000 (Debug: 2 1)
[2017.03.30-16.52.26:788][  0]LogShaderCompilers: Guid format shader working directory is -8 characters bigger than the processId version (../../../../../../Downloads/VR4NewScene/VR4NewScene/VR4/Intermediate/Shaders/WorkingDirectory/9140/).
[2017.03.30-16.52.26:788][  0]LogShaderCompilers: Cleaned the shader compiler working directory 'C:/Users/Thovex/AppData/Local/Temp/UnrealShaderWorkingDir/70E3CF494745EE2372444684BE12D4AC/'.
[2017.03.30-16.52.26:798][  0]LogShaderCompilers:Display: Using Local Shader Compiler.
[2017.03.30-16.52.37:781][  0]LogTemp:Display: Loaded TP AllDesktopTargetPlatform
[2017.03.30-16.52.37:847][  0]LogTemp:Display: Loaded TP MacClientTargetPlatform
[2017.03.30-16.52.37:897][  0]LogTemp:Display: Loaded TP MacNoEditorTargetPlatform
[2017.03.30-16.52.37:944][  0]LogTemp:Display: Loaded TP MacServerTargetPlatform
[2017.03.30-16.52.38:021][  0]LogTemp:Display: Loaded TP MacTargetPlatform
[2017.03.30-16.52.38:077][  0]LogTemp:Display: Loaded TP WindowsClientTargetPlatform
[2017.03.30-16.52.38:129][  0]LogTemp:Display: Loaded TP WindowsNoEditorTargetPlatform
[2017.03.30-16.52.38:181][  0]LogTemp:Display: Loaded TP WindowsServerTargetPlatform
[2017.03.30-16.52.38:238][  0]LogTemp:Display: Loaded TP WindowsTargetPlatform
[2017.03.30-16.52.38:290][  0]LogTemp:Display: Loaded TP AndroidTargetPlatform
[2017.03.30-16.52.38:355][  0]LogTemp:Display: Loaded TP Android_ASTCTargetPlatform
[2017.03.30-16.52.38:411][  0]LogTemp:Display: Loaded TP Android_ATCTargetPlatform
[2017.03.30-16.52.38:464][  0]LogTemp:Display: Loaded TP Android_DXTTargetPlatform
[2017.03.30-16.52.38:513][  0]LogTemp:Display: Loaded TP Android_ETC1TargetPlatform
[2017.03.30-16.52.38:560][  0]LogTemp:Display: Loaded TP Android_ETC2TargetPlatform
[2017.03.30-16.52.38:681][  0]LogTemp:Display: Loaded TP Android_MultiTargetPlatform
[2017.03.30-16.52.38:681][  0]LogTemp:Display: Loaded TP Android_PVRTCTargetPlatform
[2017.03.30-16.52.38:714][  0]LogTemp:Display: Loaded TP HTML5TargetPlatform
[2017.03.30-16.52.38:920][  0]LogTemp:Display: Loaded TP IOSTargetPlatform
[2017.03.30-16.52.38:956][  0]LogTemp:Display: Loaded TP TVOSTargetPlatform
[2017.03.30-16.52.39:010][  0]LogTemp:Display: Loaded TP LinuxClientTargetPlatform
[2017.03.30-16.52.39:067][  0]LogTemp:Display: Loaded TP LinuxNoEditorTargetPlatform
[2017.03.30-16.52.39:117][  0]LogTemp:Display: Loaded TP LinuxServerTargetPlatform
[2017.03.30-16.52.39:193][  0]LogTemp:Display: Loaded TP LinuxTargetPlatform
[2017.03.30-16.52.39:193][  0]LogTargetPlatformManager:Display: Building Assets For Windows
[2017.03.30-16.52.41:120][  0]LogDerivedDataCache:Display: Max Cache Size: 512 MB
[2017.03.30-16.52.41:377][  0]LogDerivedDataCache: Loaded boot cache 0.26s 61MB C:/Users/Thovex/AppData/Local/UnrealEngine/4.15/DerivedDataCache/Boot.ddc.
[2017.03.30-16.52.41:377][  0]LogDerivedDataCache:Display: Loaded Boot cache: C:/Users/Thovex/AppData/Local/UnrealEngine/4.15/DerivedDataCache/Boot.ddc
[2017.03.30-16.52.41:377][  0]LogDerivedDataCache: FDerivedDataBackendGraph:  Pak pak cache file ../../../../../../Downloads/VR4NewScene/VR4NewScene/VR4/DerivedDataCache/DDC.ddp not found, will not use a pak cache.
[2017.03.30-16.52.41:377][  0]LogDerivedDataCache: Unable to find inner node Pak for hierarchical cache Hierarchy.
[2017.03.30-16.52.41:377][  0]LogDerivedDataCache: FDerivedDataBackendGraph:  CompressedPak pak cache file ../../../../../../Downloads/VR4NewScene/VR4NewScene/VR4/DerivedDataCache/Compressed.ddp not found, will not use a pak cache.
[2017.03.30-16.52.41:377][  0]LogDerivedDataCache: Unable to find inner node CompressedPak for hierarchical cache Hierarchy.
[2017.03.30-16.52.41:533][  0]LogDerivedDataCache:Display: Pak cache opened for reading ../../../Engine/DerivedDataCache/Compressed.ddp.
[2017.03.30-16.52.41:545][  0]LogDerivedDataCache: Using Local data cache path C:/Users/Thovex/AppData/Local/UnrealEngine/Common/DerivedDataCache: Writable
[2017.03.30-16.52.42:009][  0]LogSlate: Using Freetype 2.6.0
[2017.03.30-16.52.42:096][  0]LogSlate: SlateFontCache - WITH_FREETYPE: 1, WITH_HARFBUZZ: 1
[2017.03.30-16.52.42:096][  0]LogSlate: SlateFontCache - WITH_FREETYPE: 1, WITH_HARFBUZZ: 1
[2017.03.30-16.52.56:524][  0]LogInit: Selected Device Profile: [Windows]
[2017.03.30-16.52.56:617][  0]LogContentStreaming: Texture pool size is 0.00 MB
[2017.03.30-16.52.57:263][  0]LogMeshUtilities: Using QuadricMeshReduction for automatic static mesh reduction
[2017.03.30-16.52.57:399][  0]LogSimplygon: Simplygon DLL not present - disabling.
[2017.03.30-16.52.57:454][  0]LogMeshUtilities: Using SimplygonSwarm for distributed automatic mesh merging
[2017.03.30-16.52.57:454][  0]LogMeshUtilities: No automatic skeletal mesh reduction module available
[2017.03.30-16.52.57:454][  0]LogMeshUtilities: No automatic mesh merging module available
[2017.03.30-16.53.01:916][  0]LogNetVersion: GetLocalNetworkVersion: CL: 3299760, ProjectName: vr4, ProjectVersion: , EngineNetworkVersion: 2, GameNetworkVersion: 0, NetworkChecksum: 772521802
[2017.03.30-16.53.02:053][  0]LogAssetRegistry: FAssetRegistry took 0.0240 seconds to start up
[2017.03.30-16.53.02:199][  0]LogPackageLocalizationCache: Processed 3 localized package path(s) for 2 prioritized culture(s) in 0.052560 seconds
[2017.03.30-16.53.02:207][  0]LogUObjectArray: 32475 objects as part of root set at end of initial load.
[2017.03.30-16.53.02:207][  0]LogUObjectAllocator: 7073368 out of 0 bytes used by permanent object pool.
[2017.03.30-16.53.02:207][  0]LogUObjectArray: CloseDisregardForGC: 0/0 objects in disregard for GC pool
[2017.03.30-16.53.02:270][  0]LogInit: WinSock: version 1.1 (2.2), MaxSocks=32767, MaxUdp=65467
[2017.03.30-16.53.09:987][  0]LogTcpMessaging: Initializing TcpMessaging bridge
[2017.03.30-16.53.10:032][  0]LogUdpMessaging: Initializing bridge on interface 0.0.0.0:0 to multicast group 230.0.0.1:6666.
[2017.03.30-16.53.10:033][  0]FUdpSocketBuilder: Failed to subscribe UdpMessageMulticastSocket to multicast group 230.0.0.1
[2017.03.30-16.53.10:033][  0]FUdpSocketBuilder: Failed to create and initialize socket UdpMessageMulticastSocket (last error: 0)
[2017.03.30-16.53.10:033][  0]LogUdpMessaging:Warning: StartTransport failed to create multicast socket on 0.0.0.0:0, joined to 230.0.0.1:6666 with TTL 1
[2017.03.30-16.53.11:428][  0]LogMaterial: Uniform references updated for custom material expression Custom.
[2017.03.30-16.53.12:152][  0]SourceControl: Info Source control is disabled
[2017.03.30-16.53.12:157][  0]SourceControl: Info Source control is disabled
[2017.03.30-16.53.12:243][  0]SourceControl: Info Source control is disabled
[2017.03.30-16.53.12:309][  0]SourceControl: Info Source control is disabled
[2017.03.30-16.53.14:344][  0]LogEngine: Initializing Engine...
[2017.03.30-16.53.14:355][  0]LogHMD: Oculus plugin initialized. Version: 4.15.0-3299760+++UE4+Release-4.15, LibOVR: 1.13.0, SDK: 1.10.0, built Feb 14 2017, 02:10:09
[2017.03.30-16.53.15:152][  0]LogAIModule: Creating AISystem for world Untitled
[2017.03.30-16.53.15:405][  0]LogInit: XAudio2 using 'Headphones (Bose Colour SoundLink Stereo)' : 2 channels at 44.1 kHz using 16 bits per sample (channel mask 0x3)
[2017.03.30-16.53.15:423][  0]LogInit: FAudioDevice initialized.
[2017.03.30-16.53.15:450][  0]LogDerivedDataCache: Saved boot cache 0.03s 61MB C:/Users/Thovex/AppData/Local/UnrealEngine/4.15/DerivedDataCache/Boot.ddc.
[2017.03.30-16.53.15:461][  0]LogInit: Texture streaming: Enabled
[2017.03.30-16.53.15:588][  0]LogEngineSessionManager: EngineSessionManager initialized
[2017.03.30-16.53.15:588][  0]LogEngineSessionManager: EngineSessionManager sent abnormal shutdown report. Type=AbnormalShutdown, SessionId={3B3AD6F8-4557-016C-CE72-8AA96292E3CC}
[2017.03.30-16.53.15:788][  0]LogInit: Transaction tracking system initialized
[2017.03.30-16.53.16:331][  0]BlueprintLog: New page: Editor Load
[2017.03.30-16.53.17:784][  0]LocalizationService: Info Localization service is disabled
[2017.03.30-16.53.18:743][  0]LogConsoleResponse:Display: 
[2017.03.30-16.53.19:962][  0]LogFileCache: Scanning file cache for directory 'D:/Downloads/VR4NewScene/VR4NewScene/VR4/Content/' took 0.02s
[2017.03.30-16.53.19:963][  0]LogCook:Display: Max memory allowance for cook 16384mb min free memory 0mb
[2017.03.30-16.53.19:968][  0]LogCook:Display: Mobile HDR setting 1
[2017.03.30-16.53.21:726][  0]SourceControl: Info Source control is disabled
[2017.03.30-16.53.21:977][  0]LogSlate: Took 0.015732 seconds to synchronously load lazily loaded font '../../../Engine/Content/Slate/Fonts/Roboto-Regular.ttf' (155K)
[2017.03.30-16.55.00:046][  0]LogWindowsTextInputMethodSystem:Display: IME system now deactivated.
[2017.03.30-16.55.00:213][  0]LogWindowsTextInputMethodSystem:Display: IME system now deactivated.
[2017.03.30-16.55.00:478][  0]Cmd: MAP LOAD FILE="../../../../../../Downloads/VR4NewScene/VR4NewScene/VR4/Content/VirtualRealityBP/Maps/StartupMap.umap" TEMPLATE=0 SHOWPROGRESS=1 FEATURELEVEL=3
[2017.03.30-16.55.00:577][  0]LightingResults: New page: Lighting Build
[2017.03.30-16.55.00:807][  0]MapCheck: New page: Map Check
[2017.03.30-16.55.00:807][  0]LightingResults: New page: Lighting Build
[2017.03.30-16.55.04:858][  0]LogAIModule: Creating AISystem for world StartupMap
[2017.03.30-16.55.06:307][  0]LogEditorServer: Finished looking for orphan Actors (0.000 secs)
[2017.03.30-16.55.06:738][  0]Cmd: MAP CHECKDEP NOCLEARLOG
[2017.03.30-16.55.06:800][  0]MapCheck: Info Map check complete: 0 Error(s), 0 Warning(s), took 61.359ms to complete.
[2017.03.30-16.55.06:800][  0]LogFileHelpers: Loading map 'StartupMap' took 6.432
[2017.03.30-16.55.09:067][  0]LogStats:Warning: MetaData mismatch. Did you assign a stat to two groups? New //STATGROUP_Threads//SplashScreenThread///Thread_26ac_0///####STATCAT_Advanced#### old //STATGROUP_Threads//SplashScreenThread///Thread_32ec_0///####STATCAT_Advanced####
[2017.03.30-16.55.09:067][  0]LogCollectionManager: Loaded 0 collections in 0.001094 seconds
[2017.03.30-16.55.09:653][  0]LogFileCache: Scanning file cache for directory 'D:/Downloads/VR4NewScene/VR4NewScene/VR4/Saved/Collections/' took 0.01s
[2017.03.30-16.55.09:653][  0]LogFileCache: Scanning file cache for directory 'D:/Downloads/VR4NewScene/VR4NewScene/VR4/Content/Developers/Thovex/Collections/' took 0.01s
[2017.03.30-16.55.09:653][  0]LogFileCache: Scanning file cache for directory 'D:/Downloads/VR4NewScene/VR4NewScene/VR4/Content/Collections/' took 0.01s
[2017.03.30-16.55.09:653][  0]LogCollectionManager: Rebuilt the GUID cache for 0 collections in 0.000006 seconds
[2017.03.30-16.55.09:684][  0]LogContentBrowser: Native class hierarchy populated in 0.0116 seconds. Added 2244 classes and 450 folders.
[2017.03.30-16.55.09:748][  0]LogStats: UGameplayTagsManager::ConstructGameplayTagTree: Construct from data asset -  0.000 s
[2017.03.30-16.55.09:755][  0]LogStats: UGameplayTagsManager::ConstructGameplayTagTree: GameplayTagTreeChangedEvent.Broadcast -  0.007 s
[2017.03.30-16.55.09:839][  0]LogContentBrowser: Native class hierarchy updated for 'WidgetCarousel' in 0.0007 seconds. Added 0 classes and 0 folders.
[2017.03.30-16.55.11:311][  0]LogContentBrowser: Native class hierarchy updated for 'AddContentDialog' in 0.0007 seconds. Added 0 classes and 0 folders.
[2017.03.30-16.55.11:432][  0]LogContentBrowser: Native class hierarchy updated for 'SceneOutliner' in 0.0006 seconds. Added 1 classes and 2 folders.
[2017.03.30-16.55.12:291][  0]LogCrashTracker: Crashtracker disabled due to settings.
[2017.03.30-16.55.12:378][  0]LogUObjectGlobals:Warning: Failed to find object 'Class None.'
[2017.03.30-16.55.12:489][  0]LogContentBrowser: Native class hierarchy updated for 'HierarchicalLODOutliner' in 0.0007 seconds. Added 1 classes and 2 folders.
[2017.03.30-16.55.12:490][  0]LogLoad: (Engine Initialization) Total time: 180.41 seconds
[2017.03.30-16.55.12:490][  0]LogLoad: (Engine Initialization) Total Blueprint compile time: 0.30 seconds
[2017.03.30-16.55.12:490][  0]LogExternalProfiler: Found external profiler: VSPerf
[2017.03.30-16.55.12:490][  0]LogExternalProfiler: Using external profiler: VSPerf
[2017.03.30-16.55.12:526][  0]LogOcInput: OculusInput pre-init called
[2017.03.30-16.55.12:542][  0]LogOcInput: OculusInput is initialized. Init status 0. Runtime version: 1.13.0
[2017.03.30-16.55.12:716][  0]LogContentStreaming: Texture pool size now 1000 MB
[2017.03.30-16.55.12:776][  0]LogSlate: Took 0.011953 seconds to synchronously load lazily loaded font '../../../Engine/Content/Slate/Fonts/Roboto-Bold.ttf' (160K)
[2017.03.30-16.55.12:817][  0]LogSlate: Took 0.025623 seconds to synchronously load lazily loaded font '../../../Engine/Content/Editor/Slate/Fonts/FontAwesome.ttf' (139K)
[2017.03.30-16.55.13:830][  0]LogRenderer: Reallocating scene render targets to support 712x528 NumSamples 1 (Frame:2).
[2017.03.30-16.55.13:830][  0]LogSlate: Took 0.027579 seconds to synchronously load lazily loaded font '../../../Engine/Content/Slate/Fonts/Roboto-Light.ttf' (159K)
[2017.03.30-16.55.14:997][  2]LogAssetRegistry: Asset discovery search completed in 132.9657 seconds
[2017.03.30-16.55.15:008][  2]LogCollectionManager: Rebuilt the object cache for 0 collections in 0.000005 seconds (found 0 objects)
[2017.03.30-16.55.15:008][  2]LogCollectionManager: Fixed up redirectors for 0 collections in 0.011199 seconds (updated 0 objects)
[2017.03.30-16.55.15:021][  2]LogSlate: Took 0.000388 seconds to synchronously load lazily loaded font '../../../Engine/Content/Slate/Fonts/Roboto-Light.ttf' (159K)
[2017.03.30-16.55.28:553][126]LogSlate: Took 0.000247 seconds to synchronously load lazily loaded font '../../../Engine/Content/Slate/Fonts/Roboto-Light.ttf' (159K)
[2017.03.30-16.55.29:425][126]LogSlate: Took 0.000174 seconds to synchronously load lazily loaded font '../../../Engine/Content/Slate/Fonts/Roboto-Regular.ttf' (155K)
[2017.03.30-16.55.31:310][126]LogTexture:Display: Building textures: HQ_Lightmap0_1 (AutoDXT)
[2017.03.30-16.55.31:406][126]LogTexture:Display: Building textures: HQ_Lightmap0_2 (AutoDXT)
[2017.03.30-16.55.31:458][126]LogTexture:Display: Building textures: HQ_Lightmap0_3 (AutoDXT)
[2017.03.30-16.55.31:506][126]LogTexture:Display: Building textures: HQ_Lightmap1_4 (AutoDXT)
[2017.03.30-16.55.31:519][126]LogTexture:Display: Building textures: LQ_Lightmap_0_1 (DXT1)
[2017.03.30-16.55.31:570][126]LogTexture:Display: Building textures: LQ_Lightmap_0_2 (DXT1)
[2017.03.30-16.55.31:624][126]LogTexture:Display: Building textures: LQ_Lightmap_0_3 (DXT1)
[2017.03.30-16.55.31:655][126]LogTexture:Display: Building textures: LQ_Lightmap_1_4 (DXT1)
[2017.03.30-16.55.31:658][126]LogAIModule: Creating AISystem for world MotionControllerMap
[2017.03.30-16.55.31:784][126]Cmd: MAP LOAD FILE="../../../../../../Downloads/VR4NewScene/VR4NewScene/VR4/Content/VirtualRealityBP/Maps/MotionControllerMap.umap" TEMPLATE=0 SHOWPROGRESS=1 FEATURELEVEL=3
[2017.03.30-16.55.31:784][126]LightingResults: New page: Lighting Build
[2017.03.30-16.55.31:786][126]LoadErrors: New page: Loading map: MotionControllerMap.umap
[2017.03.30-16.55.31:842][126]MapCheck: New page: Map Check
[2017.03.30-16.55.31:842][126]LightingResults: New page: Lighting Build
[2017.03.30-16.55.31:950][126]LogEditorServer: Finished looking for orphan Actors (0.000 secs)
[2017.03.30-16.55.32:000][126]Cmd: MAP CHECKDEP NOCLEARLOG
[2017.03.30-16.55.32:057][126]MapCheck: Info Map check complete: 0 Error(s), 0 Warning(s), took 57.95ms to complete.
[2017.03.30-16.55.32:057][126]LogFileHelpers: Loading map 'MotionControllerMap' took 0.275
[2017.03.30-16.56.17:332][451]MapCheck: New page: Map Check
[2017.03.30-16.56.17:537][451]Cmd: MAP REBUILD ALLVISIBLE
[2017.03.30-16.56.17:537][451]LogEditorServer: Rebuildmap Clear paths rebuilt
[2017.03.30-16.56.17:925][451]LogMaterial: Missing cached shader map for material FDebugViewModeMaterialProxy WorldGridMaterial, compiling. Is special engine material.
[2017.03.30-16.56.17:939][451]LogTemp:Display: Added material ShaderMap 0x000001FA84777C80 with Material 0x000001FA81138A00 to ShaderMapsBeingCompiled
[2017.03.30-16.56.17:954][451]LogTemp:Display: Kicking off shader compilation for FDebugViewModeMaterialProxy WorldGridMaterial, GameThreadShaderMap 0x000001FA84777C80
[2017.03.30-16.56.17:956][451]LogMaterial: Missing cached shader map for material FDebugViewModeMaterialProxy MaterialInstanceDynamic_2, compiling. 
[2017.03.30-16.56.17:957][451]LogTemp:Display: Added material ShaderMap 0x000001FA84777580 with Material 0x000001FAE7AA1F00 to ShaderMapsBeingCompiled
[2017.03.30-16.56.17:958][451]LogTemp:Display: Kicking off shader compilation for FDebugViewModeMaterialProxy MaterialInstanceDynamic_2, GameThreadShaderMap 0x000001FA84777580
[2017.03.30-16.56.17:962][451]LogMaterial: Missing cached shader map for material FDebugViewModeMaterialProxy MainMaterial, compiling. 
[2017.03.30-16.56.17:963][451]LogTemp:Display: Added material ShaderMap 0x000001FA84776780 with Material 0x000001FA81057400 to ShaderMapsBeingCompiled
[2017.03.30-16.56.17:965][451]LogTemp:Display: Kicking off shader compilation for FDebugViewModeMaterialProxy MainMaterial, GameThreadShaderMap 0x000001FA84776780
[2017.03.30-16.56.17:968][451]LogMaterial: Missing cached shader map for material FDebugViewModeMaterialProxy Glass_Instance, compiling. 
[2017.03.30-16.56.17:969][451]LogTemp:Display: Added material ShaderMap 0x000001FA84775D00 with Material 0x000001FA81056E00 to ShaderMapsBeingCompiled
[2017.03.30-16.56.17:971][451]LogTemp:Display: Kicking off shader compilation for FDebugViewModeMaterialProxy Glass_Instance, GameThreadShaderMap 0x000001FA84775D00
[2017.03.30-16.56.17:974][451]LogMaterial: Missing cached shader map for material FDebugViewModeMaterialProxy MatineeCam_mat, compiling. 
[2017.03.30-16.56.17:975][451]LogTemp:Display: Added material ShaderMap 0x000001FA84775280 with Material 0x000001FA81055600 to ShaderMapsBeingCompiled
[2017.03.30-16.56.17:977][451]LogTemp:Display: Kicking off shader compilation for FDebugViewModeMaterialProxy MatineeCam_mat, GameThreadShaderMap 0x000001FA84775280
[2017.03.30-16.56.19:135][451]LogTemp:Display: Finished compile of shader map 0x000001FA84775D00
[2017.03.30-16.56.19:135][451]LogTemp:Display: Shader map FDebugViewModeMaterialProxy Glass_Instance complete, GameThreadShaderMap 0x000001FA84775D00, marking material FDebugViewModeMaterialProxy Glass_Instance as finished
[2017.03.30-16.56.19:135][451]LogTemp:Display: Marking material as finished 0x000001FA81056E00
[2017.03.30-16.56.19:195][451]LogTemp:Display: Finished compile of shader map 0x000001FA84776780
[2017.03.30-16.56.19:195][451]LogTemp:Display: Shader map FDebugViewModeMaterialProxy MainMaterial complete, GameThreadShaderMap 0x000001FA84776780, marking material FDebugViewModeMaterialProxy MainMaterial as finished
[2017.03.30-16.56.19:195][451]LogTemp:Display: Marking material as finished 0x000001FA81057400
[2017.03.30-16.56.19:209][451]LogTemp:Display: Finished compile of shader map 0x000001FA84777C80
[2017.03.30-16.56.19:209][451]LogTemp:Display: Shader map FDebugViewModeMaterialProxy WorldGridMaterial complete, GameThreadShaderMap 0x000001FA84777C80, marking material FDebugViewModeMaterialProxy WorldGridMaterial as finished
[2017.03.30-16.56.19:209][451]LogTemp:Display: Marking material as finished 0x000001FA81138A00
[2017.03.30-16.56.19:227][451]LogTemp:Display: Finished compile of shader map 0x000001FA84777580
[2017.03.30-16.56.19:228][451]LogTemp:Display: Shader map FDebugViewModeMaterialProxy MaterialInstanceDynamic_2 complete, GameThreadShaderMap 0x000001FA84777580, marking material FDebugViewModeMaterialProxy MaterialInstanceDynamic_2 as finished
[2017.03.30-16.56.19:228][451]LogTemp:Display: Marking material as finished 0x000001FAE7AA1F00
[2017.03.30-16.56.19:309][451]LogTemp:Display: Finished compile of shader map 0x000001FA84775280
[2017.03.30-16.56.19:309][451]LogTemp:Display: Shader map FDebugViewModeMaterialProxy MatineeCam_mat complete, GameThreadShaderMap 0x000001FA84775280, marking material FDebugViewModeMaterialProxy MatineeCam_mat as finished
[2017.03.30-16.56.19:309][451]LogTemp:Display: Marking material as finished 0x000001FA81055600
[2017.03.30-16.56.19:312][451]TextureStreamingBuild:Display: Compiling optional shaders took 1.393 seconds.
[2017.03.30-16.56.19:325][451]LogLevel:Display: Export Material TexCoord Scales took 0.013 seconds.
[2017.03.30-16.56.19:357][451]TextureStreamingBuild:Display: Build Texture Streaming took 0.031 seconds.
[2017.03.30-16.56.19:387][451]LightingResults: New page: Lighting Build - Mar 30, 2017, 8:56:19 PM
[2017.03.30-16.56.19:614][451]LogSwarmInterface: [OpenConnection] Registering TCP channel ...
[2017.03.30-16.56.19:797][451]LogSwarmInterface: [OpenConnection] Connecting to agent ...
[2017.03.30-16.56.19:807][451]LogSwarmInterface: [TryOpenConnection] Testing the Agent
[2017.03.30-16.56.20:824][451]LogSwarmInterface: [TryOpenConnection] Opening Connection to Agent
[2017.03.30-16.56.20:824][451]LogSwarmInterface: [TryOpenConnection] Local Process ID is 9140
[2017.03.30-16.56.23:229][451]LogStaticLightingSystem:Warning: No importance volume found, so the scene bounding box was used.  You can optimize your scene's quality and lighting build times by adding importance volumes.
[2017.03.30-16.56.23:229][451]LogStaticLightingSystem: Running Lightmass w/ ImmediateImport mode ENABLED
[2017.03.30-16.56.23:229][451]LogStaticLightingSystem: Running Lightmass w/ ImmediateProcess mode ENABLED
[2017.03.30-16.56.23:229][451]LogStaticLightingSystem: Running Lightmass w/ Sorting mode ENABLED
[2017.03.30-16.56.23:229][451]LogStaticLightingSystem: Running Lightmass w/ Mapping paddings ENABLED
[2017.03.30-16.56.23:229][451]LogStaticLightingSystem: Running Lightmass w/ Mapping debug paddings DISABLED
[2017.03.30-16.56.23:359][451]Cmd: MAP CHECK DONTDISPLAYDIALOG
[2017.03.30-16.56.23:359][451]MapCheck: New page: MotionControllerMap - Mar 30, 2017, 8:56:23 PM
[2017.03.30-16.56.23:387][451]MapCheck:Error: Error WorldInfo_0 Maps need lighting rebuilt 
[2017.03.30-16.56.23:441][451]MapCheck: Info Map check complete: 1 Error(s), 0 Warning(s), took 81.509ms to complete.
[2017.03.30-16.56.23:463][451]LogEditorBuildUtils: Build time 0:06
[2017.03.30-16.56.35:856][ 93]Job is a success!
[2017.03.30-16.56.36:169][ 94]LightingResults:Error: Error PointLight2_4 Severe performance loss: Failed to allocate shadowmap channel for stationary light due to overlap - light will fall back to dynamic shadows!
[2017.03.30-16.56.36:517][ 94]LogTexture:Display: Building textures: HQ_Lightmap1_1 (AutoDXT)
[2017.03.30-16.56.36:517][ 94]LogTexture:Display: Building textures: LQ_Lightmap_1_1 (DXT1)
[2017.03.30-16.56.36:517][ 94]LogTexture:Display: Building textures: HQ_Lightmap1_2 (AutoDXT)
[2017.03.30-16.56.36:517][ 94]LogTexture:Display: Building textures: LQ_Lightmap_1_3 (DXT1)
[2017.03.30-16.56.36:517][ 94]LogTexture:Display: Building textures: HQ_Lightmap1_3 (AutoDXT)
[2017.03.30-16.56.36:517][ 94]LogTexture:Display: Building textures: LQ_Lightmap_1_2 (DXT1)
[2017.03.30-16.56.36:714][ 94]LogTexture:Display: Building textures: ShadowMapTexture2D_1 (BGRA8)
[2017.03.30-16.56.36:714][ 94]LogTexture:Display: Building textures: ShadowMapTexture2D_0 (BGRA8)
[2017.03.30-16.56.36:746][ 94]Lightmass on JESSE-MSI: 12.0 sec total, 153 ms importing, 17 ms setup, 3.72 sec photons, 8.10 sec processing, 0 ms extra exporting [157/157 mappings]. Threads: 56.5 sec total, 17.4 sec processing.
[2017.03.30-16.56.36:774][ 94]LogStaticLightingSystem: Illumination: 17.3 sec (345 ms encoding lightmaps, 193 ms encoding shadowmaps)
[2017.03.30-16.56.36:774][ 94]LogStaticLightingSystem: Lightmap texture memory:  2.5 MB (0.5 MB streaming, 2.0 MB non-streaming), 6 textures
[2017.03.30-16.56.36:774][ 94]LogStaticLightingSystem: Shadowmap texture memory: 3.0 MB (0.3 MB streaming, 2.7 MB non-streaming), 2 textures
[2017.03.30-16.56.37:190][ 94]DumpUnbuiltLightIteractions
[2017.03.30-16.56.37:190][ 94]Lights with unbuilt interactions: 0
[2017.03.30-16.56.37:190][ 94]
[2017.03.30-16.56.37:190][ 94]Primitives with unbuilt interactions: 0
[2017.03.30-16.56.37:199][ 95]Cmd: MAP CHECK NOTIFYRESULTS
[2017.03.30-16.56.37:200][ 95]MapCheck: New page: MotionControllerMap - Mar 30, 2017, 8:56:37 PM
[2017.03.30-16.56.37:254][ 95]MapCheck: Info Map check complete: 0 Error(s), 0 Warning(s), took 54.87ms to complete.
[2017.03.30-17.05.49:800][582]LogSavePackage: Save=233.00ms
[2017.03.30-17.05.49:800][582]LogSavePackage: Moving '../../../../../../Downloads/VR4NewScene/VR4NewScene/VR4/Saved/MotionControllerMap_Auto13B6421CD4EEF9EE43E8F53A1E938A2E6.tmp' to '../../../../../../Downloads/VR4NewScene/VR4NewScene/VR4/Saved/Autosaves/Game/VirtualRealityBP/Maps/MotionControllerMap_Auto1.umap'
[2017.03.30-17.05.49:802][582]LogSavePackage:Display: Finished SavePackage ../../../../../../Downloads/VR4NewScene/VR4NewScene/VR4/Saved/Autosaves/Game/VirtualRealityBP/Maps/MotionControllerMap_Auto1.umap
[2017.03.30-17.05.49:810][582]LogFileHelpers: Editor autosave (incl. sublevels) for '/Game/VirtualRealityBP/Maps/MotionControllerMap' took 0.311
[2017.03.30-17.05.49:810][582]LogFileHelpers: Editor autosave (incl. sublevels) for all levels took 0.311
[2017.03.30-17.05.49:813][582]OBJ SavePackage: Generating thumbnails for [0] asset(s) in package [/Game/VirtualRealityBP/Maps/MotionControllerMap_BuiltData] ([1] browsable assets)...
[2017.03.30-17.05.49:813][582]OBJ SavePackage: Finished generating thumbnails for package [/Game/VirtualRealityBP/Maps/MotionControllerMap_BuiltData]
[2017.03.30-17.05.49:840][582]LogSavePackage: Save=15.28ms
[2017.03.30-17.05.49:840][582]LogSavePackage: Moving '../../../../../../Downloads/VR4NewScene/VR4NewScene/VR4/Saved/MotionControllerMap_BuiltData_Auto19FDD89604203E69D908E7C9A49042FDC.tmp' to '../../../../../../Downloads/VR4NewScene/VR4NewScene/VR4/Saved/Autosaves/Game/VirtualRealityBP/Maps/MotionControllerMap_BuiltData_Auto1.uasset'
[2017.03.30-17.05.49:842][582]LogSavePackage:Display: Finished SavePackage ../../../../../../Downloads/VR4NewScene/VR4NewScene/VR4/Saved/Autosaves/Game/VirtualRealityBP/Maps/MotionControllerMap_BuiltData_Auto1.uasset
[2017.03.30-17.05.49:842][582]LogFileHelpers: Auto-saving content packages took 0.032
[2017.03.30-17.40.53:486][176]LogEditorViewport: Clicking on Actor (context menu): StaticMeshActor (PrototypeRoomFinal_Muren)
[2017.03.30-17.41.18:722][305]Cmd: QUIT_EDITOR
[2017.03.30-17.41.18:837][305]LogWindowsTextInputMethodSystem:Display: IME system now deactivated.
[2017.03.30-17.41.18:866][305]LogExit: Preparing to exit.
[2017.03.30-17.41.19:106][305]LogDirectoryWatcher: A directory notification for 'D:/Downloads/VR4NewScene/VR4NewScene/VR4/Content/' was aborted.
[2017.03.30-17.41.19:129][305]LogExit: Editor shut down
[2017.03.30-17.41.19:129][305]LogExit: Transaction tracking system shut down
[2017.03.30-17.41.19:449][305]LogObj: Freed 0b from 0 cluster array pools.
[2017.03.30-17.41.19:449][305]LogExit: Object subsystem successfully closed.
[2017.03.30-17.41.19:526][305]LogD3D11RHI: Shutdown
[2017.03.30-17.41.19:526][305]LogD3D11RHI: CleanupD3DDevice
[2017.03.30-17.41.19:616][305]LogD3D11RHI: ~FD3D11DynamicRHI
[2017.03.30-17.41.19:829][305]LogModuleManager: Shutting down and abandoning module HierarchicalLODUtilities (498)
[2017.03.30-17.41.19:829][305]LogModuleManager: Shutting down and abandoning module HierarchicalLODOutliner (496)
[2017.03.30-17.41.19:829][305]LogModuleManager: Shutting down and abandoning module CrashTracker (494)
[2017.03.30-17.41.19:829][305]LogModuleManager: Shutting down and abandoning module SceneOutliner (492)
[2017.03.30-17.41.19:829][305]LogModuleManager: Shutting down and abandoning module AddContentDialog (490)
[2017.03.30-17.41.19:830][305]LogDirectoryWatcher: A directory notification for 'D:/Game Development/Unreal Engine/UE_4.15/FeaturePacks/' was aborted.
[2017.03.30-17.41.19:832][305]LogModuleManager: Shutting down and abandoning module WidgetCarousel (489)
[2017.03.30-17.41.19:832][305]LogModuleManager: Shutting down and abandoning module EditorWidgets (486)
[2017.03.30-17.41.19:832][305]LogModuleManager: Shutting down and abandoning module CollectionManager (484)
[2017.03.30-17.41.19:832][305]LogDirectoryWatcher: A directory notification for 'D:/Downloads/VR4NewScene/VR4NewScene/VR4/Content/Collections/' was aborted.
[2017.03.30-17.41.19:832][305]LogDirectoryWatcher: A directory notification for 'D:/Downloads/VR4NewScene/VR4NewScene/VR4/Content/Developers/Thovex/Collections/' was aborted.
[2017.03.30-17.41.19:832][305]LogDirectoryWatcher: A directory notification for 'D:/Downloads/VR4NewScene/VR4NewScene/VR4/Saved/Collections/' was aborted.
[2017.03.30-17.41.19:832][305]LogModuleManager: Shutting down and abandoning module StatsViewer (482)
[2017.03.30-17.41.19:832][305]LogModuleManager: Shutting down and abandoning module FoliageEdit (480)
[2017.03.30-17.41.19:832][305]LogModuleManager: Shutting down and abandoning module LandscapeEditor (478)
[2017.03.30-17.41.19:832][305]LogModuleManager: Shutting down and abandoning module SceneDepthPickerMode (476)
[2017.03.30-17.41.19:832][305]LogModuleManager: Shutting down and abandoning module ActorPickerMode (474)
[2017.03.30-17.41.19:832][305]LogModuleManager: Shutting down and abandoning module GeometryMode (472)
[2017.03.30-17.41.19:832][305]LogModuleManager: Shutting down and abandoning module TextureAlignMode (470)
[2017.03.30-17.41.19:833][305]LogModuleManager: Shutting down and abandoning module BspMode (468)
[2017.03.30-17.41.19:833][305]LogModuleManager: Shutting down and abandoning module HardwareSurvey (466)
[2017.03.30-17.41.19:833][305]LogModuleManager: Shutting down and abandoning module SequenceRecorderSections (464)
[2017.03.30-17.41.19:833][305]LogModuleManager: Shutting down and abandoning module AutomationWorker (462)
[2017.03.30-17.41.19:833][305]LogModuleManager: Shutting down and abandoning module MatineeToLevelSequence (460)
[2017.03.30-17.41.19:833][305]LogModuleManager: Shutting down and abandoning module LevelSequenceEditor (458)
[2017.03.30-17.41.19:856][305]LogModuleManager: Shutting down and abandoning module PlacementMode (457)
[2017.03.30-17.41.19:856][305]LogModuleManager: Shutting down and abandoning module WmfMediaFactory (454)
[2017.03.30-17.41.19:856][305]LogModuleManager: Shutting down and abandoning module WmfMediaEditor (452)
[2017.03.30-17.41.19:856][305]LogModuleManager: Shutting down and abandoning module MfMediaFactory (450)
[2017.03.30-17.41.19:856][305]LogModuleManager: Shutting down and abandoning module MfMediaEditor (448)
[2017.03.30-17.41.19:856][305]LogModuleManager: Shutting down and abandoning module AvfMediaFactory (446)
[2017.03.30-17.41.19:856][305]LogModuleManager: Shutting down and abandoning module AvfMediaEditor (444)
[2017.03.30-17.41.19:856][305]LogModuleManager: Shutting down and abandoning module AndroidMediaFactory (442)
[2017.03.30-17.41.19:856][305]LogModuleManager: Shutting down and abandoning module Media (441)
[2017.03.30-17.41.19:856][305]LogModuleManager: Shutting down and abandoning module AndroidMediaEditor (438)
[2017.03.30-17.41.19:856][305]LogModuleManager: Shutting down and abandoning module CharacterAI (436)
[2017.03.30-17.41.19:856][305]LogModuleManager: Shutting down and abandoning module AudioCapture (434)
[2017.03.30-17.41.19:856][305]LogModuleManager: Shutting down and abandoning module SequenceRecorder (433)
[2017.03.30-17.41.19:856][305]LogModuleManager: Shutting down and abandoning module SmartSnapping (430)
[2017.03.30-17.41.19:856][305]LogModuleManager: Shutting down and abandoning module SessionServices (428)
[2017.03.30-17.41.19:856][305]LogModuleManager: Shutting down and abandoning module ViewportSnapping (426)
[2017.03.30-17.41.19:856][305]LogModuleManager: Shutting down and abandoning module ViewportInteraction (424)
[2017.03.30-17.41.19:856][305]LogModuleManager: Shutting down and abandoning module LogVisualizer (422)
[2017.03.30-17.41.19:872][305]LogModuleManager: Shutting down and abandoning module IntroTutorials (420)
[2017.03.30-17.41.19:877][305]LogModuleManager: Shutting down and abandoning module GameProjectGeneration (419)
[2017.03.30-17.41.19:885][305]LogModuleManager: Shutting down and abandoning module EditorLiveStreaming (416)
[2017.03.30-17.41.19:885][305]LogModuleManager: Shutting down and abandoning module IOSPlatformEditor (414)
[2017.03.30-17.41.19:885][305]LogModuleManager: Shutting down and abandoning module HTML5PlatformEditor (412)
[2017.03.30-17.41.19:885][305]LogModuleManager: Shutting down and abandoning module AndroidPlatformEditor (410)
[2017.03.30-17.41.19:885][305]LogModuleManager: Shutting down and abandoning module AndroidDeviceDetection (409)
[2017.03.30-17.41.20:623][305]LogModuleManager: Shutting down and abandoning module IOSRuntimeSettings (406)
[2017.03.30-17.41.20:623][305]LogModuleManager: Shutting down and abandoning module AndroidRuntimeSettings (404)
[2017.03.30-17.41.20:623][305]LogModuleManager: Shutting down and abandoning module InputBindingEditor (402)
[2017.03.30-17.41.20:623][305]LogModuleManager: Shutting down and abandoning module NiagaraEditor (400)
[2017.03.30-17.41.20:674][305]LogModuleManager: Shutting down and abandoning module MergeActors (398)
[2017.03.30-17.41.20:679][305]LogModuleManager: Shutting down and abandoning module SizeMap (396)
[2017.03.30-17.41.20:679][305]LogModuleManager: Shutting down and abandoning module TreeMap (394)
[2017.03.30-17.41.20:684][305]LogModuleManager: Shutting down and abandoning module ReferenceViewer (392)
[2017.03.30-17.41.20:684][305]LogModuleManager: Shutting down and abandoning module LocalizationDashboard (390)
[2017.03.30-17.41.20:688][305]LogModuleManager: Shutting down and abandoning module LocalizationService (389)
[2017.03.30-17.41.20:691][305]LogModuleManager: Shutting down and abandoning module HardwareTargeting (386)
[2017.03.30-17.41.20:691][305]LogModuleManager: Shutting down and abandoning module DeviceProfileEditor (384)
[2017.03.30-17.41.20:700][305]LogModuleManager: Shutting down and abandoning module UndoHistory (382)
[2017.03.30-17.41.20:700][305]LogModuleManager: Shutting down and abandoning module UserFeedback (380)
[2017.03.30-17.41.20:700][305]LogModuleManager: Shutting down and abandoning module XmlParser (378)
[2017.03.30-17.41.20:700][305]LogModuleManager: Shutting down and abandoning module Blutility (376)
[2017.03.30-17.41.20:700][305]LogModuleManager: Shutting down and abandoning module ProjectSettingsViewer (374)
[2017.03.30-17.41.20:700][305]LogModuleManager: Shutting down and abandoning module ProjectTargetPlatformEditor (373)
[2017.03.30-17.41.20:701][305]LogModuleManager: Shutting down and abandoning module EditorSettingsViewer (370)
[2017.03.30-17.41.20:701][305]LogModuleManager: Shutting down and abandoning module SettingsEditor (368)
[2017.03.30-17.41.20:701][305]LogModuleManager: Shutting down and abandoning module ProjectLauncher (366)
[2017.03.30-17.41.20:706][305]LogModuleManager: Shutting down and abandoning module SessionFrontend (364)
[2017.03.30-17.41.20:714][305]LogModuleManager: Shutting down and abandoning module ProfilerClient (362)
[2017.03.30-17.41.20:714][305]LogModuleManager: Shutting down and abandoning module DeviceManager (360)
[2017.03.30-17.41.20:719][305]LogModuleManager: Shutting down and abandoning module TargetDeviceServices (359)
[2017.03.30-17.41.20:761][305]LogModuleManager: Shutting down and abandoning module AutomationController (356)
[2017.03.30-17.41.20:761][305]LogModuleManager: Shutting down and abandoning module AutomationWindow (354)
[2017.03.30-17.41.20:780][305]LogModuleManager: Shutting down and abandoning module Layers (352)
[2017.03.30-17.41.20:785][305]LogModuleManager: Shutting down and abandoning module ComponentVisualizers (350)
[2017.03.30-17.41.20:785][305]LogModuleManager: Shutting down and abandoning module DetailCustomizations (348)
[2017.03.30-17.41.20:785][305]LogModuleManager: Shutting down and abandoning module PackagesDialog (346)
[2017.03.30-17.41.20:786][305]LogModuleManager: Shutting down and abandoning module Persona (344)
[2017.03.30-17.41.20:791][305]LogModuleManager: Shutting down and abandoning module AnimGraph (343)
[2017.03.30-17.41.20:791][305]LogModuleManager: Shutting down and abandoning module Kismet (340)
[2017.03.30-17.41.20:792][305]LogModuleManager: Shutting down and abandoning module GraphEditor (338)
[2017.03.30-17.41.20:819][305]LogModuleManager: Shutting down and abandoning module ClassViewer (336)
[2017.03.30-17.41.20:826][305]LogModuleManager: Shutting down and abandoning module Toolbox (334)
[2017.03.30-17.41.20:826][305]LogModuleManager: Shutting down and abandoning module ModuleUI (332)
[2017.03.30-17.41.20:832][305]LogModuleManager: Shutting down and abandoning module MovieSceneTools (330)
[2017.03.30-17.41.20:845][305]LogModuleManager: Shutting down and abandoning module OutputLog (328)
[2017.03.30-17.41.20:845][305]LogModuleManager: Shutting down and abandoning module GammaUI (326)
[2017.03.30-17.41.20:853][305]LogModuleManager: Shutting down and abandoning module Documentation (324)
[2017.03.30-17.41.20:853][305]LogModuleManager: Shutting down and abandoning module Niagara (322)
[2017.03.30-17.41.20:853][305]LogModuleManager: Shutting down and abandoning module StreamingPauseRendering (320)
[2017.03.30-17.41.20:853][305]LogModuleManager: Shutting down and abandoning module AnalyticsET (318)
[2017.03.30-17.41.20:853][305]LogModuleManager: Shutting down and abandoning module PortalServices (316)
[2017.03.30-17.41.20:853][305]LogModuleManager: Shutting down and abandoning module PortalRpc (314)
[2017.03.30-17.41.20:853][305]LogModuleManager: Shutting down and abandoning module MessagingRpc (312)
[2017.03.30-17.41.20:853][305]LogModuleManager: Shutting down and abandoning module AIModule (310)
[2017.03.30-17.41.20:853][305]LogModuleManager: Shutting down and abandoning module GameplayDebugger (309)
[2017.03.30-17.41.20:853][305]LogModuleManager: Shutting down and abandoning module AITestSuite (307)
[2017.03.30-17.41.20:853][305]LogModuleManager: Shutting down and abandoning module ProfilerService (304)
[2017.03.30-17.41.21:006][305]LogModuleManager: Shutting down and abandoning module TaskGraph (302)
[2017.03.30-17.41.21:013][305]LogModuleManager: Shutting down and abandoning module SteamVRController (300)
[2017.03.30-17.41.21:013][305]LogModuleManager: Shutting down and abandoning module SteamVR (298)
[2017.03.30-17.41.21:013][305]LogModuleManager: Shutting down and abandoning module ProceduralMeshComponentEditor (296)
[2017.03.30-17.41.21:013][305]LogModuleManager: Shutting down and abandoning module ProceduralMeshComponent (294)
[2017.03.30-17.41.21:013][305]LogModuleManager: Shutting down and abandoning module OculusLibrary (292)
[2017.03.30-17.41.21:013][305]LogModuleManager: Shutting down and abandoning module OculusInput (290)
[2017.03.30-17.41.21:013][305]LogModuleManager: Shutting down and abandoning module MobilePatchingUtils (288)
[2017.03.30-17.41.21:013][305]LogModuleManager: Shutting down and abandoning module CustomMeshComponent (286)
[2017.03.30-17.41.21:013][305]LogModuleManager: Shutting down and abandoning module CableComponent (284)
[2017.03.30-17.41.21:013][305]LogModuleManager: Shutting down and abandoning module ArchVisCharacter (282)
[2017.03.30-17.41.21:013][305]LogModuleManager: Shutting down and abandoning module MediaPlayerEditor (278)
[2017.03.30-17.41.21:025][305]LogModuleManager: Shutting down and abandoning module HTML5Networking (276)
[2017.03.30-17.41.21:025][305]LogModuleManager: Shutting down and abandoning module AlembicImporter (274)
[2017.03.30-17.41.21:049][305]LogModuleManager: Shutting down and abandoning module AlembicLibrary (273)
[2017.03.30-17.41.21:049][305]LogModuleManager: Shutting down and abandoning module GeometryCache (272)
[2017.03.30-17.41.21:049][305]LogModuleManager: Shutting down and abandoning module GeometryCacheEd (271)
[2017.03.30-17.41.21:049][305]LogModuleManager: Shutting down and abandoning module SuperSearchEditor (266)
[2017.03.30-17.41.21:049][305]LogModuleManager: Shutting down and abandoning module SuperSearch (265)
[2017.03.30-17.41.21:049][305]LogModuleManager: Shutting down and abandoning module SpeedTreeImporter (262)
[2017.03.30-17.41.21:049][305]LogModuleManager: Shutting down and abandoning module PluginBrowser (260)
[2017.03.30-17.41.21:060][305]LogModuleManager: Shutting down and abandoning module MobileLauncherProfileWizard (258)
[2017.03.30-17.41.21:093][305]LogModuleManager: Shutting down and abandoning module EpicSurvey (256)
[2017.03.30-17.41.21:093][305]LogModuleManager: Shutting down and abandoning module VisualStudioSourceCodeAccess (254)
[2017.03.30-17.41.21:093][305]LogModuleManager: Shutting down and abandoning module DesktopPlatform (253)
[2017.03.30-17.41.21:093][305]LogModuleManager: Shutting down and abandoning module UObjectPlugin (250)
[2017.03.30-17.41.21:093][305]LogModuleManager: Shutting down and abandoning module SubversionSourceControl (248)
[2017.03.30-17.41.21:093][305]LogModuleManager: Shutting down and abandoning module PerforceSourceControl (246)
[2017.03.30-17.41.21:115][305]LogModuleManager: Shutting down and abandoning module GitSourceControl (244)
[2017.03.30-17.41.21:115][305]LogModuleManager: Shutting down and abandoning module SourceControl (243)
[2017.03.30-17.41.21:115][305]LogModuleManager: Shutting down and abandoning module LightPropagationVolumeEditor (240)
[2017.03.30-17.41.21:115][305]LogModuleManager: Shutting down and abandoning module PaperTiledImporter (238)
[2017.03.30-17.41.21:115][305]LogModuleManager: Shutting down and abandoning module PaperSpriteSheetImporter (236)
[2017.03.30-17.41.21:115][305]LogModuleManager: Shutting down and abandoning module Paper2DEditor (234)
[2017.03.30-17.41.21:135][305]LogModuleManager: Shutting down and abandoning module MeshPaint (233)
[2017.03.30-17.41.21:136][305]LogModuleManager: Shutting down and abandoning module LevelEditor (231)
[2017.03.30-17.41.21:136][305]LogModuleManager: Shutting down and abandoning module PixelInspectorModule (230)
[2017.03.30-17.41.21:136][305]LogModuleManager: Shutting down and abandoning module MainFrame (228)
[2017.03.30-17.41.21:136][305]LogModuleManager: Shutting down and abandoning module HotReload (227)
[2017.03.30-17.41.21:137][305]LogModuleManager: Shutting down and abandoning module ContentBrowser (223)
[2017.03.30-17.41.21:137][305]LogModuleManager: Shutting down and abandoning module PhysXVehiclesEditor (220)
[2017.03.30-17.41.21:137][305]LogModuleManager: Shutting down and abandoning module PhysXVehicles (218)
[2017.03.30-17.41.21:137][305]LogModuleManager: Shutting down and abandoning module LocationServicesBPLibrary (216)
[2017.03.30-17.41.21:137][305]LogModuleManager: Shutting down and abandoning module UdpMessaging (214)
[2017.03.30-17.41.21:238][305]LogModuleManager: Shutting down and abandoning module TcpMessaging (212)
[2017.03.30-17.41.21:338][305]LogModuleManager: Shutting down and abandoning module GameplayTagsEditor (210)
[2017.03.30-17.41.21:351][305]LogModuleManager: Shutting down and abandoning module FacialAnimationEditor (208)
[2017.03.30-17.41.21:359][305]LogModuleManager: Shutting down and abandoning module FacialAnimation (206)
[2017.03.30-17.41.21:359][305]LogModuleManager: Shutting down and abandoning module LightPropagationVolumeRuntime (204)
[2017.03.30-17.41.21:359][305]LogModuleManager: Shutting down and abandoning module Paper2D (202)
[2017.03.30-17.41.21:366][305]LogModuleManager: Shutting down and abandoning module WindowsMoviePlayer (200)
[2017.03.30-17.41.21:366][305]LogModuleManager: Shutting down and abandoning module WmfMedia (198)
[2017.03.30-17.41.21:366][305]LogModuleManager: Shutting down and abandoning module MfMedia (196)
[2017.03.30-17.41.21:366][305]LogModuleManager: Shutting down and abandoning module MediaAssets (194)
[2017.03.30-17.41.21:366][305]LogModuleManager: Shutting down and abandoning module GameLiveStreaming (192)
[2017.03.30-17.41.21:366][305]LogModuleManager: Shutting down and abandoning module VREditor (190)
[2017.03.30-17.41.21:366][305]LogModuleManager: Shutting down and abandoning module GameplayTasksEditor (188)
[2017.03.30-17.41.21:366][305]LogModuleManager: Shutting down and abandoning module BehaviorTreeEditor (186)
[2017.03.30-17.41.21:386][305]LogModuleManager: Shutting down and abandoning module FunctionalTesting (184)
[2017.03.30-17.41.21:386][305]LogModuleManager: Shutting down and abandoning module CollisionAnalyzer (182)
[2017.03.30-17.41.21:390][305]LogModuleManager: Shutting down and abandoning module UMG (180)
[2017.03.30-17.41.21:399][305]LogModuleManager: Shutting down and abandoning module UMGEditor (179)
[2017.03.30-17.41.21:417][305]LogModuleManager: Shutting down and abandoning module Sequencer (178)
[2017.03.30-17.41.21:435][305]LogModuleManager: Shutting down and abandoning module AssetTools (176)
[2017.03.30-17.41.21:454][305]LogModuleManager: Shutting down and abandoning module MessageLog (175)
[2017.03.30-17.41.21:454][305]LogModuleManager: Shutting down and abandoning module WorkspaceMenuStructure (174)
[2017.03.30-17.41.21:454][305]LogModuleManager: Shutting down and abandoning module SlateReflector (168)
[2017.03.30-17.41.21:466][305]LogModuleManager: Shutting down and abandoning module Slate (166)
[2017.03.30-17.41.21:466][305]LogModuleManager: Shutting down and abandoning module EditorStyle (164)
[2017.03.30-17.41.21:467][305]LogModuleManager: Shutting down and abandoning module SourceCodeAccess (162)
[2017.03.30-17.41.21:467][305]LogModuleManager: Shutting down and abandoning module HeadMountedDisplay (160)
[2017.03.30-17.41.21:467][305]LogModuleManager: Shutting down and abandoning module XAudio2 (158)
[2017.03.30-17.41.21:467][305]LogModuleManager: Shutting down and abandoning module Networking (156)
[2017.03.30-17.41.21:467][305]LogModuleManager: Shutting down and abandoning module Core (152)
[2017.03.30-17.41.21:467][305]LogModuleManager: Shutting down and abandoning module AssetRegistry (150)
[2017.03.30-17.41.21:609][305]LogDirectoryWatcher: A directory notification for '../../../Engine/Content/' was aborted.
[2017.03.30-17.41.21:609][305]LogDirectoryWatcher: A directory notification for '../../../../../../Downloads/VR4NewScene/VR4NewScene/VR4/Content/' was aborted.
[2017.03.30-17.41.21:609][305]LogDirectoryWatcher: A directory notification for '../../../Engine/Plugins/2D/Paper2D/Content/' was aborted.
[2017.03.30-17.41.21:609][305]LogModuleManager: Shutting down and abandoning module DirectoryWatcher (149)
[2017.03.30-17.41.21:610][305]LogModuleManager: Shutting down and abandoning module KismetCompiler (146)
[2017.03.30-17.41.21:610][305]LogModuleManager: Shutting down and abandoning module PhysXFormats (144)
[2017.03.30-17.41.21:610][305]LogModuleManager: Shutting down and abandoning module MeshUtilities (142)
[2017.03.30-17.41.21:611][305]LogModuleManager: Shutting down and abandoning module SimplygonSwarm (141)
[2017.03.30-17.41.21:611][305]LogModuleManager: Shutting down and abandoning module SimplygonMeshReduction (139)
[2017.03.30-17.41.21:611][305]LogModuleManager: Shutting down and abandoning module QuadricMeshReduction (137)
[2017.03.30-17.41.21:611][305]LogModuleManager: Shutting down and abandoning module PropertyEditor (135)
[2017.03.30-17.41.21:611][305]LogModuleManager: Shutting down and abandoning module DerivedDataCache (132)
[2017.03.30-17.41.21:701][305]LogDerivedDataCache: Shutdown
[2017.03.30-17.41.21:701][305]LogModuleManager: Shutting down and abandoning module TargetPlatform (130)
[2017.03.30-17.41.21:701][305]LogModuleManager: Shutting down and abandoning module VulkanShaderFormat (129)
[2017.03.30-17.41.21:701][305]LogModuleManager: Shutting down and abandoning module ShaderFormatOpenGL (127)
[2017.03.30-17.41.21:717][305]LogModuleManager: Shutting down and abandoning module ShaderFormatD3D (125)
[2017.03.30-17.41.21:718][305]LogModuleManager: Shutting down and abandoning module MetalShaderFormat (123)
[2017.03.30-17.41.21:724][305]LogModuleManager: Shutting down and abandoning module TextureFormatUncompressed (121)
[2017.03.30-17.41.21:724][305]LogModuleManager: Shutting down and abandoning module TextureFormatPVR (119)
[2017.03.30-17.41.21:724][305]LogModuleManager: Shutting down and abandoning module TextureFormatDXT (117)
[2017.03.30-17.41.21:724][305]LogModuleManager: Shutting down and abandoning module TextureFormatIntelISPCTexComp (115)
[2017.03.30-17.41.21:724][305]LogModuleManager: Shutting down and abandoning module TextureFormatASTC (113)
[2017.03.30-17.41.21:724][305]LogModuleManager: Shutting down and abandoning module ImageWrapper (112)
[2017.03.30-17.41.21:724][305]LogModuleManager: Shutting down and abandoning module TextureFormatAndroid (109)
[2017.03.30-17.41.21:724][305]LogModuleManager: Shutting down and abandoning module AudioFormatOpus (107)
[2017.03.30-17.41.21:724][305]LogModuleManager: Shutting down and abandoning module AudioFormatOgg (105)
[2017.03.30-17.41.21:724][305]LogModuleManager: Shutting down and abandoning module AudioFormatADPCM (103)
[2017.03.30-17.41.21:724][305]LogModuleManager: Shutting down and abandoning module LinuxTargetPlatform (101)
[2017.03.30-17.41.21:724][305]LogModuleManager: Shutting down and abandoning module LinuxServerTargetPlatform (99)
[2017.03.30-17.41.21:724][305]LogModuleManager: Shutting down and abandoning module LinuxNoEditorTargetPlatform (97)
[2017.03.30-17.41.21:724][305]LogModuleManager: Shutting down and abandoning module LinuxClientTargetPlatform (95)
[2017.03.30-17.41.21:724][305]LogModuleManager: Shutting down and abandoning module TVOSTargetPlatform (93)
[2017.03.30-17.41.21:724][305]LogModuleManager: Shutting down and abandoning module Messaging (91)
[2017.03.30-17.41.21:724][305]LogModuleManager: Shutting down and abandoning module IOSTargetPlatform (89)
[2017.03.30-17.41.21:724][305]LogModuleManager: Shutting down and abandoning module HTML5TargetPlatform (87)
[2017.03.30-17.41.21:724][305]LogModuleManager: Shutting down and abandoning module Android_PVRTCTargetPlatform (85)
[2017.03.30-17.41.21:724][305]LogModuleManager: Shutting down and abandoning module Android_MultiTargetPlatform (83)
[2017.03.30-17.41.21:724][305]LogModuleManager: Shutting down and abandoning module Android_ETC2TargetPlatform (81)
[2017.03.30-17.41.21:724][305]LogModuleManager: Shutting down and abandoning module Android_ETC1TargetPlatform (79)
[2017.03.30-17.41.21:724][305]LogModuleManager: Shutting down and abandoning module Android_DXTTargetPlatform (77)
[2017.03.30-17.41.21:724][305]LogModuleManager: Shutting down and abandoning module Android_ATCTargetPlatform (75)
[2017.03.30-17.41.21:724][305]LogModuleManager: Shutting down and abandoning module Android_ASTCTargetPlatform (73)
[2017.03.30-17.41.21:724][305]LogModuleManager: Shutting down and abandoning module AndroidTargetPlatform (71)
[2017.03.30-17.41.21:724][305]LogModuleManager: Shutting down and abandoning module WindowsTargetPlatform (69)
[2017.03.30-17.41.21:724][305]LogModuleManager: Shutting down and abandoning module WindowsServerTargetPlatform (67)
[2017.03.30-17.41.21:724][305]LogModuleManager: Shutting down and abandoning module WindowsNoEditorTargetPlatform (65)
[2017.03.30-17.41.21:724][305]LogModuleManager: Shutting down and abandoning module WindowsClientTargetPlatform (63)
[2017.03.30-17.41.21:724][305]LogModuleManager: Shutting down and abandoning module MacTargetPlatform (61)
[2017.03.30-17.41.21:724][305]LogModuleManager: Shutting down and abandoning module MacServerTargetPlatform (59)
[2017.03.30-17.41.21:724][305]LogModuleManager: Shutting down and abandoning module MacNoEditorTargetPlatform (57)
[2017.03.30-17.41.21:724][305]LogModuleManager: Shutting down and abandoning module MacClientTargetPlatform (55)
[2017.03.30-17.41.21:724][305]LogModuleManager: Shutting down and abandoning module AllDesktopTargetPlatform (53)
[2017.03.30-17.41.21:724][305]LogModuleManager: Shutting down and abandoning module InputCore (50)
[2017.03.30-17.41.21:724][305]LogModuleManager: Shutting down and abandoning module Settings (48)
[2017.03.30-17.41.21:724][305]LogModuleManager: Shutting down and abandoning module OculusRift (46)
[2017.03.30-17.41.21:725][305]LogHMD: Oculus shutdown.
[2017.03.30-17.41.21:725][305]LogModuleManager: Shutting down and abandoning module ExampleDeviceProfileSelector (44)
[2017.03.30-17.41.21:725][305]LogModuleManager: Shutting down and abandoning module OnlineBlueprintSupport (42)
[2017.03.30-17.41.21:725][305]LogModuleManager: Shutting down and abandoning module OnlineSubsystem (38)
[2017.03.30-17.41.21:725][305]LogOnline:Display: Unloading online subsystem: NULL
[2017.03.30-17.41.21:736][305]LogModuleManager: Shutting down and abandoning module XMPP (37)
[2017.03.30-17.41.21:745][305]LogModuleManager: Shutting down and abandoning module HTTP (35)
[2017.03.30-17.41.21:745][305]LogHttp:Display: Http module shutting down, but needs to wait on 1 outstanding Http requests:
[2017.03.30-17.41.21:745][305]LogHttp:Display: 	verb=[POST] url=[https://datarouter.ol.epicgames.com/datarouter/api/v1/public/data?SessionID=%7BB5A57CD8-408E-C933-4AF9-CC9CD599480D%7D&AppID=UEEditor.Rocket.Release&AppVersion=4.15.0-3299760%2B%2B%2BUE4%2BRelease-4.15&UserID=a28fc3c54d64ce5f3c23679c631640e8%7Cc00c41ef934d44e688bcf7564ca0d977%7Cd0b621ce-6b9b-4190-88b5-9f8a6c5ae14a&AppEnvironment=datacollector-binary&UploadType=eteventstream] status=Processing
[2017.03.30-17.41.21:760][305]LogModuleManager: Shutting down and abandoning module SSL (34)
[2017.03.30-17.41.21:762][305]LogModuleManager: Shutting down and abandoning module AudioEditor (30)
[2017.03.30-17.41.21:763][305]LogModuleManager: Shutting down and abandoning module TextureCompressor (28)
[2017.03.30-17.41.21:763][305]LogModuleManager: Shutting down and abandoning module ShaderCore (26)
[2017.03.30-17.41.21:763][305]LogModuleManager: Shutting down and abandoning module Landscape (24)
[2017.03.30-17.41.21:763][305]LogModuleManager: Shutting down and abandoning module SlateRHIRenderer (22)
[2017.03.30-17.41.21:768][305]LogModuleManager: Shutting down and abandoning module OpenGLDrv (20)
[2017.03.30-17.41.21:777][305]LogModuleManager: Shutting down and abandoning module D3D11RHI (18)
[2017.03.30-17.41.21:777][305]LogModuleManager: Shutting down and abandoning module AnimGraphRuntime (16)
[2017.03.30-17.41.21:777][305]LogModuleManager: Shutting down and abandoning module Renderer (14)
[2017.03.30-17.41.21:777][305]LogModuleManager: Shutting down and abandoning module Engine (12)
[2017.03.30-17.41.21:777][305]LogModuleManager: Shutting down and abandoning module CoreUObject (10)
[2017.03.30-17.41.21:777][305]LogModuleManager: Shutting down and abandoning module NetworkFile (8)
[2017.03.30-17.41.21:777][305]LogModuleManager: Shutting down and abandoning module StreamingFile (6)
[2017.03.30-17.41.21:777][305]LogModuleManager: Shutting down and abandoning module SandboxFile (4)
[2017.03.30-17.41.21:777][305]LogModuleManager: Shutting down and abandoning module PakFile (2)
[2017.03.30-17.41.21:779][305]LogExit: Exiting.
[2017.03.30-17.41.21:781][305]Log file closed, 03/30/17 19:41:21
