Log file open, 03/27/17 21:33:18
LogInit:Display: Running engine for game: VR4
LogPlatformFile: Not using cached read wrapper
LogInit:Display: RandInit(5916181) SRandInit(5916181).
LogTaskGraph: Started task graph with 5 named threads and 8 total threads with 1 sets of task threads.
LogStats: Stats thread started at 0.110419
LogInit: Using libcurl 7.47.1
LogInit:  - built for x86_64-pc-win32
LogInit:  - supports SSL with OpenSSL/1.0.2g
LogInit:  - supports HTTP deflate (compression) using libz 1.2.8
LogInit:  - other features:
LogInit:      CURL_VERSION_SSL
LogInit:      CURL_VERSION_LIBZ
LogInit:      CURL_VERSION_IPV6
LogInit:      CURL_VERSION_ASYNCHDNS
LogInit:      CURL_VERSION_LARGEFILE
LogInit:      CURL_VERSION_IDN
LogInit:  CurlRequestOptions (configurable via config and command line):
LogInit:  - bVerifyPeer = false  - Libcurl will NOT verify peer certificate
LogInit:  - bUseHttpProxy = false  - Libcurl will NOT use HTTP proxy
LogInit:  - bDontReuseConnections = false  - Libcurl will reuse connections
LogInit:  - CertBundlePath = nullptr  - Libcurl will use whatever was configured at build time.
LogInit: Build: ++UE4+Release-4.15-CL-3348071
LogInit: Engine Version: 4.15.1-3348071+++UE4+Release-4.15
LogInit: Compatible Engine Version: 4.15.0-3299760+++UE4+Release-4.15
LogInit: Net CL: 3299760
LogDevObjectVersion: Number of dev versions registered: 14
LogDevObjectVersion:   Dev-Blueprints (B0D832E4-1F89-4F0D-ACCF-7EB736FD4AA2): 8
LogDevObjectVersion:   Dev-Build (E1C64328-A22C-4D53-A36C-8E866417BD8C): 0
LogDevObjectVersion:   Dev-Core (375EC13C-06E4-48FB-B500-84F0262A717E): 2
LogDevObjectVersion:   Dev-Editor (E4B068ED-F494-42E9-A231-DA0B2E46BB41): 14
LogDevObjectVersion:   Dev-Framework (CFFC743F-43B0-4480-9391-14DF171D2073): 22
LogDevObjectVersion:   Dev-Mobile (B02B49B5-BB20-44E9-A304-32B752E40360): 0
LogDevObjectVersion:   Dev-Networking (A4E4105C-59A1-49B5-A7C5-40C4547EDFEE): 0
LogDevObjectVersion:   Dev-Online (39C831C9-5AE6-47DC-9A44-9C173E1C8E7C): 0
LogDevObjectVersion:   Dev-Physics (78F01B33-EBEA-4F98-B9B4-84EACCB95AA2): 0
LogDevObjectVersion:   Dev-Platform (6631380F-2D4D-43E0-8009-CF276956A95A): 0
LogDevObjectVersion:   Dev-Rendering (12F88B9F-8875-4AFC-A67C-D90C383ABD29): 12
LogDevObjectVersion:   Dev-Sequencer (7B5AE74C-D270-4C10-A958-57980B212A5A): 3
LogDevObjectVersion:   Dev-VR (D7296918-1DD6-4BDD-9DE2-64A83CC13884): 0
LogDevObjectVersion:   Dev-LoadTimes (C2A15278-BFE7-4AFE-6C17-90FF531DF755): 1
LogInit: Compiled (64-bit): Mar 15 2017 16:52:47
LogInit: Compiled with Visual C++: 19.00.23026.00
LogInit: Build Configuration: Development
LogInit: Branch Name: ++UE4+Release-4.15
LogInit: Command line:  
LogInit: Base directory: D:/programmas/Unreal/UE_4.15/Engine/Binaries/Win64/
LogInit: Installed Engine Build: 1
LogInit: Presizing for max 8388607 objects, including 0 objects not considered by GC, pre-allocating 0 bytes for permanent pool.
LogInit: Object subsystem initialized
[2017.03.27-19.33.20:685][  0]LogConsoleManager:Display: Setting the console variable 'r.RHICmdBypass' with 'SetByProjectSetting' was ignored as it is lower priority than the previous 'SetBySystemSettingsIni'. Value remains '1'
[2017.03.27-19.33.20:696][  0]LogInit: Selected Device Profile: [Windows]
[2017.03.27-19.33.20:696][  0]LogInit: Applying CVar settings loaded from the selected device profile: [Windows]
[2017.03.27-19.33.20:731][  0]LogInit: Computer: MSI
[2017.03.27-19.33.20:731][  0]LogInit: User: tbenj
[2017.03.27-19.33.20:731][  0]LogInit: CPU Page size=65536, Cores=4
[2017.03.27-19.33.20:731][  0]LogInit: High frequency timer resolution =2.630629 MHz
[2017.03.27-19.33.20:732][  0]LogMemory: Memory total: Physical=7.9GB (8GB approx)
[2017.03.27-19.33.20:732][  0]LogMemory: Platform Memory Stats for Windows
[2017.03.27-19.33.20:732][  0]LogMemory: Process Physical Memory: 263.75 MB used, 263.75 MB peak
[2017.03.27-19.33.20:732][  0]LogMemory: Process Virtual Memory: 262.89 MB used, 262.89 MB peak
[2017.03.27-19.33.20:732][  0]LogMemory: Physical Memory: 6486.81 MB used,  1620.26 MB free, 8107.07 MB total
[2017.03.27-19.33.20:732][  0]LogMemory: Virtual Memory: 631.18 MB used,  1620.26 MB free, 134217728.00 MB total
[2017.03.27-19.33.21:465][  0]LogTextLocalizationManager: No translations for ('nl-NL') exist, falling back to 'en' for localization and internationalization data.
[2017.03.27-19.33.23:134][  0]LogD3D11RHI: D3D11 adapters:
[2017.03.27-19.33.25:181][  0]LogD3D11RHI:    0. 'NVIDIA GeForce GTX 960M' (Feature Level 11_0)
[2017.03.27-19.33.25:181][  0]LogD3D11RHI:       2019/0/4053 MB DedicatedVideo/DedicatedSystem/SharedSystem, Outputs:1, VendorId:0x10de
[2017.03.27-19.33.25:195][  0]LogD3D11RHI:    1. 'Intel(R) HD Graphics 5600' (Feature Level 11_0)
[2017.03.27-19.33.25:195][  0]LogD3D11RHI:       128/0/4053 MB DedicatedVideo/DedicatedSystem/SharedSystem, Outputs:0, VendorId:0x8086
[2017.03.27-19.33.25:199][  0]LogD3D11RHI:    2. 'Microsoft Basic Render Driver' (Feature Level 11_0)
[2017.03.27-19.33.25:199][  0]LogD3D11RHI:       0/0/4053 MB DedicatedVideo/DedicatedSystem/SharedSystem, Outputs:0, VendorId:0x1414
[2017.03.27-19.33.25:199][  0]LogD3D11RHI: Chosen D3D11 Adapter: 0
[2017.03.27-19.33.25:212][  0]LogD3D11RHI: Creating new Direct3DDevice
[2017.03.27-19.33.25:213][  0]LogD3D11RHI:     GPU DeviceId: 0x139b (for the marketing name, search the web for "GPU Device Id")
[2017.03.27-19.33.25:213][  0]LogWindows: EnumDisplayDevices:
[2017.03.27-19.33.25:213][  0]LogWindows:    0. 'Intel(R) HD Graphics 5600' (P:1 D:1)
[2017.03.27-19.33.25:214][  0]LogWindows:    1. 'Intel(R) HD Graphics 5600' (P:0 D:0)
[2017.03.27-19.33.25:214][  0]LogWindows:    2. 'Intel(R) HD Graphics 5600' (P:0 D:0)
[2017.03.27-19.33.25:214][  0]LogWindows: DebugString: PrimaryIsNotTheChoosenAdapter PrimaryIsNotTheChoosenAdapter PrimaryIsNotTheChoosenAdapter FoundDriverCount:0 
[2017.03.27-19.33.25:214][  0]LogD3D11RHI:     Adapter Name: NVIDIA GeForce GTX 960M
[2017.03.27-19.33.25:214][  0]LogD3D11RHI:   Driver Version: Unknown (internal:Unknown, unified:Unknown)
[2017.03.27-19.33.25:214][  0]LogD3D11RHI:      Driver Date: Unknown
[2017.03.27-19.33.25:214][  0]LogRHI: Texture pool is 1361 MB (70% of 1945 MB)
[2017.03.27-19.33.27:017][  0]LogD3D11RHI: Async texture creation enabled
[2017.03.27-19.33.27:111][  0]LogD3D11RHI: GPU Timing Frequency: 1000.000000 (Debug: 2 1)
[2017.03.27-19.33.27:113][  0]LogShaderCompilers: Guid format shader working directory is 6 characters bigger than the processId version (C:/Users/tbenj/Desktop/New Tech/VR4/VR4/Intermediate/Shaders/WorkingDirectory/10612/).
[2017.03.27-19.33.27:113][  0]LogShaderCompilers: Cleaned the shader compiler working directory 'C:/Users/tbenj/AppData/Local/Temp/UnrealShaderWorkingDir/11DBE8924291E7AAF5637080FC7405E8/'.
[2017.03.27-19.33.27:113][  0]LogShaderCompilers:Display: Using Local Shader Compiler.
[2017.03.27-19.33.30:412][  0]LogTemp:Display: Loaded TP AllDesktopTargetPlatform
[2017.03.27-19.33.30:548][  0]LogTemp:Display: Loaded TP MacClientTargetPlatform
[2017.03.27-19.33.30:681][  0]LogTemp:Display: Loaded TP MacNoEditorTargetPlatform
[2017.03.27-19.33.30:815][  0]LogTemp:Display: Loaded TP MacServerTargetPlatform
[2017.03.27-19.33.30:945][  0]LogTemp:Display: Loaded TP MacTargetPlatform
[2017.03.27-19.33.31:077][  0]LogTemp:Display: Loaded TP WindowsClientTargetPlatform
[2017.03.27-19.33.31:207][  0]LogTemp:Display: Loaded TP WindowsNoEditorTargetPlatform
[2017.03.27-19.33.31:360][  0]LogTemp:Display: Loaded TP WindowsServerTargetPlatform
[2017.03.27-19.33.31:504][  0]LogTemp:Display: Loaded TP WindowsTargetPlatform
[2017.03.27-19.33.31:629][  0]LogTemp:Display: Loaded TP AndroidTargetPlatform
[2017.03.27-19.33.31:764][  0]LogTemp:Display: Loaded TP Android_ASTCTargetPlatform
[2017.03.27-19.33.31:886][  0]LogTemp:Display: Loaded TP Android_ATCTargetPlatform
[2017.03.27-19.33.32:018][  0]LogTemp:Display: Loaded TP Android_DXTTargetPlatform
[2017.03.27-19.33.32:147][  0]LogTemp:Display: Loaded TP Android_ETC1TargetPlatform
[2017.03.27-19.33.32:295][  0]LogTemp:Display: Loaded TP Android_ETC2TargetPlatform
[2017.03.27-19.33.32:567][  0]LogTemp:Display: Loaded TP Android_MultiTargetPlatform
[2017.03.27-19.33.32:569][  0]LogTemp:Display: Loaded TP Android_PVRTCTargetPlatform
[2017.03.27-19.33.32:676][  0]LogTemp:Display: Loaded TP HTML5TargetPlatform
[2017.03.27-19.33.32:868][  0]LogTemp:Display: Loaded TP IOSTargetPlatform
[2017.03.27-19.33.32:950][  0]LogTemp:Display: Loaded TP TVOSTargetPlatform
[2017.03.27-19.33.33:074][  0]LogTemp:Display: Loaded TP LinuxClientTargetPlatform
[2017.03.27-19.33.33:193][  0]LogTemp:Display: Loaded TP LinuxNoEditorTargetPlatform
[2017.03.27-19.33.33:306][  0]LogTemp:Display: Loaded TP LinuxServerTargetPlatform
[2017.03.27-19.33.33:439][  0]LogTemp:Display: Loaded TP LinuxTargetPlatform
[2017.03.27-19.33.33:439][  0]LogTargetPlatformManager:Display: Building Assets For Windows
[2017.03.27-19.33.34:431][  0]LogDerivedDataCache:Display: Max Cache Size: 512 MB
[2017.03.27-19.33.34:612][  0]LogDerivedDataCache: Loaded boot cache 0.18s 54MB C:/Users/tbenj/AppData/Local/UnrealEngine/4.15/DerivedDataCache/Boot.ddc.
[2017.03.27-19.33.34:612][  0]LogDerivedDataCache:Display: Loaded Boot cache: C:/Users/tbenj/AppData/Local/UnrealEngine/4.15/DerivedDataCache/Boot.ddc
[2017.03.27-19.33.34:612][  0]LogDerivedDataCache: FDerivedDataBackendGraph:  Pak pak cache file C:/Users/tbenj/Desktop/New Tech/VR4/VR4/DerivedDataCache/DDC.ddp not found, will not use a pak cache.
[2017.03.27-19.33.34:612][  0]LogDerivedDataCache: Unable to find inner node Pak for hierarchical cache Hierarchy.
[2017.03.27-19.33.34:612][  0]LogDerivedDataCache: FDerivedDataBackendGraph:  CompressedPak pak cache file C:/Users/tbenj/Desktop/New Tech/VR4/VR4/DerivedDataCache/Compressed.ddp not found, will not use a pak cache.
[2017.03.27-19.33.34:612][  0]LogDerivedDataCache: Unable to find inner node CompressedPak for hierarchical cache Hierarchy.
[2017.03.27-19.33.34:657][  0]LogDerivedDataCache:Display: Pak cache opened for reading ../../../Engine/DerivedDataCache/Compressed.ddp.
[2017.03.27-19.33.34:674][  0]LogDerivedDataCache: Using Local data cache path C:/Users/tbenj/AppData/Local/UnrealEngine/Common/DerivedDataCache: Writable
[2017.03.27-19.33.34:704][  0]LogSlate: Using Freetype 2.6.0
[2017.03.27-19.33.34:706][  0]LogSlate: SlateFontCache - WITH_FREETYPE: 1, WITH_HARFBUZZ: 1
[2017.03.27-19.33.34:706][  0]LogSlate: SlateFontCache - WITH_FREETYPE: 1, WITH_HARFBUZZ: 1
[2017.03.27-19.33.35:486][  0]LogInit: Selected Device Profile: [Windows]
[2017.03.27-19.33.35:513][  0]LogContentStreaming: Texture pool size is 0.00 MB
[2017.03.27-19.33.36:112][  0]LogMeshUtilities: Using QuadricMeshReduction for automatic static mesh reduction
[2017.03.27-19.33.36:212][  0]LogSimplygon: Simplygon DLL not present - disabling.
[2017.03.27-19.33.36:311][  0]LogMeshUtilities: Using SimplygonSwarm for distributed automatic mesh merging
[2017.03.27-19.33.36:311][  0]LogMeshUtilities: No automatic skeletal mesh reduction module available
[2017.03.27-19.33.36:311][  0]LogMeshUtilities: No automatic mesh merging module available
[2017.03.27-19.33.37:901][  0]LogNetVersion: GetLocalNetworkVersion: CL: 3299760, ProjectName: vr4, ProjectVersion: , EngineNetworkVersion: 2, GameNetworkVersion: 0, NetworkChecksum: 772521802
[2017.03.27-19.33.37:978][  0]LogAssetRegistry: FAssetRegistry took 0.0223 seconds to start up
[2017.03.27-19.33.38:079][  0]LogPackageLocalizationCache: Processed 3 localized package path(s) for 1 prioritized culture(s) in 0.050715 seconds
[2017.03.27-19.33.38:102][  0]LogUObjectArray: 32493 objects as part of root set at end of initial load.
[2017.03.27-19.33.38:102][  0]LogUObjectAllocator: 7077024 out of 0 bytes used by permanent object pool.
[2017.03.27-19.33.38:102][  0]LogUObjectArray: CloseDisregardForGC: 0/0 objects in disregard for GC pool
[2017.03.27-19.33.38:261][  0]LogInit: WinSock: version 1.1 (2.2), MaxSocks=32767, MaxUdp=65467
[2017.03.27-19.33.41:822][  0]LogTcpMessaging: Initializing TcpMessaging bridge
[2017.03.27-19.33.41:893][  0]LogUdpMessaging: Initializing bridge on interface 0.0.0.0:0 to multicast group 230.0.0.1:6666.
[2017.03.27-19.33.42:847][  0]LogMaterial: Uniform references updated for custom material expression Custom.
[2017.03.27-19.33.43:739][  0]SourceControl: Info Source control is disabled
[2017.03.27-19.33.43:742][  0]SourceControl: Info Source control is disabled
[2017.03.27-19.33.43:856][  0]SourceControl: Info Source control is disabled
[2017.03.27-19.33.43:944][  0]SourceControl: Info Source control is disabled
[2017.03.27-19.33.46:550][  0]LogEngine: Initializing Engine...
[2017.03.27-19.33.46:551][  0]LogHMD: Failed to initialize OpenVR with code 110
[2017.03.27-19.33.46:774][  0]LogMaterial: Missing cached shader map for material VertexColorMaterial, compiling. 
[2017.03.27-19.33.46:777][  0]LogTemp:Display: Added material ShaderMap 0x000002927CF8D980 with Material 0x000002920C59CE80 to ShaderMapsBeingCompiled
[2017.03.27-19.33.46:890][  0]LogTemp:Display: Kicking off shader compilation for VertexColorMaterial, GameThreadShaderMap 0x000002927CF8D980
[2017.03.27-19.33.46:894][  0]LogMaterial: Missing cached shader map for material VertexColorViewMode_ColorOnly, compiling. 
[2017.03.27-19.33.46:896][  0]LogTemp:Display: Added material ShaderMap 0x000002920D986080 with Material 0x000002920D55E800 to ShaderMapsBeingCompiled
[2017.03.27-19.33.46:918][  0]LogTemp:Display: Kicking off shader compilation for VertexColorViewMode_ColorOnly, GameThreadShaderMap 0x000002920D986080
[2017.03.27-19.33.46:926][  0]LogMaterial: Missing cached shader map for material VertexColorViewMode_AlphaAsColor, compiling. 
[2017.03.27-19.33.46:927][  0]LogTemp:Display: Added material ShaderMap 0x000002920D8B3900 with Material 0x000002920D55D180 to ShaderMapsBeingCompiled
[2017.03.27-19.33.46:946][  0]LogTemp:Display: Kicking off shader compilation for VertexColorViewMode_AlphaAsColor, GameThreadShaderMap 0x000002920D8B3900
[2017.03.27-19.33.46:956][  0]LogMaterial: Missing cached shader map for material VertexColorViewMode_RedOnly, compiling. 
[2017.03.27-19.33.46:957][  0]LogTemp:Display: Added material ShaderMap 0x000002920D835280 with Material 0x000002920E607A00 to ShaderMapsBeingCompiled
[2017.03.27-19.33.46:977][  0]LogTemp:Display: Kicking off shader compilation for VertexColorViewMode_RedOnly, GameThreadShaderMap 0x000002920D835280
[2017.03.27-19.33.46:981][  0]LogMaterial: Missing cached shader map for material VertexColorViewMode_GreenOnly, compiling. 
[2017.03.27-19.33.46:983][  0]LogTemp:Display: Added material ShaderMap 0x000002920E56E780 with Material 0x000002920E606200 to ShaderMapsBeingCompiled
[2017.03.27-19.33.47:000][  0]LogTemp:Display: Kicking off shader compilation for VertexColorViewMode_GreenOnly, GameThreadShaderMap 0x000002920E56E780
[2017.03.27-19.33.47:006][  0]LogMaterial: Missing cached shader map for material VertexColorViewMode_BlueOnly, compiling. 
[2017.03.27-19.33.47:008][  0]LogTemp:Display: Added material ShaderMap 0x000002920E4FC480 with Material 0x000002920E604A00 to ShaderMapsBeingCompiled
[2017.03.27-19.33.47:028][  0]LogTemp:Display: Kicking off shader compilation for VertexColorViewMode_BlueOnly, GameThreadShaderMap 0x000002920E4FC480
[2017.03.27-19.33.47:032][  0]LogMaterial: Missing cached shader map for material RemoveSurfaceMaterial, compiling. 
[2017.03.27-19.33.47:033][  0]LogTemp:Display: Added material ShaderMap 0x000002920E40E400 with Material 0x000002920E20EF80 to ShaderMapsBeingCompiled
[2017.03.27-19.33.47:045][  0]LogTemp:Display: Kicking off shader compilation for RemoveSurfaceMaterial, GameThreadShaderMap 0x000002920E40E400
[2017.03.27-19.33.47:055][  0]LogMaterial: Missing cached shader map for material DebugMeshMaterial, compiling. 
[2017.03.27-19.33.47:056][  0]LogTemp:Display: Added material ShaderMap 0x000002920E1C7580 with Material 0x000002920E20D900 to ShaderMapsBeingCompiled
[2017.03.27-19.33.47:083][  0]LogTemp:Display: Kicking off shader compilation for DebugMeshMaterial, GameThreadShaderMap 0x000002920E1C7580
[2017.03.27-19.33.47:092][  0]LogMaterial: Missing cached shader map for material M_InvalidLightmapSettings, compiling. 
[2017.03.27-19.33.47:094][  0]LogTemp:Display: Added material ShaderMap 0x000002920E0EF900 with Material 0x000002920E0EAF80 to ShaderMapsBeingCompiled
[2017.03.27-19.33.47:158][  0]LogTemp:Display: Kicking off shader compilation for M_InvalidLightmapSettings, GameThreadShaderMap 0x000002920E0EF900
[2017.03.27-19.33.47:165][  0]LogMaterial: Missing cached shader map for material GizmoMaterial, compiling. 
[2017.03.27-19.33.47:167][  0]LogTemp:Display: Added material ShaderMap 0x000002920E9CC480 with Material 0x000002920E0E9780 to ShaderMapsBeingCompiled
[2017.03.27-19.33.47:189][  0]LogTemp:Display: Kicking off shader compilation for GizmoMaterial, GameThreadShaderMap 0x000002920E9CC480
[2017.03.27-19.33.47:198][  0]LogMaterial: Missing cached shader map for material PhAT_JointLimitMaterial, compiling. 
[2017.03.27-19.33.47:199][  0]LogTemp:Display: Added material ShaderMap 0x000002920E8F9D00 with Material 0x000002920E8D7B80 to ShaderMapsBeingCompiled
[2017.03.27-19.33.47:219][  0]LogTemp:Display: Kicking off shader compilation for PhAT_JointLimitMaterial, GameThreadShaderMap 0x000002920E8F9D00
[2017.03.27-19.33.47:227][  0]LogMaterial: Missing cached shader map for material GeomMaterial, compiling. 
[2017.03.27-19.33.47:228][  0]LogTemp:Display: Added material ShaderMap 0x000002920F5BAE80 with Material 0x000002920E8D4100 to ShaderMapsBeingCompiled
[2017.03.27-19.33.47:248][  0]LogTemp:Display: Kicking off shader compilation for GeomMaterial, GameThreadShaderMap 0x000002920F5BAE80
[2017.03.27-19.33.47:257][  0]LogMaterial: Missing cached shader map for material EditorBrushMaterial, compiling. 
[2017.03.27-19.33.47:258][  0]LogTemp:Display: Added material ShaderMap 0x000002920F551600 with Material 0x000002920F59E500 to ShaderMapsBeingCompiled
[2017.03.27-19.33.47:287][  0]LogTemp:Display: Kicking off shader compilation for EditorBrushMaterial, GameThreadShaderMap 0x000002920F551600
[2017.03.27-19.33.47:301][  0]LogMaterial: Missing cached shader map for material BoneWeightMaterial, compiling. 
[2017.03.27-19.33.47:303][  0]LogTemp:Display: Added material ShaderMap 0x000002920F1E3C80 with Material 0x000002920F59CD00 to ShaderMapsBeingCompiled
[2017.03.27-19.33.47:479][  0]LogTemp:Display: Kicking off shader compilation for BoneWeightMaterial, GameThreadShaderMap 0x000002920F1E3C80
[2017.03.27-19.33.47:499][  0]LogMaterial: Missing cached shader map for material PreviewShadowIndicatorMaterial, compiling. 
[2017.03.27-19.33.47:500][  0]LogTemp:Display: Added material ShaderMap 0x00000292104CE400 with Material 0x00000292105D4D00 to ShaderMapsBeingCompiled
[2017.03.27-19.33.47:555][  0]LogTemp:Display: Kicking off shader compilation for PreviewShadowIndicatorMaterial, GameThreadShaderMap 0x00000292104CE400
[2017.03.27-19.33.47:853][  0]LogAIModule: Creating AISystem for world Untitled
[2017.03.27-19.33.47:893][  0]LogInit: XAudio2 using 'Luidsprekers (Razer Surround Audio Controller)' : 8 channels at 48 kHz using 16 bits per sample (channel mask 0x63f)
[2017.03.27-19.33.47:937][  0]LogInit: FAudioDevice initialized.
[2017.03.27-19.33.48:050][  0]LogDerivedDataCache: Saved boot cache 0.11s 61MB C:/Users/tbenj/AppData/Local/UnrealEngine/4.15/DerivedDataCache/Boot.ddc.
[2017.03.27-19.33.48:070][  0]LogInit: Texture streaming: Enabled
[2017.03.27-19.33.48:293][  0]LogEngineSessionManager: EngineSessionManager initialized
[2017.03.27-19.33.48:519][  0]LogInit: Transaction tracking system initialized
[2017.03.27-19.33.49:393][  0]BlueprintLog: New page: Editor Load
[2017.03.27-19.33.51:710][  0]LocalizationService: Info Localization service is disabled
[2017.03.27-19.33.53:446][  0]LogConsoleResponse:Display: 
[2017.03.27-19.33.53:523][  0]LogMaterial: Missing cached shader map for material Cross_Mat, compiling. 
[2017.03.27-19.33.53:525][  0]LogTemp:Display: Added material ShaderMap 0x000002920FC50F00 with Material 0x0000029279492200 to ShaderMapsBeingCompiled
[2017.03.27-19.33.53:574][  0]LogTemp:Display: Kicking off shader compilation for Cross_Mat, GameThreadShaderMap 0x000002920FC50F00
[2017.03.27-19.33.53:580][  0]LogMaterial: Missing cached shader map for material PhAT_BoneSelectedMaterial, compiling. 
[2017.03.27-19.33.53:582][  0]LogTemp:Display: Added material ShaderMap 0x0000029276CDF200 with Material 0x0000029279490B80 to ShaderMapsBeingCompiled
[2017.03.27-19.33.53:602][  0]LogTemp:Display: Kicking off shader compilation for PhAT_BoneSelectedMaterial, GameThreadShaderMap 0x0000029276CDF200
[2017.03.27-19.33.53:615][  0]LogMaterial: Missing cached shader map for material PhAT_ElemSelectedMaterial, compiling. 
[2017.03.27-19.33.53:616][  0]LogTemp:Display: Added material ShaderMap 0x000002920C655D00 with Material 0x000002920C616F80 to ShaderMapsBeingCompiled
[2017.03.27-19.33.53:674][  0]LogTemp:Display: Kicking off shader compilation for PhAT_ElemSelectedMaterial, GameThreadShaderMap 0x000002920C655D00
[2017.03.27-19.33.53:686][  0]LogMaterial: Missing cached shader map for material PhAT_NoCollisionMaterial, compiling. 
[2017.03.27-19.33.53:688][  0]LogTemp:Display: Added material ShaderMap 0x000002920CE2C800 with Material 0x000002920C615780 to ShaderMapsBeingCompiled
[2017.03.27-19.33.53:721][  0]LogTemp:Display: Kicking off shader compilation for PhAT_NoCollisionMaterial, GameThreadShaderMap 0x000002920CE2C800
[2017.03.27-19.33.53:748][  0]LogMaterial: Missing cached shader map for material PhAT_UnselectedMaterial, compiling. 
[2017.03.27-19.33.53:751][  0]LogTemp:Display: Added material ShaderMap 0x000002920C3A2E80 with Material 0x000002920C614100 to ShaderMapsBeingCompiled
[2017.03.27-19.33.53:777][  0]LogTemp:Display: Kicking off shader compilation for PhAT_UnselectedMaterial, GameThreadShaderMap 0x000002920C3A2E80
[2017.03.27-19.33.53:784][  0]LogMaterial: Missing cached shader map for material Tick_Mat, compiling. 
[2017.03.27-19.33.53:786][  0]LogTemp:Display: Added material ShaderMap 0x000002920D2B5280 with Material 0x000002920C3D6680 to ShaderMapsBeingCompiled
[2017.03.27-19.33.53:831][  0]LogTemp:Display: Kicking off shader compilation for Tick_Mat, GameThreadShaderMap 0x000002920D2B5280
[2017.03.27-19.33.53:860][  0]LogMaterial: Missing cached shader map for material WidgetGridVertexColorMaterial_Ma, compiling. 
[2017.03.27-19.33.53:862][  0]LogTemp:Display: Added material ShaderMap 0x00000292768DC480 with Material 0x000002920C3D4B80 to ShaderMapsBeingCompiled
[2017.03.27-19.33.53:883][  0]LogTemp:Display: Kicking off shader compilation for WidgetGridVertexColorMaterial_Ma, GameThreadShaderMap 0x00000292768DC480
[2017.03.27-19.33.53:890][  0]LogMaterial: Missing cached shader map for material WidgetMaterial, compiling. 
[2017.03.27-19.33.53:898][  0]LogTemp:Display: Added material ShaderMap 0x0000029276B44F00 with Material 0x0000029279E0EB00 to ShaderMapsBeingCompiled
[2017.03.27-19.33.53:921][  0]LogTemp:Display: Kicking off shader compilation for WidgetMaterial, GameThreadShaderMap 0x0000029276B44F00
[2017.03.27-19.33.53:925][  0]LogMaterial: Missing cached shader map for material WidgetMaterial_Current, compiling. 
[2017.03.27-19.33.53:926][  0]LogTemp:Display: Added material ShaderMap 0x0000029279F04480 with Material 0x0000029279E0D480 to ShaderMapsBeingCompiled
[2017.03.27-19.33.53:944][  0]LogTemp:Display: Kicking off shader compilation for WidgetMaterial_Current, GameThreadShaderMap 0x0000029279F04480
[2017.03.27-19.33.53:949][  0]LogMaterial: Missing cached shader map for material WidgetMaterial_X, compiling. 
[2017.03.27-19.33.53:950][  0]LogTemp:Display: Added material ShaderMap 0x000002927A0CAB00 with Material 0x00000292143E7E80 to ShaderMapsBeingCompiled
[2017.03.27-19.33.53:978][  0]LogTemp:Display: Kicking off shader compilation for WidgetMaterial_X, GameThreadShaderMap 0x000002927A0CAB00
[2017.03.27-19.33.53:986][  0]LogMaterial: Missing cached shader map for material WidgetMaterial_Y, compiling. 
[2017.03.27-19.33.53:988][  0]LogTemp:Display: Added material ShaderMap 0x0000029214389280 with Material 0x00000292143E6800 to ShaderMapsBeingCompiled
[2017.03.27-19.33.54:007][  0]LogTemp:Display: Kicking off shader compilation for WidgetMaterial_Y, GameThreadShaderMap 0x0000029214389280
[2017.03.27-19.33.54:013][  0]LogMaterial: Missing cached shader map for material WidgetMaterial_Z, compiling. 
[2017.03.27-19.33.54:015][  0]LogTemp:Display: Added material ShaderMap 0x0000029214FE3C80 with Material 0x00000292143E5000 to ShaderMapsBeingCompiled
[2017.03.27-19.33.54:041][  0]LogTemp:Display: Kicking off shader compilation for WidgetMaterial_Z, GameThreadShaderMap 0x0000029214FE3C80
[2017.03.27-19.33.54:055][  0]LogMaterial: Missing cached shader map for material WidgetVertexColorMaterial, compiling. 
[2017.03.27-19.33.54:056][  0]LogTemp:Display: Added material ShaderMap 0x0000029214F62400 with Material 0x0000029214F33880 to ShaderMapsBeingCompiled
[2017.03.27-19.33.54:076][  0]LogTemp:Display: Kicking off shader compilation for WidgetVertexColorMaterial, GameThreadShaderMap 0x0000029214F62400
[2017.03.27-19.33.54:139][  0]LogMaterial: Missing cached shader map for material LevelGridMaterial, compiling. 
[2017.03.27-19.33.54:146][  0]LogTemp:Display: Added material ShaderMap 0x0000029214BDD280 with Material 0x0000029214F31F00 to ShaderMapsBeingCompiled
[2017.03.27-19.33.54:179][  0]LogTemp:Display: Kicking off shader compilation for LevelGridMaterial, GameThreadShaderMap 0x0000029214BDD280
[2017.03.27-19.33.54:234][  0]LogMaterial: Missing cached shader map for material BlinkingCaret, compiling. 
[2017.03.27-19.33.54:236][  0]LogTemp:Display: Added material ShaderMap 0x0000029214B48100 with Material 0x0000029276889A80 to ShaderMapsBeingCompiled
[2017.03.27-19.33.54:256][  0]LogTemp:Display: Kicking off shader compilation for BlinkingCaret, GameThreadShaderMap 0x0000029214B48100
[2017.03.27-19.33.54:305][  0]LogMaterial: Missing cached shader map for material M_StreamingPause, compiling. 
[2017.03.27-19.33.54:307][  0]LogTemp:Display: Added material ShaderMap 0x000002921474AB00 with Material 0x0000029279B74D00 to ShaderMapsBeingCompiled
[2017.03.27-19.33.54:331][  0]LogTemp:Display: Kicking off shader compilation for M_StreamingPause, GameThreadShaderMap 0x000002921474AB00
[2017.03.27-19.33.54:375][  0]LogCook:Display: Max memory allowance for cook 16384mb min free memory 0mb
[2017.03.27-19.33.54:375][  0]LogCook:Display: Mobile HDR setting 1
[2017.03.27-19.33.55:539][  0]LogFileCache: Scanning file cache for directory 'C:/Users/tbenj/Desktop/New Tech/VR4/VR4/Content/' took 0.02s
[2017.03.27-19.33.57:312][  0]SourceControl: Info Source control is disabled
[2017.03.27-19.33.57:312][  0]Cmd: MAP LOAD FILE="C:/Users/tbenj/Desktop/New Tech/VR4/VR4/Content/VirtualRealityBP/Maps/StartupMap.umap" TEMPLATE=0 SHOWPROGRESS=1 FEATURELEVEL=3
[2017.03.27-19.33.57:314][  0]LightingResults: New page: Lighting Build
[2017.03.27-19.33.57:426][  0]MapCheck: New page: Map Check
[2017.03.27-19.33.57:426][  0]LightingResults: New page: Lighting Build
[2017.03.27-19.33.57:764][  0]LogAIModule: Creating AISystem for world StartupMap
[2017.03.27-19.33.57:853][  0]LogEditorServer: Finished looking for orphan Actors (0.000 secs)
[2017.03.27-19.33.57:856][  0]Cmd: MAP CHECKDEP NOCLEARLOG
[2017.03.27-19.33.57:959][  0]MapCheck: Info Map check complete: 0 Error(s), 0 Warning(s), took 102.284ms to complete.
[2017.03.27-19.33.57:959][  0]LogFileHelpers: Loading map 'StartupMap' took 0.647
[2017.03.27-19.33.58:691][  0]LogCollectionManager: Loaded 0 collections in 0.001901 seconds
[2017.03.27-19.33.58:846][  0]LogFileCache: Scanning file cache for directory 'C:/Users/tbenj/Desktop/New Tech/VR4/VR4/Saved/Collections/' took 0.02s
[2017.03.27-19.33.58:847][  0]LogFileCache: Scanning file cache for directory 'C:/Users/tbenj/Desktop/New Tech/VR4/VR4/Content/Developers/tbenj/Collections/' took 0.01s
[2017.03.27-19.33.58:847][  0]LogFileCache: Scanning file cache for directory 'C:/Users/tbenj/Desktop/New Tech/VR4/VR4/Content/Collections/' took 0.01s
[2017.03.27-19.33.58:847][  0]LogCollectionManager: Rebuilt the GUID cache for 0 collections in 0.000002 seconds
[2017.03.27-19.33.58:871][  0]LogContentBrowser: Native class hierarchy populated in 0.0241 seconds. Added 2245 classes and 453 folders.
[2017.03.27-19.33.58:878][  0]LogStats: UGameplayTagsManager::ConstructGameplayTagTree: Construct from data asset -  0.000 s
[2017.03.27-19.33.58:878][  0]LogStats: UGameplayTagsManager::ConstructGameplayTagTree: GameplayTagTreeChangedEvent.Broadcast -  0.000 s
[2017.03.27-19.33.59:003][  0]LogContentBrowser: Native class hierarchy updated for 'WidgetCarousel' in 0.0010 seconds. Added 0 classes and 0 folders.
[2017.03.27-19.33.59:489][  0]LogContentBrowser: Native class hierarchy updated for 'AddContentDialog' in 0.0011 seconds. Added 0 classes and 0 folders.
[2017.03.27-19.33.59:583][  0]LogContentBrowser: Native class hierarchy updated for 'SceneOutliner' in 0.0018 seconds. Added 1 classes and 2 folders.
[2017.03.27-19.33.59:683][  0]LogCrashTracker: Crashtracker disabled due to settings.
[2017.03.27-19.33.59:701][  0]LogUObjectGlobals:Warning: Failed to find object 'Class None.'
[2017.03.27-19.33.59:809][  0]LogContentBrowser: Native class hierarchy updated for 'HierarchicalLODOutliner' in 0.0011 seconds. Added 1 classes and 2 folders.
[2017.03.27-19.33.59:810][  0]LogLoad: (Engine Initialization) Total time: 42.46 seconds
[2017.03.27-19.33.59:810][  0]LogLoad: (Engine Initialization) Total Blueprint compile time: 0.12 seconds
[2017.03.27-19.33.59:810][  0]LogExternalProfiler: Found external profiler: VSPerf
[2017.03.27-19.33.59:810][  0]LogExternalProfiler: Using external profiler: VSPerf
[2017.03.27-19.34.00:155][  0]LogOcInput: OculusInput pre-init called
[2017.03.27-19.34.00:201][  0]LogContentStreaming: Texture pool size now 1000 MB
[2017.03.27-19.34.00:208][  0]LogTemp:Display: Finished compile of shader map 0x000002920D986080
[2017.03.27-19.34.00:208][  0]LogTemp:Display: Shader map VertexColorViewMode_ColorOnly complete, GameThreadShaderMap 0x000002920D986080, marking material VertexColorViewMode_ColorOnly as finished
[2017.03.27-19.34.00:208][  0]LogTemp:Display: Marking material as finished 0x000002920D55E800
[2017.03.27-19.34.00:223][  0]LogTemp:Display: Finished compile of shader map 0x000002920D8B3900
[2017.03.27-19.34.00:223][  0]LogTemp:Display: Shader map VertexColorViewMode_AlphaAsColor complete, GameThreadShaderMap 0x000002920D8B3900, marking material VertexColorViewMode_AlphaAsColor as finished
[2017.03.27-19.34.00:223][  0]LogTemp:Display: Marking material as finished 0x000002920D55D180
[2017.03.27-19.34.00:244][  0]LogSlate: Took 0.012554 seconds to synchronously load lazily loaded font '../../../Engine/Content/Slate/Fonts/Roboto-Regular.ttf' (155K)
[2017.03.27-19.34.00:258][  0]LogSlate: Took 0.001312 seconds to synchronously load lazily loaded font '../../../Engine/Content/Slate/Fonts/Roboto-Bold.ttf' (160K)
[2017.03.27-19.34.00:289][  0]LogSlate: Took 0.018043 seconds to synchronously load lazily loaded font '../../../Engine/Content/Editor/Slate/Fonts/FontAwesome.ttf' (139K)
[2017.03.27-19.34.00:716][  0]LogMaterial: Missing cached shader map for material LevelGridMaterial2, compiling. 
[2017.03.27-19.34.00:723][  0]LogTemp:Display: Added material ShaderMap 0x000002921F291280 with Material 0x000002921F226800 to ShaderMapsBeingCompiled
[2017.03.27-19.34.00:773][  0]LogTemp:Display: Kicking off shader compilation for LevelGridMaterial2, GameThreadShaderMap 0x000002921F291280
[2017.03.27-19.34.00:893][  0]LogRenderer: Reallocating scene render targets to support 1208x576 NumSamples 1 (Frame:2).
[2017.03.27-19.34.06:497][  1]LogTemp:Display: Finished compile of shader map 0x000002920E56E780
[2017.03.27-19.34.06:497][  1]LogTemp:Display: Shader map VertexColorViewMode_GreenOnly complete, GameThreadShaderMap 0x000002920E56E780, marking material VertexColorViewMode_GreenOnly as finished
[2017.03.27-19.34.06:498][  1]LogTemp:Display: Marking material as finished 0x000002920E606200
[2017.03.27-19.34.06:503][  1]LogTemp:Display: Finished compile of shader map 0x000002920D835280
[2017.03.27-19.34.06:504][  1]LogTemp:Display: Shader map VertexColorViewMode_RedOnly complete, GameThreadShaderMap 0x000002920D835280, marking material VertexColorViewMode_RedOnly as finished
[2017.03.27-19.34.06:504][  1]LogTemp:Display: Marking material as finished 0x000002920E607A00
[2017.03.27-19.34.06:509][  1]LogTemp:Display: Finished compile of shader map 0x000002920E4FC480
[2017.03.27-19.34.06:509][  1]LogTemp:Display: Shader map VertexColorViewMode_BlueOnly complete, GameThreadShaderMap 0x000002920E4FC480, marking material VertexColorViewMode_BlueOnly as finished
[2017.03.27-19.34.06:509][  1]LogTemp:Display: Marking material as finished 0x000002920E604A00
[2017.03.27-19.34.06:513][  1]LogTemp:Display: Finished compile of shader map 0x000002920E40E400
[2017.03.27-19.34.06:513][  1]LogTemp:Display: Shader map RemoveSurfaceMaterial complete, GameThreadShaderMap 0x000002920E40E400, marking material RemoveSurfaceMaterial as finished
[2017.03.27-19.34.06:513][  1]LogTemp:Display: Marking material as finished 0x000002920E20EF80
[2017.03.27-19.34.21:637][  2]LogTemp:Display: Finished compile of shader map 0x000002920E9CC480
[2017.03.27-19.34.21:637][  2]LogTemp:Display: Shader map GizmoMaterial complete, GameThreadShaderMap 0x000002920E9CC480, marking material GizmoMaterial as finished
[2017.03.27-19.34.21:637][  2]LogTemp:Display: Marking material as finished 0x000002920E0E9780
[2017.03.27-19.34.21:645][  2]LogTemp:Display: Finished compile of shader map 0x000002920E1C7580
[2017.03.27-19.34.21:645][  2]LogTemp:Display: Shader map DebugMeshMaterial complete, GameThreadShaderMap 0x000002920E1C7580, marking material DebugMeshMaterial as finished
[2017.03.27-19.34.21:645][  2]LogTemp:Display: Marking material as finished 0x000002920E20D900
[2017.03.27-19.34.21:728][  2]LogSlate: Took 0.041233 seconds to synchronously load lazily loaded font '../../../Engine/Content/Slate/Fonts/Roboto-Light.ttf' (159K)
[2017.03.27-19.34.21:966][  3]LogAssetRegistry: Asset discovery search completed in 44.0098 seconds
[2017.03.27-19.34.21:966][  3]LogCollectionManager: Rebuilt the object cache for 0 collections in 0.000013 seconds (found 0 objects)
[2017.03.27-19.34.21:966][  3]LogCollectionManager: Fixed up redirectors for 0 collections in 0.000045 seconds (updated 0 objects)
[2017.03.27-19.34.22:631][  5]LogTemp:Display: Finished compile of shader map 0x000002920E0EF900
[2017.03.27-19.34.22:631][  5]LogTemp:Display: Shader map M_InvalidLightmapSettings complete, GameThreadShaderMap 0x000002920E0EF900, marking material M_InvalidLightmapSettings as finished
[2017.03.27-19.34.22:631][  5]LogTemp:Display: Marking material as finished 0x000002920E0EAF80
[2017.03.27-19.34.22:641][  5]LogTemp:Display: Finished compile of shader map 0x000002927CF8D980
[2017.03.27-19.34.22:641][  5]LogTemp:Display: Shader map VertexColorMaterial complete, GameThreadShaderMap 0x000002927CF8D980, marking material VertexColorMaterial as finished
[2017.03.27-19.34.22:641][  5]LogTemp:Display: Marking material as finished 0x000002920C59CE80
[2017.03.27-19.34.23:963][  9]LogTemp:Display: Finished compile of shader map 0x000002920E8F9D00
[2017.03.27-19.34.23:963][  9]LogTemp:Display: Shader map PhAT_JointLimitMaterial complete, GameThreadShaderMap 0x000002920E8F9D00, marking material PhAT_JointLimitMaterial as finished
[2017.03.27-19.34.23:963][  9]LogTemp:Display: Marking material as finished 0x000002920E8D7B80
[2017.03.27-19.34.32:318][ 20]LogTemp:Display: Finished compile of shader map 0x000002920F551600
[2017.03.27-19.34.32:318][ 20]LogTemp:Display: Shader map EditorBrushMaterial complete, GameThreadShaderMap 0x000002920F551600, marking material EditorBrushMaterial as finished
[2017.03.27-19.34.32:318][ 20]LogTemp:Display: Marking material as finished 0x000002920F59E500
[2017.03.27-19.34.32:323][ 20]LogTemp:Display: Finished compile of shader map 0x000002920F5BAE80
[2017.03.27-19.34.32:323][ 20]LogTemp:Display: Shader map GeomMaterial complete, GameThreadShaderMap 0x000002920F5BAE80, marking material GeomMaterial as finished
[2017.03.27-19.34.32:323][ 20]LogTemp:Display: Marking material as finished 0x000002920E8D4100
[2017.03.27-19.34.50:007][ 73]LogTemp:Display: Finished compile of shader map 0x00000292104CE400
[2017.03.27-19.34.50:007][ 73]LogTemp:Display: Shader map PreviewShadowIndicatorMaterial complete, GameThreadShaderMap 0x00000292104CE400, marking material PreviewShadowIndicatorMaterial as finished
[2017.03.27-19.34.50:007][ 73]LogTemp:Display: Marking material as finished 0x00000292105D4D00
[2017.03.27-19.34.51:009][ 76]LogTemp:Display: Finished compile of shader map 0x000002920F1E3C80
[2017.03.27-19.34.51:009][ 76]LogTemp:Display: Shader map BoneWeightMaterial complete, GameThreadShaderMap 0x000002920F1E3C80, marking material BoneWeightMaterial as finished
[2017.03.27-19.34.51:009][ 76]LogTemp:Display: Marking material as finished 0x000002920F59CD00
[2017.03.27-19.34.55:366][ 89]LogTemp:Display: Finished compile of shader map 0x000002920C655D00
[2017.03.27-19.34.55:366][ 89]LogTemp:Display: Shader map PhAT_ElemSelectedMaterial complete, GameThreadShaderMap 0x000002920C655D00, marking material PhAT_ElemSelectedMaterial as finished
[2017.03.27-19.34.55:366][ 89]LogTemp:Display: Marking material as finished 0x000002920C616F80
[2017.03.27-19.34.58:499][ 98]LogSlate: Took 0.000391 seconds to synchronously load lazily loaded font '../../../Engine/Content/Slate/Fonts/Roboto-Light.ttf' (159K)
[2017.03.27-19.34.59:468][101]LogTemp:Display: Finished compile of shader map 0x0000029276CDF200
[2017.03.27-19.34.59:468][101]LogTemp:Display: Shader map PhAT_BoneSelectedMaterial complete, GameThreadShaderMap 0x0000029276CDF200, marking material PhAT_BoneSelectedMaterial as finished
[2017.03.27-19.34.59:468][101]LogTemp:Display: Marking material as finished 0x0000029279490B80
[2017.03.27-19.34.59:475][101]LogTemp:Display: Finished compile of shader map 0x000002920FC50F00
[2017.03.27-19.34.59:475][101]LogTemp:Display: Shader map Cross_Mat complete, GameThreadShaderMap 0x000002920FC50F00, marking material Cross_Mat as finished
[2017.03.27-19.34.59:475][101]LogTemp:Display: Marking material as finished 0x0000029279492200
[2017.03.27-19.35.03:817][113]LogTemp:Display: Finished compile of shader map 0x000002920C3A2E80
[2017.03.27-19.35.03:817][113]LogTemp:Display: Shader map PhAT_UnselectedMaterial complete, GameThreadShaderMap 0x000002920C3A2E80, marking material PhAT_UnselectedMaterial as finished
[2017.03.27-19.35.03:817][113]LogTemp:Display: Marking material as finished 0x000002920C614100
[2017.03.27-19.35.03:821][113]LogTemp:Display: Finished compile of shader map 0x000002920CE2C800
[2017.03.27-19.35.03:821][113]LogTemp:Display: Shader map PhAT_NoCollisionMaterial complete, GameThreadShaderMap 0x000002920CE2C800, marking material PhAT_NoCollisionMaterial as finished
[2017.03.27-19.35.03:821][113]LogTemp:Display: Marking material as finished 0x000002920C615780
[2017.03.27-19.35.04:494][115]LogTemp:Display: Finished compile of shader map 0x000002920D2B5280
[2017.03.27-19.35.04:494][115]LogTemp:Display: Shader map Tick_Mat complete, GameThreadShaderMap 0x000002920D2B5280, marking material Tick_Mat as finished
[2017.03.27-19.35.04:494][115]LogTemp:Display: Marking material as finished 0x000002920C3D6680
[2017.03.27-19.35.10:841][134]LogTemp:Display: Finished compile of shader map 0x0000029214389280
[2017.03.27-19.35.10:841][134]LogTemp:Display: Shader map WidgetMaterial_Y complete, GameThreadShaderMap 0x0000029214389280, marking material WidgetMaterial_Y as finished
[2017.03.27-19.35.10:841][134]LogTemp:Display: Marking material as finished 0x00000292143E6800
[2017.03.27-19.35.12:842][140]LogTemp:Display: Finished compile of shader map 0x0000029276B44F00
[2017.03.27-19.35.12:842][140]LogTemp:Display: Shader map WidgetMaterial complete, GameThreadShaderMap 0x0000029276B44F00, marking material WidgetMaterial as finished
[2017.03.27-19.35.12:842][140]LogTemp:Display: Marking material as finished 0x0000029279E0EB00
[2017.03.27-19.35.12:849][140]LogTemp:Display: Finished compile of shader map 0x00000292768DC480
[2017.03.27-19.35.12:850][140]LogTemp:Display: Shader map WidgetGridVertexColorMaterial_Ma complete, GameThreadShaderMap 0x00000292768DC480, marking material WidgetGridVertexColorMaterial_Ma as finished
[2017.03.27-19.35.12:850][140]LogTemp:Display: Marking material as finished 0x000002920C3D4B80
[2017.03.27-19.35.14:868][146]LogTemp:Display: Finished compile of shader map 0x000002927A0CAB00
[2017.03.27-19.35.14:869][146]LogTemp:Display: Shader map WidgetMaterial_X complete, GameThreadShaderMap 0x000002927A0CAB00, marking material WidgetMaterial_X as finished
[2017.03.27-19.35.14:869][146]LogTemp:Display: Marking material as finished 0x00000292143E7E80
[2017.03.27-19.35.14:873][146]LogTemp:Display: Finished compile of shader map 0x0000029279F04480
[2017.03.27-19.35.14:873][146]LogTemp:Display: Shader map WidgetMaterial_Current complete, GameThreadShaderMap 0x0000029279F04480, marking material WidgetMaterial_Current as finished
[2017.03.27-19.35.14:873][146]LogTemp:Display: Marking material as finished 0x0000029279E0D480
[2017.03.27-19.35.15:206][147]LogTemp:Display: Finished compile of shader map 0x0000029214FE3C80
[2017.03.27-19.35.15:206][147]LogTemp:Display: Shader map WidgetMaterial_Z complete, GameThreadShaderMap 0x0000029214FE3C80, marking material WidgetMaterial_Z as finished
[2017.03.27-19.35.15:206][147]LogTemp:Display: Marking material as finished 0x00000292143E5000
[2017.03.27-19.35.16:220][150]LogTemp:Display: Finished compile of shader map 0x0000029214F62400
[2017.03.27-19.35.16:220][150]LogTemp:Display: Shader map WidgetVertexColorMaterial complete, GameThreadShaderMap 0x0000029214F62400, marking material WidgetVertexColorMaterial as finished
[2017.03.27-19.35.16:220][150]LogTemp:Display: Marking material as finished 0x0000029214F33880
[2017.03.27-19.35.22:568][169]LogTemp:Display: Finished compile of shader map 0x000002921474AB00
[2017.03.27-19.35.22:568][169]LogTemp:Display: Shader map M_StreamingPause complete, GameThreadShaderMap 0x000002921474AB00, marking material M_StreamingPause as finished
[2017.03.27-19.35.22:568][169]LogTemp:Display: Marking material as finished 0x0000029279B74D00
[2017.03.27-19.35.25:584][178]LogTemp:Display: Finished compile of shader map 0x0000029214B48100
[2017.03.27-19.35.25:584][178]LogTemp:Display: Shader map BlinkingCaret complete, GameThreadShaderMap 0x0000029214B48100, marking material BlinkingCaret as finished
[2017.03.27-19.35.25:584][178]LogTemp:Display: Marking material as finished 0x0000029276889A80
[2017.03.27-19.35.25:593][178]LogTemp:Display: Finished compile of shader map 0x0000029214BDD280
[2017.03.27-19.35.25:593][178]LogTemp:Display: Shader map LevelGridMaterial complete, GameThreadShaderMap 0x0000029214BDD280, marking material LevelGridMaterial as finished
[2017.03.27-19.35.25:593][178]LogTemp:Display: Marking material as finished 0x0000029214F31F00
[2017.03.27-19.35.25:913][179]LogTemp:Display: Finished compile of shader map 0x000002921F291280
[2017.03.27-19.35.25:913][179]LogTemp:Display: Shader map LevelGridMaterial2 complete, GameThreadShaderMap 0x000002921F291280, marking material LevelGridMaterial2 as finished
[2017.03.27-19.35.25:913][179]LogTemp:Display: Marking material as finished 0x000002921F226800
[2017.03.27-22.53.36:872][136]Cmd: QUIT_EDITOR
[2017.03.27-22.53.36:936][136]LogWindowsTextInputMethodSystem:Display: IME system now deactivated.
[2017.03.27-22.53.36:982][136]LogExit: Preparing to exit.
[2017.03.27-22.53.37:719][136]LogExit: Editor shut down
[2017.03.27-22.53.37:723][136]LogExit: Transaction tracking system shut down
[2017.03.27-22.53.37:980][136]LogObj: Freed 0b from 0 cluster array pools.
[2017.03.27-22.53.37:981][136]LogExit: Object subsystem successfully closed.
[2017.03.27-22.53.38:027][136]LogD3D11RHI: Shutdown
[2017.03.27-22.53.38:027][136]LogD3D11RHI: CleanupD3DDevice
[2017.03.27-22.53.38:129][136]LogD3D11RHI: ~FD3D11DynamicRHI
[2017.03.27-22.53.38:159][136]LogModuleManager: Shutting down and abandoning module HierarchicalLODOutliner (498)
[2017.03.27-22.53.38:159][136]LogModuleManager: Shutting down and abandoning module CrashTracker (496)
[2017.03.27-22.53.38:159][136]LogModuleManager: Shutting down and abandoning module SceneOutliner (494)
[2017.03.27-22.53.38:159][136]LogModuleManager: Shutting down and abandoning module AddContentDialog (492)
[2017.03.27-22.53.38:159][136]LogDirectoryWatcher: A directory notification for 'D:/programmas/Unreal/UE_4.15/FeaturePacks/' was aborted.
[2017.03.27-22.53.38:173][136]LogModuleManager: Shutting down and abandoning module WidgetCarousel (491)
[2017.03.27-22.53.38:173][136]LogModuleManager: Shutting down and abandoning module EditorWidgets (488)
[2017.03.27-22.53.38:173][136]LogModuleManager: Shutting down and abandoning module CollectionManager (486)
[2017.03.27-22.53.38:173][136]LogDirectoryWatcher: A directory notification for 'C:/Users/tbenj/Desktop/New Tech/VR4/VR4/Content/Collections/' was aborted.
[2017.03.27-22.53.38:173][136]LogDirectoryWatcher: A directory notification for 'C:/Users/tbenj/Desktop/New Tech/VR4/VR4/Content/Developers/tbenj/Collections/' was aborted.
[2017.03.27-22.53.38:173][136]LogDirectoryWatcher: A directory notification for 'C:/Users/tbenj/Desktop/New Tech/VR4/VR4/Saved/Collections/' was aborted.
[2017.03.27-22.53.38:173][136]LogModuleManager: Shutting down and abandoning module StatsViewer (484)
[2017.03.27-22.53.38:173][136]LogModuleManager: Shutting down and abandoning module FoliageEdit (482)
[2017.03.27-22.53.38:173][136]LogModuleManager: Shutting down and abandoning module LandscapeEditor (480)
[2017.03.27-22.53.38:174][136]LogModuleManager: Shutting down and abandoning module SceneDepthPickerMode (478)
[2017.03.27-22.53.38:174][136]LogModuleManager: Shutting down and abandoning module ActorPickerMode (476)
[2017.03.27-22.53.38:174][136]LogModuleManager: Shutting down and abandoning module GeometryMode (474)
[2017.03.27-22.53.38:174][136]LogModuleManager: Shutting down and abandoning module TextureAlignMode (472)
[2017.03.27-22.53.38:174][136]LogModuleManager: Shutting down and abandoning module BspMode (470)
[2017.03.27-22.53.38:174][136]LogModuleManager: Shutting down and abandoning module HardwareSurvey (468)
[2017.03.27-22.53.38:174][136]LogModuleManager: Shutting down and abandoning module SequenceRecorderSections (466)
[2017.03.27-22.53.38:174][136]LogModuleManager: Shutting down and abandoning module AutomationWorker (464)
[2017.03.27-22.53.38:174][136]LogModuleManager: Shutting down and abandoning module MatineeToLevelSequence (462)
[2017.03.27-22.53.38:174][136]LogModuleManager: Shutting down and abandoning module LevelSequenceEditor (460)
[2017.03.27-22.53.38:174][136]LogModuleManager: Shutting down and abandoning module PlacementMode (459)
[2017.03.27-22.53.38:174][136]LogModuleManager: Shutting down and abandoning module WmfMediaFactory (456)
[2017.03.27-22.53.38:174][136]LogModuleManager: Shutting down and abandoning module WmfMediaEditor (454)
[2017.03.27-22.53.38:174][136]LogModuleManager: Shutting down and abandoning module MfMediaFactory (452)
[2017.03.27-22.53.38:174][136]LogModuleManager: Shutting down and abandoning module MfMediaEditor (450)
[2017.03.27-22.53.38:174][136]LogModuleManager: Shutting down and abandoning module AvfMediaFactory (448)
[2017.03.27-22.53.38:174][136]LogModuleManager: Shutting down and abandoning module AvfMediaEditor (446)
[2017.03.27-22.53.38:174][136]LogModuleManager: Shutting down and abandoning module AndroidMediaFactory (444)
[2017.03.27-22.53.38:174][136]LogModuleManager: Shutting down and abandoning module Media (443)
[2017.03.27-22.53.38:174][136]LogModuleManager: Shutting down and abandoning module AndroidMediaEditor (440)
[2017.03.27-22.53.38:174][136]LogModuleManager: Shutting down and abandoning module CharacterAI (438)
[2017.03.27-22.53.38:174][136]LogModuleManager: Shutting down and abandoning module AudioCapture (436)
[2017.03.27-22.53.38:174][136]LogModuleManager: Shutting down and abandoning module SequenceRecorder (435)
[2017.03.27-22.53.38:174][136]LogModuleManager: Shutting down and abandoning module SmartSnapping (432)
[2017.03.27-22.53.38:174][136]LogModuleManager: Shutting down and abandoning module SessionServices (430)
[2017.03.27-22.53.38:174][136]LogModuleManager: Shutting down and abandoning module ViewportSnapping (428)
[2017.03.27-22.53.38:174][136]LogModuleManager: Shutting down and abandoning module ViewportInteraction (426)
[2017.03.27-22.53.38:174][136]LogModuleManager: Shutting down and abandoning module LogVisualizer (424)
[2017.03.27-22.53.38:174][136]LogModuleManager: Shutting down and abandoning module IntroTutorials (422)
[2017.03.27-22.53.38:175][136]LogModuleManager: Shutting down and abandoning module GameProjectGeneration (421)
[2017.03.27-22.53.38:175][136]LogModuleManager: Shutting down and abandoning module EditorLiveStreaming (418)
[2017.03.27-22.53.38:175][136]LogModuleManager: Shutting down and abandoning module IOSPlatformEditor (416)
[2017.03.27-22.53.38:175][136]LogModuleManager: Shutting down and abandoning module HTML5PlatformEditor (414)
[2017.03.27-22.53.38:175][136]LogModuleManager: Shutting down and abandoning module AndroidPlatformEditor (412)
[2017.03.27-22.53.38:175][136]LogModuleManager: Shutting down and abandoning module AndroidDeviceDetection (411)
[2017.03.27-22.53.38:482][136]LogModuleManager: Shutting down and abandoning module IOSRuntimeSettings (408)
[2017.03.27-22.53.38:482][136]LogModuleManager: Shutting down and abandoning module AndroidRuntimeSettings (406)
[2017.03.27-22.53.38:482][136]LogModuleManager: Shutting down and abandoning module InputBindingEditor (404)
[2017.03.27-22.53.38:483][136]LogModuleManager: Shutting down and abandoning module NiagaraEditor (402)
[2017.03.27-22.53.38:483][136]LogModuleManager: Shutting down and abandoning module MergeActors (400)
[2017.03.27-22.53.38:483][136]LogModuleManager: Shutting down and abandoning module SizeMap (398)
[2017.03.27-22.53.38:483][136]LogModuleManager: Shutting down and abandoning module TreeMap (396)
[2017.03.27-22.53.38:483][136]LogModuleManager: Shutting down and abandoning module ReferenceViewer (394)
[2017.03.27-22.53.38:483][136]LogModuleManager: Shutting down and abandoning module LocalizationDashboard (392)
[2017.03.27-22.53.38:483][136]LogModuleManager: Shutting down and abandoning module LocalizationService (391)
[2017.03.27-22.53.38:484][136]LogModuleManager: Shutting down and abandoning module HardwareTargeting (388)
[2017.03.27-22.53.38:484][136]LogModuleManager: Shutting down and abandoning module DeviceProfileEditor (386)
[2017.03.27-22.53.38:484][136]LogModuleManager: Shutting down and abandoning module UndoHistory (384)
[2017.03.27-22.53.38:484][136]LogModuleManager: Shutting down and abandoning module UserFeedback (382)
[2017.03.27-22.53.38:484][136]LogModuleManager: Shutting down and abandoning module XmlParser (380)
[2017.03.27-22.53.38:484][136]LogModuleManager: Shutting down and abandoning module Blutility (378)
[2017.03.27-22.53.38:484][136]LogModuleManager: Shutting down and abandoning module ProjectSettingsViewer (376)
[2017.03.27-22.53.38:485][136]LogModuleManager: Shutting down and abandoning module ProjectTargetPlatformEditor (375)
[2017.03.27-22.53.38:486][136]LogModuleManager: Shutting down and abandoning module EditorSettingsViewer (372)
[2017.03.27-22.53.38:486][136]LogModuleManager: Shutting down and abandoning module SettingsEditor (370)
[2017.03.27-22.53.38:486][136]LogModuleManager: Shutting down and abandoning module ProjectLauncher (368)
[2017.03.27-22.53.38:486][136]LogModuleManager: Shutting down and abandoning module SessionFrontend (366)
[2017.03.27-22.53.38:486][136]LogModuleManager: Shutting down and abandoning module ProfilerClient (364)
[2017.03.27-22.53.38:486][136]LogModuleManager: Shutting down and abandoning module DeviceManager (362)
[2017.03.27-22.53.38:486][136]LogModuleManager: Shutting down and abandoning module TargetDeviceServices (361)
[2017.03.27-22.53.38:530][136]LogModuleManager: Shutting down and abandoning module AutomationController (358)
[2017.03.27-22.53.38:531][136]LogModuleManager: Shutting down and abandoning module AutomationWindow (356)
[2017.03.27-22.53.38:531][136]LogModuleManager: Shutting down and abandoning module Layers (354)
[2017.03.27-22.53.38:531][136]LogModuleManager: Shutting down and abandoning module ComponentVisualizers (352)
[2017.03.27-22.53.38:531][136]LogModuleManager: Shutting down and abandoning module DetailCustomizations (350)
[2017.03.27-22.53.38:532][136]LogModuleManager: Shutting down and abandoning module PackagesDialog (348)
[2017.03.27-22.53.38:532][136]LogModuleManager: Shutting down and abandoning module Persona (346)
[2017.03.27-22.53.38:532][136]LogModuleManager: Shutting down and abandoning module AnimGraph (345)
[2017.03.27-22.53.38:533][136]LogModuleManager: Shutting down and abandoning module Kismet (342)
[2017.03.27-22.53.38:533][136]LogModuleManager: Shutting down and abandoning module GraphEditor (340)
[2017.03.27-22.53.38:533][136]LogModuleManager: Shutting down and abandoning module ClassViewer (338)
[2017.03.27-22.53.38:533][136]LogModuleManager: Shutting down and abandoning module Toolbox (336)
[2017.03.27-22.53.38:533][136]LogModuleManager: Shutting down and abandoning module ModuleUI (334)
[2017.03.27-22.53.38:533][136]LogModuleManager: Shutting down and abandoning module MovieSceneTools (332)
[2017.03.27-22.53.38:534][136]LogModuleManager: Shutting down and abandoning module OutputLog (330)
[2017.03.27-22.53.38:534][136]LogModuleManager: Shutting down and abandoning module GammaUI (328)
[2017.03.27-22.53.38:534][136]LogModuleManager: Shutting down and abandoning module Documentation (326)
[2017.03.27-22.53.38:534][136]LogModuleManager: Shutting down and abandoning module Niagara (324)
[2017.03.27-22.53.38:534][136]LogModuleManager: Shutting down and abandoning module StreamingPauseRendering (322)
[2017.03.27-22.53.38:534][136]LogModuleManager: Shutting down and abandoning module AnalyticsET (320)
[2017.03.27-22.53.38:534][136]LogModuleManager: Shutting down and abandoning module PortalServices (318)
[2017.03.27-22.53.38:534][136]LogModuleManager: Shutting down and abandoning module PortalRpc (316)
[2017.03.27-22.53.38:534][136]LogModuleManager: Shutting down and abandoning module MessagingRpc (314)
[2017.03.27-22.53.38:534][136]LogModuleManager: Shutting down and abandoning module AIModule (312)
[2017.03.27-22.53.38:535][136]LogModuleManager: Shutting down and abandoning module GameplayDebugger (311)
[2017.03.27-22.53.38:535][136]LogModuleManager: Shutting down and abandoning module AITestSuite (309)
[2017.03.27-22.53.38:535][136]LogModuleManager: Shutting down and abandoning module ProfilerService (306)
[2017.03.27-22.53.38:546][136]LogModuleManager: Shutting down and abandoning module TaskGraph (304)
[2017.03.27-22.53.38:546][136]LogModuleManager: Shutting down and abandoning module SteamVRController (302)
[2017.03.27-22.53.38:546][136]LogModuleManager: Shutting down and abandoning module SteamVR (300)
[2017.03.27-22.53.38:546][136]LogModuleManager: Shutting down and abandoning module ProceduralMeshComponentEditor (298)
[2017.03.27-22.53.38:546][136]LogModuleManager: Shutting down and abandoning module ProceduralMeshComponent (296)
[2017.03.27-22.53.38:546][136]LogModuleManager: Shutting down and abandoning module OculusLibrary (294)
[2017.03.27-22.53.38:546][136]LogModuleManager: Shutting down and abandoning module OculusInput (292)
[2017.03.27-22.53.38:546][136]LogModuleManager: Shutting down and abandoning module MobilePatchingUtils (290)
[2017.03.27-22.53.38:546][136]LogModuleManager: Shutting down and abandoning module CustomMeshComponent (288)
[2017.03.27-22.53.38:546][136]LogModuleManager: Shutting down and abandoning module CableComponent (286)
[2017.03.27-22.53.38:547][136]LogModuleManager: Shutting down and abandoning module ArchVisCharacter (284)
[2017.03.27-22.53.38:547][136]LogModuleManager: Shutting down and abandoning module MediaPlayerEditor (280)
[2017.03.27-22.53.38:547][136]LogModuleManager: Shutting down and abandoning module HTML5Networking (278)
[2017.03.27-22.53.38:547][136]LogModuleManager: Shutting down and abandoning module AlembicImporter (276)
[2017.03.27-22.53.38:547][136]LogModuleManager: Shutting down and abandoning module AlembicLibrary (275)
[2017.03.27-22.53.38:547][136]LogModuleManager: Shutting down and abandoning module GeometryCache (274)
[2017.03.27-22.53.38:547][136]LogModuleManager: Shutting down and abandoning module GeometryCacheEd (273)
[2017.03.27-22.53.38:547][136]LogModuleManager: Shutting down and abandoning module SuperSearchEditor (268)
[2017.03.27-22.53.38:547][136]LogModuleManager: Shutting down and abandoning module SuperSearch (267)
[2017.03.27-22.53.38:547][136]LogModuleManager: Shutting down and abandoning module SpeedTreeImporter (264)
[2017.03.27-22.53.38:547][136]LogModuleManager: Shutting down and abandoning module PluginBrowser (262)
[2017.03.27-22.53.38:549][136]LogModuleManager: Shutting down and abandoning module MobileLauncherProfileWizard (260)
[2017.03.27-22.53.38:549][136]LogModuleManager: Shutting down and abandoning module EpicSurvey (258)
[2017.03.27-22.53.38:550][136]LogModuleManager: Shutting down and abandoning module VisualStudioSourceCodeAccess (256)
[2017.03.27-22.53.38:550][136]LogModuleManager: Shutting down and abandoning module DesktopPlatform (255)
[2017.03.27-22.53.38:550][136]LogModuleManager: Shutting down and abandoning module UObjectPlugin (252)
[2017.03.27-22.53.38:550][136]LogModuleManager: Shutting down and abandoning module SubversionSourceControl (250)
[2017.03.27-22.53.38:550][136]LogModuleManager: Shutting down and abandoning module PerforceSourceControl (248)
[2017.03.27-22.53.38:550][136]LogModuleManager: Shutting down and abandoning module GitSourceControl (246)
[2017.03.27-22.53.38:551][136]LogModuleManager: Shutting down and abandoning module SourceControl (245)
[2017.03.27-22.53.38:551][136]LogModuleManager: Shutting down and abandoning module LightPropagationVolumeEditor (242)
[2017.03.27-22.53.38:551][136]LogModuleManager: Shutting down and abandoning module PaperTiledImporter (240)
[2017.03.27-22.53.38:551][136]LogModuleManager: Shutting down and abandoning module PaperSpriteSheetImporter (238)
[2017.03.27-22.53.38:551][136]LogModuleManager: Shutting down and abandoning module Paper2DEditor (236)
[2017.03.27-22.53.38:552][136]LogModuleManager: Shutting down and abandoning module MeshPaint (235)
[2017.03.27-22.53.38:552][136]LogModuleManager: Shutting down and abandoning module LevelEditor (233)
[2017.03.27-22.53.38:556][136]LogModuleManager: Shutting down and abandoning module PixelInspectorModule (232)
[2017.03.27-22.53.38:556][136]LogModuleManager: Shutting down and abandoning module MainFrame (230)
[2017.03.27-22.53.38:556][136]LogModuleManager: Shutting down and abandoning module HotReload (229)
[2017.03.27-22.53.38:557][136]LogModuleManager: Shutting down and abandoning module ContentBrowser (225)
[2017.03.27-22.53.38:560][136]LogModuleManager: Shutting down and abandoning module PhysXVehiclesEditor (222)
[2017.03.27-22.53.38:560][136]LogModuleManager: Shutting down and abandoning module PhysXVehicles (220)
[2017.03.27-22.53.38:560][136]LogModuleManager: Shutting down and abandoning module LocationServicesBPLibrary (218)
[2017.03.27-22.53.38:560][136]LogModuleManager: Shutting down and abandoning module UdpMessaging (216)
[2017.03.27-22.53.38:661][136]LogModuleManager: Shutting down and abandoning module TcpMessaging (214)
[2017.03.27-22.53.38:761][136]LogModuleManager: Shutting down and abandoning module GameplayTagsEditor (212)
[2017.03.27-22.53.38:761][136]LogModuleManager: Shutting down and abandoning module FacialAnimationEditor (210)
[2017.03.27-22.53.38:761][136]LogModuleManager: Shutting down and abandoning module FacialAnimation (208)
[2017.03.27-22.53.38:761][136]LogModuleManager: Shutting down and abandoning module LightPropagationVolumeRuntime (206)
[2017.03.27-22.53.38:761][136]LogModuleManager: Shutting down and abandoning module Paper2D (204)
[2017.03.27-22.53.38:761][136]LogModuleManager: Shutting down and abandoning module WindowsMoviePlayer (202)
[2017.03.27-22.53.38:761][136]LogModuleManager: Shutting down and abandoning module WmfMedia (200)
[2017.03.27-22.53.38:762][136]LogModuleManager: Shutting down and abandoning module MfMedia (198)
[2017.03.27-22.53.38:762][136]LogModuleManager: Shutting down and abandoning module MediaAssets (196)
[2017.03.27-22.53.38:762][136]LogModuleManager: Shutting down and abandoning module GameLiveStreaming (194)
[2017.03.27-22.53.38:762][136]LogModuleManager: Shutting down and abandoning module VREditor (192)
[2017.03.27-22.53.38:762][136]LogModuleManager: Shutting down and abandoning module GameplayTasksEditor (190)
[2017.03.27-22.53.38:762][136]LogModuleManager: Shutting down and abandoning module BehaviorTreeEditor (188)
[2017.03.27-22.53.38:762][136]LogModuleManager: Shutting down and abandoning module FunctionalTesting (186)
[2017.03.27-22.53.38:762][136]LogModuleManager: Shutting down and abandoning module CollisionAnalyzer (184)
[2017.03.27-22.53.38:762][136]LogModuleManager: Shutting down and abandoning module UMG (182)
[2017.03.27-22.53.38:762][136]LogModuleManager: Shutting down and abandoning module UMGEditor (181)
[2017.03.27-22.53.38:762][136]LogModuleManager: Shutting down and abandoning module Sequencer (180)
[2017.03.27-22.53.38:762][136]LogModuleManager: Shutting down and abandoning module AssetTools (178)
[2017.03.27-22.53.38:762][136]LogModuleManager: Shutting down and abandoning module MessageLog (177)
[2017.03.27-22.53.38:762][136]LogModuleManager: Shutting down and abandoning module WorkspaceMenuStructure (176)
[2017.03.27-22.53.38:762][136]LogModuleManager: Shutting down and abandoning module SlateReflector (170)
[2017.03.27-22.53.38:762][136]LogModuleManager: Shutting down and abandoning module Slate (168)
[2017.03.27-22.53.38:762][136]LogModuleManager: Shutting down and abandoning module EditorStyle (166)
[2017.03.27-22.53.38:770][136]LogModuleManager: Shutting down and abandoning module SourceCodeAccess (164)
[2017.03.27-22.53.38:770][136]LogModuleManager: Shutting down and abandoning module HeadMountedDisplay (162)
[2017.03.27-22.53.38:770][136]LogModuleManager: Shutting down and abandoning module XAudio2 (160)
[2017.03.27-22.53.38:770][136]LogModuleManager: Shutting down and abandoning module Networking (158)
[2017.03.27-22.53.38:770][136]LogModuleManager: Shutting down and abandoning module Core (154)
[2017.03.27-22.53.38:770][136]LogModuleManager: Shutting down and abandoning module AssetRegistry (152)
[2017.03.27-22.53.38:923][136]LogDirectoryWatcher: A directory notification for '../../../Engine/Content/' was aborted.
[2017.03.27-22.53.38:924][136]LogDirectoryWatcher: A directory notification for 'C:/Users/tbenj/Desktop/New Tech/VR4/VR4/Content/' was aborted.
[2017.03.27-22.53.38:924][136]LogDirectoryWatcher: A directory notification for '../../../Engine/Plugins/2D/Paper2D/Content/' was aborted.
[2017.03.27-22.53.38:924][136]LogModuleManager: Shutting down and abandoning module DirectoryWatcher (151)
[2017.03.27-22.53.38:928][136]LogModuleManager: Shutting down and abandoning module KismetCompiler (148)
[2017.03.27-22.53.38:928][136]LogModuleManager: Shutting down and abandoning module PhysXFormats (146)
[2017.03.27-22.53.38:928][136]LogModuleManager: Shutting down and abandoning module MeshUtilities (144)
[2017.03.27-22.53.38:928][136]LogModuleManager: Shutting down and abandoning module SimplygonSwarm (143)
[2017.03.27-22.53.38:928][136]LogModuleManager: Shutting down and abandoning module SimplygonMeshReduction (141)
[2017.03.27-22.53.38:928][136]LogModuleManager: Shutting down and abandoning module QuadricMeshReduction (139)
[2017.03.27-22.53.38:928][136]LogModuleManager: Shutting down and abandoning module PropertyEditor (137)
[2017.03.27-22.53.38:928][136]LogModuleManager: Shutting down and abandoning module DerivedDataCache (134)
[2017.03.27-22.53.39:002][136]LogDerivedDataCache: Shutdown
[2017.03.27-22.53.39:002][136]LogModuleManager: Shutting down and abandoning module TargetPlatform (132)
[2017.03.27-22.53.39:002][136]LogModuleManager: Shutting down and abandoning module VulkanShaderFormat (131)
[2017.03.27-22.53.39:002][136]LogModuleManager: Shutting down and abandoning module ShaderFormatOpenGL (129)
[2017.03.27-22.53.39:002][136]LogModuleManager: Shutting down and abandoning module ShaderFormatD3D (127)
[2017.03.27-22.53.39:002][136]LogModuleManager: Shutting down and abandoning module MetalShaderFormat (125)
[2017.03.27-22.53.39:002][136]LogModuleManager: Shutting down and abandoning module TextureFormatUncompressed (123)
[2017.03.27-22.53.39:002][136]LogModuleManager: Shutting down and abandoning module TextureFormatPVR (121)
[2017.03.27-22.53.39:002][136]LogModuleManager: Shutting down and abandoning module TextureFormatDXT (119)
[2017.03.27-22.53.39:002][136]LogModuleManager: Shutting down and abandoning module TextureFormatIntelISPCTexComp (117)
[2017.03.27-22.53.39:003][136]LogModuleManager: Shutting down and abandoning module TextureFormatASTC (115)
[2017.03.27-22.53.39:003][136]LogModuleManager: Shutting down and abandoning module ImageWrapper (114)
[2017.03.27-22.53.39:003][136]LogModuleManager: Shutting down and abandoning module TextureFormatAndroid (111)
[2017.03.27-22.53.39:003][136]LogModuleManager: Shutting down and abandoning module AudioFormatOpus (109)
[2017.03.27-22.53.39:003][136]LogModuleManager: Shutting down and abandoning module AudioFormatOgg (107)
[2017.03.27-22.53.39:003][136]LogModuleManager: Shutting down and abandoning module AudioFormatADPCM (105)
[2017.03.27-22.53.39:003][136]LogModuleManager: Shutting down and abandoning module LinuxTargetPlatform (103)
[2017.03.27-22.53.39:003][136]LogModuleManager: Shutting down and abandoning module LinuxServerTargetPlatform (101)
[2017.03.27-22.53.39:003][136]LogModuleManager: Shutting down and abandoning module LinuxNoEditorTargetPlatform (99)
[2017.03.27-22.53.39:003][136]LogModuleManager: Shutting down and abandoning module LinuxClientTargetPlatform (97)
[2017.03.27-22.53.39:003][136]LogModuleManager: Shutting down and abandoning module TVOSTargetPlatform (95)
[2017.03.27-22.53.39:003][136]LogModuleManager: Shutting down and abandoning module Messaging (93)
[2017.03.27-22.53.39:004][136]LogModuleManager: Shutting down and abandoning module IOSTargetPlatform (91)
[2017.03.27-22.53.39:004][136]LogModuleManager: Shutting down and abandoning module HTML5TargetPlatform (89)
[2017.03.27-22.53.39:004][136]LogModuleManager: Shutting down and abandoning module Android_PVRTCTargetPlatform (87)
[2017.03.27-22.53.39:004][136]LogModuleManager: Shutting down and abandoning module Android_MultiTargetPlatform (85)
[2017.03.27-22.53.39:004][136]LogModuleManager: Shutting down and abandoning module Android_ETC2TargetPlatform (83)
[2017.03.27-22.53.39:004][136]LogModuleManager: Shutting down and abandoning module Android_ETC1TargetPlatform (81)
[2017.03.27-22.53.39:004][136]LogModuleManager: Shutting down and abandoning module Android_DXTTargetPlatform (79)
[2017.03.27-22.53.39:004][136]LogModuleManager: Shutting down and abandoning module Android_ATCTargetPlatform (77)
[2017.03.27-22.53.39:004][136]LogModuleManager: Shutting down and abandoning module Android_ASTCTargetPlatform (75)
[2017.03.27-22.53.39:004][136]LogModuleManager: Shutting down and abandoning module AndroidTargetPlatform (73)
[2017.03.27-22.53.39:004][136]LogModuleManager: Shutting down and abandoning module WindowsTargetPlatform (71)
[2017.03.27-22.53.39:004][136]LogModuleManager: Shutting down and abandoning module WindowsServerTargetPlatform (69)
[2017.03.27-22.53.39:004][136]LogModuleManager: Shutting down and abandoning module WindowsNoEditorTargetPlatform (67)
[2017.03.27-22.53.39:004][136]LogModuleManager: Shutting down and abandoning module WindowsClientTargetPlatform (65)
[2017.03.27-22.53.39:004][136]LogModuleManager: Shutting down and abandoning module MacTargetPlatform (63)
[2017.03.27-22.53.39:004][136]LogModuleManager: Shutting down and abandoning module MacServerTargetPlatform (61)
[2017.03.27-22.53.39:004][136]LogModuleManager: Shutting down and abandoning module MacNoEditorTargetPlatform (59)
[2017.03.27-22.53.39:004][136]LogModuleManager: Shutting down and abandoning module MacClientTargetPlatform (57)
[2017.03.27-22.53.39:004][136]LogModuleManager: Shutting down and abandoning module AllDesktopTargetPlatform (55)
[2017.03.27-22.53.39:004][136]LogModuleManager: Shutting down and abandoning module InputCore (52)
[2017.03.27-22.53.39:004][136]LogModuleManager: Shutting down and abandoning module Settings (50)
[2017.03.27-22.53.39:004][136]LogModuleManager: Shutting down and abandoning module OculusRift (48)
[2017.03.27-22.53.39:004][136]LogModuleManager: Shutting down and abandoning module GearVR (46)
[2017.03.27-22.53.39:004][136]LogModuleManager: Shutting down and abandoning module ExampleDeviceProfileSelector (44)
[2017.03.27-22.53.39:004][136]LogModuleManager: Shutting down and abandoning module OnlineBlueprintSupport (42)
[2017.03.27-22.53.39:004][136]LogModuleManager: Shutting down and abandoning module OnlineSubsystem (38)
[2017.03.27-22.53.39:004][136]LogOnline:Display: Unloading online subsystem: NULL
[2017.03.27-22.53.39:004][136]LogModuleManager: Shutting down and abandoning module XMPP (37)
[2017.03.27-22.53.39:004][136]LogModuleManager: Shutting down and abandoning module HTTP (35)
[2017.03.27-22.53.39:004][136]LogHttp:Display: Http module shutting down, but needs to wait on 1 outstanding Http requests:
[2017.03.27-22.53.39:004][136]LogHttp:Display: 	verb=[POST] url=[https://datarouter.ol.epicgames.com/datarouter/api/v1/public/data?SessionID=%7B38A78B95-4873-CE93-873A-6A9546BCD198%7D&AppID=UEEditor.Rocket.Release&AppVersion=4.15.1-3348071%2B%2B%2BUE4%2BRelease-4.15&UserID=6be3fee147ecd3495d810290fe711cf8%7Cfabbcc6d077b4a4fafdaf28c992e60de%7C55b193c4-d0c6-4a3f-ad8b-4be90fb92179&AppEnvironment=datacollector-binary&UploadType=eteventstream] status=Processing
[2017.03.27-22.53.39:012][136]LogModuleManager: Shutting down and abandoning module SSL (34)
[2017.03.27-22.53.39:018][136]LogModuleManager: Shutting down and abandoning module AudioEditor (30)
[2017.03.27-22.53.39:018][136]LogModuleManager: Shutting down and abandoning module TextureCompressor (28)
[2017.03.27-22.53.39:019][136]LogModuleManager: Shutting down and abandoning module ShaderCore (26)
[2017.03.27-22.53.39:019][136]LogModuleManager: Shutting down and abandoning module Landscape (24)
[2017.03.27-22.53.39:019][136]LogModuleManager: Shutting down and abandoning module SlateRHIRenderer (22)
[2017.03.27-22.53.39:025][136]LogModuleManager: Shutting down and abandoning module OpenGLDrv (20)
[2017.03.27-22.53.39:025][136]LogModuleManager: Shutting down and abandoning module D3D11RHI (18)
[2017.03.27-22.53.39:025][136]LogModuleManager: Shutting down and abandoning module AnimGraphRuntime (16)
[2017.03.27-22.53.39:025][136]LogModuleManager: Shutting down and abandoning module Renderer (14)
[2017.03.27-22.53.39:025][136]LogModuleManager: Shutting down and abandoning module Engine (12)
[2017.03.27-22.53.39:025][136]LogModuleManager: Shutting down and abandoning module CoreUObject (10)
[2017.03.27-22.53.39:025][136]LogModuleManager: Shutting down and abandoning module NetworkFile (8)
[2017.03.27-22.53.39:025][136]LogModuleManager: Shutting down and abandoning module StreamingFile (6)
[2017.03.27-22.53.39:025][136]LogModuleManager: Shutting down and abandoning module SandboxFile (4)
[2017.03.27-22.53.39:025][136]LogModuleManager: Shutting down and abandoning module PakFile (2)
[2017.03.27-22.53.39:027][136]LogExit: Exiting.
[2017.03.27-22.53.39:044][136]Log file closed, 03/28/17 00:53:39
